

Started GET "/" for 127.0.0.1 at 2015-08-19 12:23:21 +0200
Processing by Rails::WelcomeController#index as HTML
  Rendered /usr/lib/ruby/gems/1.9.1/gems/railties-4.0.2/lib/rails/templates/rails/welcome/index.html.erb (15.1ms)
Completed 200 OK in 169ms (Views: 127.9ms | ActiveRecord: 0.0ms)


Started GET "/" for 127.0.0.1 at 2015-08-19 12:29:08 +0200
Processing by WelcomeController#index as HTML
  Rendered welcome/index.html.erb within layouts/application (1.1ms)
Completed 200 OK in 3679ms (Views: 3676.2ms | ActiveRecord: 0.0ms)


Started GET "/assets/application.css?body=1" for 127.0.0.1 at 2015-08-19 12:29:12 +0200


Started GET "/assets/welcome.css?body=1" for 127.0.0.1 at 2015-08-19 12:29:12 +0200


Started GET "/assets/jquery.js?body=1" for 127.0.0.1 at 2015-08-19 12:29:12 +0200


Started GET "/assets/turbolinks.js?body=1" for 127.0.0.1 at 2015-08-19 12:29:12 +0200


Started GET "/assets/application.js?body=1" for 127.0.0.1 at 2015-08-19 12:29:12 +0200


Started GET "/assets/welcome.js?body=1" for 127.0.0.1 at 2015-08-19 12:29:12 +0200


Started GET "/assets/jquery_ujs.js?body=1" for 127.0.0.1 at 2015-08-19 12:29:12 +0200


Started GET "/cats/new" for 127.0.0.1 at 2015-08-19 12:29:24 +0200

ActionController::RoutingError (uninitialized constant CatsController):
  activesupport (4.0.2) lib/active_support/inflector/methods.rb:226:in `const_get'
  activesupport (4.0.2) lib/active_support/inflector/methods.rb:226:in `block in constantize'
  activesupport (4.0.2) lib/active_support/inflector/methods.rb:224:in `each'
  activesupport (4.0.2) lib/active_support/inflector/methods.rb:224:in `inject'
  activesupport (4.0.2) lib/active_support/inflector/methods.rb:224:in `constantize'
  actionpack (4.0.2) lib/action_dispatch/routing/route_set.rb:76:in `controller_reference'
  actionpack (4.0.2) lib/action_dispatch/routing/route_set.rb:66:in `controller'
  actionpack (4.0.2) lib/action_dispatch/routing/route_set.rb:44:in `call'
  actionpack (4.0.2) lib/action_dispatch/journey/router.rb:71:in `block in call'
  actionpack (4.0.2) lib/action_dispatch/journey/router.rb:59:in `each'
  actionpack (4.0.2) lib/action_dispatch/journey/router.rb:59:in `call'
  actionpack (4.0.2) lib/action_dispatch/routing/route_set.rb:680:in `call'
  rack (1.5.5) lib/rack/etag.rb:23:in `call'
  rack (1.5.5) lib/rack/conditionalget.rb:25:in `call'
  rack (1.5.5) lib/rack/head.rb:11:in `call'
  actionpack (4.0.2) lib/action_dispatch/middleware/params_parser.rb:27:in `call'
  actionpack (4.0.2) lib/action_dispatch/middleware/flash.rb:241:in `call'
  rack (1.5.5) lib/rack/session/abstract/id.rb:225:in `context'
  rack (1.5.5) lib/rack/session/abstract/id.rb:220:in `call'
  actionpack (4.0.2) lib/action_dispatch/middleware/cookies.rb:486:in `call'
  activerecord (4.0.2) lib/active_record/query_cache.rb:36:in `call'
  activerecord (4.0.2) lib/active_record/connection_adapters/abstract/connection_pool.rb:626:in `call'
  activerecord (4.0.2) lib/active_record/migration.rb:369:in `call'
  actionpack (4.0.2) lib/action_dispatch/middleware/callbacks.rb:29:in `block in call'
  activesupport (4.0.2) lib/active_support/callbacks.rb:373:in `_run__3754550678233619287__call__callbacks'
  activesupport (4.0.2) lib/active_support/callbacks.rb:80:in `run_callbacks'
  actionpack (4.0.2) lib/action_dispatch/middleware/callbacks.rb:27:in `call'
  actionpack (4.0.2) lib/action_dispatch/middleware/reloader.rb:64:in `call'
  actionpack (4.0.2) lib/action_dispatch/middleware/remote_ip.rb:76:in `call'
  actionpack (4.0.2) lib/action_dispatch/middleware/debug_exceptions.rb:17:in `call'
  actionpack (4.0.2) lib/action_dispatch/middleware/show_exceptions.rb:30:in `call'
  railties (4.0.2) lib/rails/rack/logger.rb:38:in `call_app'
  railties (4.0.2) lib/rails/rack/logger.rb:20:in `block in call'
  activesupport (4.0.2) lib/active_support/tagged_logging.rb:67:in `block in tagged'
  activesupport (4.0.2) lib/active_support/tagged_logging.rb:25:in `tagged'
  activesupport (4.0.2) lib/active_support/tagged_logging.rb:67:in `tagged'
  railties (4.0.2) lib/rails/rack/logger.rb:20:in `call'
  actionpack (4.0.2) lib/action_dispatch/middleware/request_id.rb:21:in `call'
  rack (1.5.5) lib/rack/methodoverride.rb:21:in `call'
  rack (1.5.5) lib/rack/runtime.rb:17:in `call'
  activesupport (4.0.2) lib/active_support/cache/strategy/local_cache.rb:83:in `call'
  rack (1.5.5) lib/rack/lock.rb:17:in `call'
  actionpack (4.0.2) lib/action_dispatch/middleware/static.rb:64:in `call'
  rack (1.5.5) lib/rack/sendfile.rb:112:in `call'
  railties (4.0.2) lib/rails/engine.rb:511:in `call'
  railties (4.0.2) lib/rails/application.rb:97:in `call'
  rack (1.5.5) lib/rack/lock.rb:17:in `call'
  rack (1.5.5) lib/rack/content_length.rb:14:in `call'
  rack (1.5.5) lib/rack/handler/webrick.rb:60:in `service'
  /usr/lib/ruby/1.9.1/webrick/httpserver.rb:138:in `service'
  /usr/lib/ruby/1.9.1/webrick/httpserver.rb:94:in `run'
  /usr/lib/ruby/1.9.1/webrick/server.rb:191:in `block in start_thread'


  Rendered /usr/lib/ruby/gems/1.9.1/gems/actionpack-4.0.2/lib/action_dispatch/middleware/templates/rescues/_trace.erb (3.6ms)
  Rendered /usr/lib/ruby/gems/1.9.1/gems/actionpack-4.0.2/lib/action_dispatch/middleware/templates/routes/_route.html.erb (3.6ms)
  Rendered /usr/lib/ruby/gems/1.9.1/gems/actionpack-4.0.2/lib/action_dispatch/middleware/templates/routes/_table.html.erb (38.2ms)
  Rendered /usr/lib/ruby/gems/1.9.1/gems/actionpack-4.0.2/lib/action_dispatch/middleware/templates/rescues/routing_error.erb within rescues/layout (162.4ms)


Started GET "/cats/new" for 127.0.0.1 at 2015-08-19 12:30:38 +0200

AbstractController::ActionNotFound (The action 'new' could not be found for CatsController):
  actionpack (4.0.2) lib/abstract_controller/base.rb:131:in `process'
  actionpack (4.0.2) lib/abstract_controller/rendering.rb:44:in `process'
  actionpack (4.0.2) lib/action_controller/metal.rb:195:in `dispatch'
  actionpack (4.0.2) lib/action_controller/metal/rack_delegation.rb:13:in `dispatch'
  actionpack (4.0.2) lib/action_controller/metal.rb:231:in `block in action'
  actionpack (4.0.2) lib/action_dispatch/routing/route_set.rb:80:in `call'
  actionpack (4.0.2) lib/action_dispatch/routing/route_set.rb:80:in `dispatch'
  actionpack (4.0.2) lib/action_dispatch/routing/route_set.rb:48:in `call'
  actionpack (4.0.2) lib/action_dispatch/journey/router.rb:71:in `block in call'
  actionpack (4.0.2) lib/action_dispatch/journey/router.rb:59:in `each'
  actionpack (4.0.2) lib/action_dispatch/journey/router.rb:59:in `call'
  actionpack (4.0.2) lib/action_dispatch/routing/route_set.rb:680:in `call'
  rack (1.5.5) lib/rack/etag.rb:23:in `call'
  rack (1.5.5) lib/rack/conditionalget.rb:25:in `call'
  rack (1.5.5) lib/rack/head.rb:11:in `call'
  actionpack (4.0.2) lib/action_dispatch/middleware/params_parser.rb:27:in `call'
  actionpack (4.0.2) lib/action_dispatch/middleware/flash.rb:241:in `call'
  rack (1.5.5) lib/rack/session/abstract/id.rb:225:in `context'
  rack (1.5.5) lib/rack/session/abstract/id.rb:220:in `call'
  actionpack (4.0.2) lib/action_dispatch/middleware/cookies.rb:486:in `call'
  activerecord (4.0.2) lib/active_record/query_cache.rb:36:in `call'
  activerecord (4.0.2) lib/active_record/connection_adapters/abstract/connection_pool.rb:626:in `call'
  activerecord (4.0.2) lib/active_record/migration.rb:369:in `call'
  actionpack (4.0.2) lib/action_dispatch/middleware/callbacks.rb:29:in `block in call'
  activesupport (4.0.2) lib/active_support/callbacks.rb:373:in `_run__3754550678233619287__call__callbacks'
  activesupport (4.0.2) lib/active_support/callbacks.rb:80:in `run_callbacks'
  actionpack (4.0.2) lib/action_dispatch/middleware/callbacks.rb:27:in `call'
  actionpack (4.0.2) lib/action_dispatch/middleware/reloader.rb:64:in `call'
  actionpack (4.0.2) lib/action_dispatch/middleware/remote_ip.rb:76:in `call'
  actionpack (4.0.2) lib/action_dispatch/middleware/debug_exceptions.rb:17:in `call'
  actionpack (4.0.2) lib/action_dispatch/middleware/show_exceptions.rb:30:in `call'
  railties (4.0.2) lib/rails/rack/logger.rb:38:in `call_app'
  railties (4.0.2) lib/rails/rack/logger.rb:20:in `block in call'
  activesupport (4.0.2) lib/active_support/tagged_logging.rb:67:in `block in tagged'
  activesupport (4.0.2) lib/active_support/tagged_logging.rb:25:in `tagged'
  activesupport (4.0.2) lib/active_support/tagged_logging.rb:67:in `tagged'
  railties (4.0.2) lib/rails/rack/logger.rb:20:in `call'
  actionpack (4.0.2) lib/action_dispatch/middleware/request_id.rb:21:in `call'
  rack (1.5.5) lib/rack/methodoverride.rb:21:in `call'
  rack (1.5.5) lib/rack/runtime.rb:17:in `call'
  activesupport (4.0.2) lib/active_support/cache/strategy/local_cache.rb:83:in `call'
  rack (1.5.5) lib/rack/lock.rb:17:in `call'
  actionpack (4.0.2) lib/action_dispatch/middleware/static.rb:64:in `call'
  rack (1.5.5) lib/rack/sendfile.rb:112:in `call'
  railties (4.0.2) lib/rails/engine.rb:511:in `call'
  railties (4.0.2) lib/rails/application.rb:97:in `call'
  rack (1.5.5) lib/rack/lock.rb:17:in `call'
  rack (1.5.5) lib/rack/content_length.rb:14:in `call'
  rack (1.5.5) lib/rack/handler/webrick.rb:60:in `service'
  /usr/lib/ruby/1.9.1/webrick/httpserver.rb:138:in `service'
  /usr/lib/ruby/1.9.1/webrick/httpserver.rb:94:in `run'
  /usr/lib/ruby/1.9.1/webrick/server.rb:191:in `block in start_thread'


  Rendered /usr/lib/ruby/gems/1.9.1/gems/actionpack-4.0.2/lib/action_dispatch/middleware/templates/rescues/unknown_action.erb within rescues/layout (1.3ms)


Started GET "/cats/new" for 127.0.0.1 at 2015-08-19 12:31:11 +0200
Processing by CatsController#new as HTML
Completed 500 Internal Server Error in 6ms

ActionView::MissingTemplate (Missing template cats/new, application/new with {:locale=>[:en], :formats=>[:html], :handlers=>[:erb, :builder, :raw, :ruby, :jbuilder, :coffee]}. Searched in:
  * "/home/rehab/RoR/app/views"
):
  actionpack (4.0.2) lib/action_view/path_set.rb:46:in `find'
  actionpack (4.0.2) lib/action_view/lookup_context.rb:122:in `find'
  actionpack (4.0.2) lib/action_view/renderer/abstract_renderer.rb:18:in `find_template'
  actionpack (4.0.2) lib/action_view/renderer/template_renderer.rb:35:in `determine_template'
  actionpack (4.0.2) lib/action_view/renderer/template_renderer.rb:8:in `render'
  actionpack (4.0.2) lib/action_view/renderer/renderer.rb:42:in `render_template'
  actionpack (4.0.2) lib/action_view/renderer/renderer.rb:23:in `render'
  actionpack (4.0.2) lib/abstract_controller/rendering.rb:127:in `_render_template'
  actionpack (4.0.2) lib/action_controller/metal/streaming.rb:219:in `_render_template'
  actionpack (4.0.2) lib/abstract_controller/rendering.rb:120:in `render_to_body'
  actionpack (4.0.2) lib/action_controller/metal/rendering.rb:33:in `render_to_body'
  actionpack (4.0.2) lib/action_controller/metal/renderers.rb:26:in `render_to_body'
  actionpack (4.0.2) lib/abstract_controller/rendering.rb:97:in `render'
  actionpack (4.0.2) lib/action_controller/metal/rendering.rb:16:in `render'
  actionpack (4.0.2) lib/action_controller/metal/instrumentation.rb:41:in `block (2 levels) in render'
  activesupport (4.0.2) lib/active_support/core_ext/benchmark.rb:12:in `block in ms'
  /usr/lib/ruby/1.9.1/benchmark.rb:295:in `realtime'
  activesupport (4.0.2) lib/active_support/core_ext/benchmark.rb:12:in `ms'
  actionpack (4.0.2) lib/action_controller/metal/instrumentation.rb:41:in `block in render'
  actionpack (4.0.2) lib/action_controller/metal/instrumentation.rb:84:in `cleanup_view_runtime'
  activerecord (4.0.2) lib/active_record/railties/controller_runtime.rb:25:in `cleanup_view_runtime'
  actionpack (4.0.2) lib/action_controller/metal/instrumentation.rb:40:in `render'
  actionpack (4.0.2) lib/action_controller/metal/implicit_render.rb:10:in `default_render'
  actionpack (4.0.2) lib/action_controller/metal/implicit_render.rb:5:in `send_action'
  actionpack (4.0.2) lib/abstract_controller/base.rb:189:in `process_action'
  actionpack (4.0.2) lib/action_controller/metal/rendering.rb:10:in `process_action'
  actionpack (4.0.2) lib/abstract_controller/callbacks.rb:18:in `block in process_action'
  activesupport (4.0.2) lib/active_support/callbacks.rb:403:in `_run__3481664701339660436__process_action__callbacks'
  activesupport (4.0.2) lib/active_support/callbacks.rb:80:in `run_callbacks'
  actionpack (4.0.2) lib/abstract_controller/callbacks.rb:17:in `process_action'
  actionpack (4.0.2) lib/action_controller/metal/rescue.rb:29:in `process_action'
  actionpack (4.0.2) lib/action_controller/metal/instrumentation.rb:31:in `block in process_action'
  activesupport (4.0.2) lib/active_support/notifications.rb:159:in `block in instrument'
  activesupport (4.0.2) lib/active_support/notifications/instrumenter.rb:20:in `instrument'
  activesupport (4.0.2) lib/active_support/notifications.rb:159:in `instrument'
  actionpack (4.0.2) lib/action_controller/metal/instrumentation.rb:30:in `process_action'
  actionpack (4.0.2) lib/action_controller/metal/params_wrapper.rb:245:in `process_action'
  activerecord (4.0.2) lib/active_record/railties/controller_runtime.rb:18:in `process_action'
  actionpack (4.0.2) lib/abstract_controller/base.rb:136:in `process'
  actionpack (4.0.2) lib/abstract_controller/rendering.rb:44:in `process'
  actionpack (4.0.2) lib/action_controller/metal.rb:195:in `dispatch'
  actionpack (4.0.2) lib/action_controller/metal/rack_delegation.rb:13:in `dispatch'
  actionpack (4.0.2) lib/action_controller/metal.rb:231:in `block in action'
  actionpack (4.0.2) lib/action_dispatch/routing/route_set.rb:80:in `call'
  actionpack (4.0.2) lib/action_dispatch/routing/route_set.rb:80:in `dispatch'
  actionpack (4.0.2) lib/action_dispatch/routing/route_set.rb:48:in `call'
  actionpack (4.0.2) lib/action_dispatch/journey/router.rb:71:in `block in call'
  actionpack (4.0.2) lib/action_dispatch/journey/router.rb:59:in `each'
  actionpack (4.0.2) lib/action_dispatch/journey/router.rb:59:in `call'
  actionpack (4.0.2) lib/action_dispatch/routing/route_set.rb:680:in `call'
  rack (1.5.5) lib/rack/etag.rb:23:in `call'
  rack (1.5.5) lib/rack/conditionalget.rb:25:in `call'
  rack (1.5.5) lib/rack/head.rb:11:in `call'
  actionpack (4.0.2) lib/action_dispatch/middleware/params_parser.rb:27:in `call'
  actionpack (4.0.2) lib/action_dispatch/middleware/flash.rb:241:in `call'
  rack (1.5.5) lib/rack/session/abstract/id.rb:225:in `context'
  rack (1.5.5) lib/rack/session/abstract/id.rb:220:in `call'
  actionpack (4.0.2) lib/action_dispatch/middleware/cookies.rb:486:in `call'
  activerecord (4.0.2) lib/active_record/query_cache.rb:36:in `call'
  activerecord (4.0.2) lib/active_record/connection_adapters/abstract/connection_pool.rb:626:in `call'
  activerecord (4.0.2) lib/active_record/migration.rb:369:in `call'
  actionpack (4.0.2) lib/action_dispatch/middleware/callbacks.rb:29:in `block in call'
  activesupport (4.0.2) lib/active_support/callbacks.rb:373:in `_run__3754550678233619287__call__callbacks'
  activesupport (4.0.2) lib/active_support/callbacks.rb:80:in `run_callbacks'
  actionpack (4.0.2) lib/action_dispatch/middleware/callbacks.rb:27:in `call'
  actionpack (4.0.2) lib/action_dispatch/middleware/reloader.rb:64:in `call'
  actionpack (4.0.2) lib/action_dispatch/middleware/remote_ip.rb:76:in `call'
  actionpack (4.0.2) lib/action_dispatch/middleware/debug_exceptions.rb:17:in `call'
  actionpack (4.0.2) lib/action_dispatch/middleware/show_exceptions.rb:30:in `call'
  railties (4.0.2) lib/rails/rack/logger.rb:38:in `call_app'
  railties (4.0.2) lib/rails/rack/logger.rb:20:in `block in call'
  activesupport (4.0.2) lib/active_support/tagged_logging.rb:67:in `block in tagged'
  activesupport (4.0.2) lib/active_support/tagged_logging.rb:25:in `tagged'
  activesupport (4.0.2) lib/active_support/tagged_logging.rb:67:in `tagged'
  railties (4.0.2) lib/rails/rack/logger.rb:20:in `call'
  actionpack (4.0.2) lib/action_dispatch/middleware/request_id.rb:21:in `call'
  rack (1.5.5) lib/rack/methodoverride.rb:21:in `call'
  rack (1.5.5) lib/rack/runtime.rb:17:in `call'
  activesupport (4.0.2) lib/active_support/cache/strategy/local_cache.rb:83:in `call'
  rack (1.5.5) lib/rack/lock.rb:17:in `call'
  actionpack (4.0.2) lib/action_dispatch/middleware/static.rb:64:in `call'
  rack (1.5.5) lib/rack/sendfile.rb:112:in `call'
  railties (4.0.2) lib/rails/engine.rb:511:in `call'
  railties (4.0.2) lib/rails/application.rb:97:in `call'
  rack (1.5.5) lib/rack/lock.rb:17:in `call'
  rack (1.5.5) lib/rack/content_length.rb:14:in `call'
  rack (1.5.5) lib/rack/handler/webrick.rb:60:in `service'
  /usr/lib/ruby/1.9.1/webrick/httpserver.rb:138:in `service'
  /usr/lib/ruby/1.9.1/webrick/httpserver.rb:94:in `run'
  /usr/lib/ruby/1.9.1/webrick/server.rb:191:in `block in start_thread'


  Rendered /usr/lib/ruby/gems/1.9.1/gems/actionpack-4.0.2/lib/action_dispatch/middleware/templates/rescues/missing_template.erb within rescues/layout (1.2ms)


Started GET "/cats/new" for 127.0.0.1 at 2015-08-19 12:32:38 +0200
Processing by CatsController#new as HTML
  Rendered cats/new.html.erb within layouts/application (1.1ms)
Completed 200 OK in 953ms (Views: 950.9ms | ActiveRecord: 0.0ms)


Started GET "/assets/application.css?body=1" for 127.0.0.1 at 2015-08-19 12:32:40 +0200


Started GET "/assets/cats.css?body=1" for 127.0.0.1 at 2015-08-19 12:32:40 +0200


Started GET "/assets/welcome.css?body=1" for 127.0.0.1 at 2015-08-19 12:32:40 +0200


Started GET "/assets/jquery_ujs.js?body=1" for 127.0.0.1 at 2015-08-19 12:32:40 +0200


Started GET "/assets/jquery.js?body=1" for 127.0.0.1 at 2015-08-19 12:32:40 +0200


Started GET "/assets/cats.js?body=1" for 127.0.0.1 at 2015-08-19 12:32:40 +0200


Started GET "/assets/welcome.js?body=1" for 127.0.0.1 at 2015-08-19 12:32:40 +0200


Started GET "/assets/turbolinks.js?body=1" for 127.0.0.1 at 2015-08-19 12:32:40 +0200


Started GET "/assets/application.js?body=1" for 127.0.0.1 at 2015-08-19 12:32:40 +0200


Started GET "/cats/new" for 127.0.0.1 at 2015-08-19 12:33:30 +0200
Processing by CatsController#new as HTML
  Rendered cats/new.html.erb within layouts/application (170.4ms)
Completed 200 OK in 226ms (Views: 223.2ms | ActiveRecord: 0.0ms)


Started GET "/assets/application.css?body=1" for 127.0.0.1 at 2015-08-19 12:33:31 +0200


Started GET "/assets/cats.css?body=1" for 127.0.0.1 at 2015-08-19 12:33:31 +0200


Started GET "/assets/welcome.css?body=1" for 127.0.0.1 at 2015-08-19 12:33:31 +0200


Started GET "/assets/turbolinks.js?body=1" for 127.0.0.1 at 2015-08-19 12:33:31 +0200


Started GET "/assets/jquery.js?body=1" for 127.0.0.1 at 2015-08-19 12:33:31 +0200


Started GET "/assets/jquery_ujs.js?body=1" for 127.0.0.1 at 2015-08-19 12:33:31 +0200


Started GET "/assets/cats.js?body=1" for 127.0.0.1 at 2015-08-19 12:33:31 +0200


Started GET "/assets/welcome.js?body=1" for 127.0.0.1 at 2015-08-19 12:33:31 +0200


Started GET "/assets/application.js?body=1" for 127.0.0.1 at 2015-08-19 12:33:31 +0200


Started GET "/cats/new" for 127.0.0.1 at 2015-08-19 12:34:46 +0200
Processing by CatsController#new as HTML
  Rendered cats/new.html.erb within layouts/application (19.3ms)
Completed 200 OK in 54ms (Views: 49.0ms | ActiveRecord: 0.0ms)


Started GET "/assets/application.css?body=1" for 127.0.0.1 at 2015-08-19 12:34:46 +0200


Started GET "/assets/cats.css?body=1" for 127.0.0.1 at 2015-08-19 12:34:46 +0200


Started GET "/assets/turbolinks.js?body=1" for 127.0.0.1 at 2015-08-19 12:34:46 +0200


Started GET "/assets/jquery_ujs.js?body=1" for 127.0.0.1 at 2015-08-19 12:34:46 +0200


Started GET "/assets/jquery.js?body=1" for 127.0.0.1 at 2015-08-19 12:34:46 +0200


Started GET "/assets/welcome.css?body=1" for 127.0.0.1 at 2015-08-19 12:34:46 +0200


Started GET "/assets/cats.js?body=1" for 127.0.0.1 at 2015-08-19 12:34:46 +0200


Started GET "/assets/welcome.js?body=1" for 127.0.0.1 at 2015-08-19 12:34:46 +0200


Started GET "/assets/application.js?body=1" for 127.0.0.1 at 2015-08-19 12:34:46 +0200


Started GET "/cats/new" for 127.0.0.1 at 2015-08-19 12:35:17 +0200
Processing by CatsController#new as HTML
  Rendered cats/new.html.erb within layouts/application (15.1ms)
Completed 200 OK in 56ms (Views: 50.2ms | ActiveRecord: 0.0ms)


Started GET "/assets/application.css?body=1" for 127.0.0.1 at 2015-08-19 12:35:17 +0200


Started GET "/assets/jquery_ujs.js?body=1" for 127.0.0.1 at 2015-08-19 12:35:17 +0200


Started GET "/assets/turbolinks.js?body=1" for 127.0.0.1 at 2015-08-19 12:35:17 +0200


Started GET "/assets/jquery.js?body=1" for 127.0.0.1 at 2015-08-19 12:35:17 +0200


Started GET "/assets/welcome.css?body=1" for 127.0.0.1 at 2015-08-19 12:35:17 +0200


Started GET "/assets/cats.css?body=1" for 127.0.0.1 at 2015-08-19 12:35:17 +0200


Started GET "/assets/cats.js?body=1" for 127.0.0.1 at 2015-08-19 12:35:17 +0200


Started GET "/assets/welcome.js?body=1" for 127.0.0.1 at 2015-08-19 12:35:17 +0200


Started GET "/assets/application.js?body=1" for 127.0.0.1 at 2015-08-19 12:35:17 +0200


Started GET "/cats/new" for 127.0.0.1 at 2015-08-19 12:36:49 +0200
Processing by CatsController#new as HTML
  Rendered cats/new.html.erb within layouts/application (10.4ms)
Completed 200 OK in 33ms (Views: 26.9ms | ActiveRecord: 0.0ms)


Started GET "/assets/application.css?body=1" for 127.0.0.1 at 2015-08-19 12:36:49 +0200


Started GET "/assets/cats.css?body=1" for 127.0.0.1 at 2015-08-19 12:36:49 +0200


Started GET "/assets/jquery.js?body=1" for 127.0.0.1 at 2015-08-19 12:36:49 +0200


Started GET "/assets/welcome.css?body=1" for 127.0.0.1 at 2015-08-19 12:36:49 +0200


Started GET "/assets/jquery_ujs.js?body=1" for 127.0.0.1 at 2015-08-19 12:36:50 +0200


Started GET "/assets/turbolinks.js?body=1" for 127.0.0.1 at 2015-08-19 12:36:50 +0200


Started GET "/assets/cats.js?body=1" for 127.0.0.1 at 2015-08-19 12:36:50 +0200


Started GET "/assets/welcome.js?body=1" for 127.0.0.1 at 2015-08-19 12:36:50 +0200


Started GET "/assets/application.js?body=1" for 127.0.0.1 at 2015-08-19 12:36:50 +0200


Started POST "/cats" for 127.0.0.1 at 2015-08-19 12:37:16 +0200

AbstractController::ActionNotFound (The action 'create' could not be found for CatsController):
  actionpack (4.0.2) lib/abstract_controller/base.rb:131:in `process'
  actionpack (4.0.2) lib/abstract_controller/rendering.rb:44:in `process'
  actionpack (4.0.2) lib/action_controller/metal.rb:195:in `dispatch'
  actionpack (4.0.2) lib/action_controller/metal/rack_delegation.rb:13:in `dispatch'
  actionpack (4.0.2) lib/action_controller/metal.rb:231:in `block in action'
  actionpack (4.0.2) lib/action_dispatch/routing/route_set.rb:80:in `call'
  actionpack (4.0.2) lib/action_dispatch/routing/route_set.rb:80:in `dispatch'
  actionpack (4.0.2) lib/action_dispatch/routing/route_set.rb:48:in `call'
  actionpack (4.0.2) lib/action_dispatch/journey/router.rb:71:in `block in call'
  actionpack (4.0.2) lib/action_dispatch/journey/router.rb:59:in `each'
  actionpack (4.0.2) lib/action_dispatch/journey/router.rb:59:in `call'
  actionpack (4.0.2) lib/action_dispatch/routing/route_set.rb:680:in `call'
  rack (1.5.5) lib/rack/etag.rb:23:in `call'
  rack (1.5.5) lib/rack/conditionalget.rb:35:in `call'
  rack (1.5.5) lib/rack/head.rb:11:in `call'
  actionpack (4.0.2) lib/action_dispatch/middleware/params_parser.rb:27:in `call'
  actionpack (4.0.2) lib/action_dispatch/middleware/flash.rb:241:in `call'
  rack (1.5.5) lib/rack/session/abstract/id.rb:225:in `context'
  rack (1.5.5) lib/rack/session/abstract/id.rb:220:in `call'
  actionpack (4.0.2) lib/action_dispatch/middleware/cookies.rb:486:in `call'
  activerecord (4.0.2) lib/active_record/query_cache.rb:36:in `call'
  activerecord (4.0.2) lib/active_record/connection_adapters/abstract/connection_pool.rb:626:in `call'
  activerecord (4.0.2) lib/active_record/migration.rb:369:in `call'
  actionpack (4.0.2) lib/action_dispatch/middleware/callbacks.rb:29:in `block in call'
  activesupport (4.0.2) lib/active_support/callbacks.rb:373:in `_run__3754550678233619287__call__callbacks'
  activesupport (4.0.2) lib/active_support/callbacks.rb:80:in `run_callbacks'
  actionpack (4.0.2) lib/action_dispatch/middleware/callbacks.rb:27:in `call'
  actionpack (4.0.2) lib/action_dispatch/middleware/reloader.rb:64:in `call'
  actionpack (4.0.2) lib/action_dispatch/middleware/remote_ip.rb:76:in `call'
  actionpack (4.0.2) lib/action_dispatch/middleware/debug_exceptions.rb:17:in `call'
  actionpack (4.0.2) lib/action_dispatch/middleware/show_exceptions.rb:30:in `call'
  railties (4.0.2) lib/rails/rack/logger.rb:38:in `call_app'
  railties (4.0.2) lib/rails/rack/logger.rb:20:in `block in call'
  activesupport (4.0.2) lib/active_support/tagged_logging.rb:67:in `block in tagged'
  activesupport (4.0.2) lib/active_support/tagged_logging.rb:25:in `tagged'
  activesupport (4.0.2) lib/active_support/tagged_logging.rb:67:in `tagged'
  railties (4.0.2) lib/rails/rack/logger.rb:20:in `call'
  actionpack (4.0.2) lib/action_dispatch/middleware/request_id.rb:21:in `call'
  rack (1.5.5) lib/rack/methodoverride.rb:21:in `call'
  rack (1.5.5) lib/rack/runtime.rb:17:in `call'
  activesupport (4.0.2) lib/active_support/cache/strategy/local_cache.rb:83:in `call'
  rack (1.5.5) lib/rack/lock.rb:17:in `call'
  actionpack (4.0.2) lib/action_dispatch/middleware/static.rb:64:in `call'
  rack (1.5.5) lib/rack/sendfile.rb:112:in `call'
  railties (4.0.2) lib/rails/engine.rb:511:in `call'
  railties (4.0.2) lib/rails/application.rb:97:in `call'
  rack (1.5.5) lib/rack/lock.rb:17:in `call'
  rack (1.5.5) lib/rack/content_length.rb:14:in `call'
  rack (1.5.5) lib/rack/handler/webrick.rb:60:in `service'
  /usr/lib/ruby/1.9.1/webrick/httpserver.rb:138:in `service'
  /usr/lib/ruby/1.9.1/webrick/httpserver.rb:94:in `run'
  /usr/lib/ruby/1.9.1/webrick/server.rb:191:in `block in start_thread'


  Rendered /usr/lib/ruby/gems/1.9.1/gems/actionpack-4.0.2/lib/action_dispatch/middleware/templates/rescues/unknown_action.erb within rescues/layout (1.5ms)


Started GET "/cats" for 127.0.0.1 at 2015-08-19 12:39:20 +0200

AbstractController::ActionNotFound (The action 'index' could not be found for CatsController):
  actionpack (4.0.2) lib/abstract_controller/base.rb:131:in `process'
  actionpack (4.0.2) lib/abstract_controller/rendering.rb:44:in `process'
  actionpack (4.0.2) lib/action_controller/metal.rb:195:in `dispatch'
  actionpack (4.0.2) lib/action_controller/metal/rack_delegation.rb:13:in `dispatch'
  actionpack (4.0.2) lib/action_controller/metal.rb:231:in `block in action'
  actionpack (4.0.2) lib/action_dispatch/routing/route_set.rb:80:in `call'
  actionpack (4.0.2) lib/action_dispatch/routing/route_set.rb:80:in `dispatch'
  actionpack (4.0.2) lib/action_dispatch/routing/route_set.rb:48:in `call'
  actionpack (4.0.2) lib/action_dispatch/journey/router.rb:71:in `block in call'
  actionpack (4.0.2) lib/action_dispatch/journey/router.rb:59:in `each'
  actionpack (4.0.2) lib/action_dispatch/journey/router.rb:59:in `call'
  actionpack (4.0.2) lib/action_dispatch/routing/route_set.rb:680:in `call'
  rack (1.5.5) lib/rack/etag.rb:23:in `call'
  rack (1.5.5) lib/rack/conditionalget.rb:25:in `call'
  rack (1.5.5) lib/rack/head.rb:11:in `call'
  actionpack (4.0.2) lib/action_dispatch/middleware/params_parser.rb:27:in `call'
  actionpack (4.0.2) lib/action_dispatch/middleware/flash.rb:241:in `call'
  rack (1.5.5) lib/rack/session/abstract/id.rb:225:in `context'
  rack (1.5.5) lib/rack/session/abstract/id.rb:220:in `call'
  actionpack (4.0.2) lib/action_dispatch/middleware/cookies.rb:486:in `call'
  activerecord (4.0.2) lib/active_record/query_cache.rb:36:in `call'
  activerecord (4.0.2) lib/active_record/connection_adapters/abstract/connection_pool.rb:626:in `call'
  activerecord (4.0.2) lib/active_record/migration.rb:369:in `call'
  actionpack (4.0.2) lib/action_dispatch/middleware/callbacks.rb:29:in `block in call'
  activesupport (4.0.2) lib/active_support/callbacks.rb:373:in `_run__3754550678233619287__call__callbacks'
  activesupport (4.0.2) lib/active_support/callbacks.rb:80:in `run_callbacks'
  actionpack (4.0.2) lib/action_dispatch/middleware/callbacks.rb:27:in `call'
  actionpack (4.0.2) lib/action_dispatch/middleware/reloader.rb:64:in `call'
  actionpack (4.0.2) lib/action_dispatch/middleware/remote_ip.rb:76:in `call'
  actionpack (4.0.2) lib/action_dispatch/middleware/debug_exceptions.rb:17:in `call'
  actionpack (4.0.2) lib/action_dispatch/middleware/show_exceptions.rb:30:in `call'
  railties (4.0.2) lib/rails/rack/logger.rb:38:in `call_app'
  railties (4.0.2) lib/rails/rack/logger.rb:20:in `block in call'
  activesupport (4.0.2) lib/active_support/tagged_logging.rb:67:in `block in tagged'
  activesupport (4.0.2) lib/active_support/tagged_logging.rb:25:in `tagged'
  activesupport (4.0.2) lib/active_support/tagged_logging.rb:67:in `tagged'
  railties (4.0.2) lib/rails/rack/logger.rb:20:in `call'
  actionpack (4.0.2) lib/action_dispatch/middleware/request_id.rb:21:in `call'
  rack (1.5.5) lib/rack/methodoverride.rb:21:in `call'
  rack (1.5.5) lib/rack/runtime.rb:17:in `call'
  activesupport (4.0.2) lib/active_support/cache/strategy/local_cache.rb:83:in `call'
  rack (1.5.5) lib/rack/lock.rb:17:in `call'
  actionpack (4.0.2) lib/action_dispatch/middleware/static.rb:64:in `call'
  rack (1.5.5) lib/rack/sendfile.rb:112:in `call'
  railties (4.0.2) lib/rails/engine.rb:511:in `call'
  railties (4.0.2) lib/rails/application.rb:97:in `call'
  rack (1.5.5) lib/rack/lock.rb:17:in `call'
  rack (1.5.5) lib/rack/content_length.rb:14:in `call'
  rack (1.5.5) lib/rack/handler/webrick.rb:60:in `service'
  /usr/lib/ruby/1.9.1/webrick/httpserver.rb:138:in `service'
  /usr/lib/ruby/1.9.1/webrick/httpserver.rb:94:in `run'
  /usr/lib/ruby/1.9.1/webrick/server.rb:191:in `block in start_thread'


  Rendered /usr/lib/ruby/gems/1.9.1/gems/actionpack-4.0.2/lib/action_dispatch/middleware/templates/rescues/unknown_action.erb within rescues/layout (1.4ms)


Started GET "/cats/new" for 127.0.0.1 at 2015-08-19 12:39:24 +0200
Processing by CatsController#new as HTML
  Rendered cats/new.html.erb within layouts/application (8.8ms)
Completed 200 OK in 44ms (Views: 40.5ms | ActiveRecord: 0.0ms)


Started GET "/assets/application.css?body=1" for 127.0.0.1 at 2015-08-19 12:39:24 +0200


Started GET "/assets/cats.css?body=1" for 127.0.0.1 at 2015-08-19 12:39:24 +0200


Started GET "/assets/welcome.css?body=1" for 127.0.0.1 at 2015-08-19 12:39:24 +0200


Started GET "/assets/jquery.js?body=1" for 127.0.0.1 at 2015-08-19 12:39:24 +0200


Started GET "/assets/jquery_ujs.js?body=1" for 127.0.0.1 at 2015-08-19 12:39:24 +0200


Started GET "/assets/turbolinks.js?body=1" for 127.0.0.1 at 2015-08-19 12:39:24 +0200


Started GET "/assets/cats.js?body=1" for 127.0.0.1 at 2015-08-19 12:39:24 +0200


Started GET "/assets/welcome.js?body=1" for 127.0.0.1 at 2015-08-19 12:39:24 +0200


Started GET "/assets/application.js?body=1" for 127.0.0.1 at 2015-08-19 12:39:24 +0200


Started POST "/cats" for 127.0.0.1 at 2015-08-19 12:39:32 +0200
Processing by CatsController#create as HTML
  Parameters: {"utf8"=>"âœ“", "authenticity_token"=>"049o8tTGq5wyvPOW8Zp7eKPLlEfE/DMzhFHyOeXEEXs=", "cat"=>{"category"=>"new", "title"=>"one"}, "commit"=>"Save Cat"}
Completed 500 Internal Server Error in 19ms

ActionView::MissingTemplate (Missing template cats/create, application/create with {:locale=>[:en], :formats=>[:html], :handlers=>[:erb, :builder, :raw, :ruby, :jbuilder, :coffee]}. Searched in:
  * "/home/rehab/RoR/app/views"
):
  app/controllers/cats_controller.rb:5:in `create'


  Rendered /usr/lib/ruby/gems/1.9.1/gems/actionpack-4.0.2/lib/action_dispatch/middleware/templates/rescues/missing_template.erb within rescues/layout (1.4ms)


Started GET "/cats/new" for 127.0.0.1 at 2015-08-19 12:40:44 +0200
Processing by CatsController#new as HTML
  Rendered cats/new.html.erb within layouts/application (4.0ms)
Completed 200 OK in 31ms (Views: 26.2ms | ActiveRecord: 0.0ms)


Started GET "/assets/application.css?body=1" for 127.0.0.1 at 2015-08-19 12:40:44 +0200


Started GET "/assets/cats.css?body=1" for 127.0.0.1 at 2015-08-19 12:40:44 +0200


Started GET "/assets/welcome.css?body=1" for 127.0.0.1 at 2015-08-19 12:40:44 +0200


Started GET "/assets/jquery.js?body=1" for 127.0.0.1 at 2015-08-19 12:40:44 +0200


Started GET "/assets/jquery_ujs.js?body=1" for 127.0.0.1 at 2015-08-19 12:40:44 +0200


Started GET "/assets/turbolinks.js?body=1" for 127.0.0.1 at 2015-08-19 12:40:44 +0200


Started GET "/assets/cats.js?body=1" for 127.0.0.1 at 2015-08-19 12:40:44 +0200


Started GET "/assets/welcome.js?body=1" for 127.0.0.1 at 2015-08-19 12:40:44 +0200


Started GET "/assets/application.js?body=1" for 127.0.0.1 at 2015-08-19 12:40:44 +0200


Started POST "/cats" for 127.0.0.1 at 2015-08-19 12:40:56 +0200
Processing by CatsController#create as HTML
  Parameters: {"utf8"=>"âœ“", "authenticity_token"=>"049o8tTGq5wyvPOW8Zp7eKPLlEfE/DMzhFHyOeXEEXs=", "cat"=>{"category"=>"neww", "title"=>"onee"}, "commit"=>"Save Cat"}
Completed 500 Internal Server Error in 5ms

ActionView::MissingTemplate (Missing template cats/create, application/create with {:locale=>[:en], :formats=>[:html], :handlers=>[:erb, :builder, :raw, :ruby, :jbuilder, :coffee]}. Searched in:
  * "/home/rehab/RoR/app/views"
):
  app/controllers/cats_controller.rb:5:in `create'


  Rendered /usr/lib/ruby/gems/1.9.1/gems/actionpack-4.0.2/lib/action_dispatch/middleware/templates/rescues/missing_template.erb within rescues/layout (1.4ms)
  [1m[36m (129.4ms)[0m  [1mCREATE TABLE "schema_migrations" ("version" varchar(255) NOT NULL) [0m
  [1m[35m (121.0ms)[0m  CREATE UNIQUE INDEX "unique_schema_migrations" ON "schema_migrations" ("version")
  [1m[36mActiveRecord::SchemaMigration Load (0.8ms)[0m  [1mSELECT "schema_migrations".* FROM "schema_migrations"[0m
Migrating to CreateArticles (20150819104247)
  [1m[35m (0.4ms)[0m  begin transaction
  [1m[36m (1.1ms)[0m  [1mCREATE TABLE "articles" ("id" INTEGER PRIMARY KEY AUTOINCREMENT NOT NULL, "category" varchar(255), "title" varchar(255), "created_at" datetime, "updated_at" datetime) [0m
  [1m[35mSQL (4.2ms)[0m  INSERT INTO "schema_migrations" ("version") VALUES (?)  [["version", "20150819104247"]]
  [1m[36m (99.2ms)[0m  [1mcommit transaction[0m
Migrating to CreateCats (20150819104316)
  [1m[35m (0.4ms)[0m  begin transaction
  [1m[36m (1.4ms)[0m  [1mCREATE TABLE "cats" ("id" INTEGER PRIMARY KEY AUTOINCREMENT NOT NULL, "category" varchar(255), "title" varchar(255), "created_at" datetime, "updated_at" datetime) [0m
  [1m[35mSQL (0.7ms)[0m  INSERT INTO "schema_migrations" ("version") VALUES (?)  [["version", "20150819104316"]]
  [1m[36m (132.6ms)[0m  [1mcommit transaction[0m
  [1m[35mActiveRecord::SchemaMigration Load (0.4ms)[0m  SELECT "schema_migrations".* FROM "schema_migrations"


Started GET "/cats/new" for 127.0.0.1 at 2015-08-19 12:46:23 +0200
  [1m[36mActiveRecord::SchemaMigration Load (0.6ms)[0m  [1mSELECT "schema_migrations".* FROM "schema_migrations"[0m
Processing by CatsController#new as HTML
  Rendered cats/new.html.erb within layouts/application (4.1ms)
Completed 200 OK in 21ms (Views: 17.4ms | ActiveRecord: 0.0ms)


Started GET "/assets/application.css?body=1" for 127.0.0.1 at 2015-08-19 12:46:23 +0200


Started GET "/assets/cats.css?body=1" for 127.0.0.1 at 2015-08-19 12:46:23 +0200


Started GET "/assets/turbolinks.js?body=1" for 127.0.0.1 at 2015-08-19 12:46:23 +0200


Started GET "/assets/jquery_ujs.js?body=1" for 127.0.0.1 at 2015-08-19 12:46:23 +0200


Started GET "/assets/jquery.js?body=1" for 127.0.0.1 at 2015-08-19 12:46:23 +0200


Started GET "/assets/welcome.css?body=1" for 127.0.0.1 at 2015-08-19 12:46:23 +0200


Started GET "/assets/cats.js?body=1" for 127.0.0.1 at 2015-08-19 12:46:23 +0200


Started GET "/assets/welcome.js?body=1" for 127.0.0.1 at 2015-08-19 12:46:23 +0200


Started GET "/assets/application.js?body=1" for 127.0.0.1 at 2015-08-19 12:46:23 +0200


Started POST "/cats" for 127.0.0.1 at 2015-08-19 12:46:48 +0200
Processing by CatsController#create as HTML
  Parameters: {"utf8"=>"âœ“", "authenticity_token"=>"049o8tTGq5wyvPOW8Zp7eKPLlEfE/DMzhFHyOeXEEXs=", "cat"=>{"category"=>"onemore", "title"=>"anotherone"}, "commit"=>"Save Cat"}
Completed 500 Internal Server Error in 4ms

NameError (uninitialized constant CatsController::Cat):
  app/controllers/cats_controller.rb:5:in `create'


  Rendered /usr/lib/ruby/gems/1.9.1/gems/actionpack-4.0.2/lib/action_dispatch/middleware/templates/rescues/_source.erb (2.5ms)
  Rendered /usr/lib/ruby/gems/1.9.1/gems/actionpack-4.0.2/lib/action_dispatch/middleware/templates/rescues/_trace.erb (3.3ms)
  Rendered /usr/lib/ruby/gems/1.9.1/gems/actionpack-4.0.2/lib/action_dispatch/middleware/templates/rescues/_request_and_response.erb (3.1ms)
  Rendered /usr/lib/ruby/gems/1.9.1/gems/actionpack-4.0.2/lib/action_dispatch/middleware/templates/rescues/diagnostics.erb within rescues/layout (38.8ms)
  [1m[36mActiveRecord::SchemaMigration Load (0.6ms)[0m  [1mSELECT "schema_migrations".* FROM "schema_migrations"[0m
  [1m[35mActiveRecord::SchemaMigration Load (0.5ms)[0m  SELECT "schema_migrations".* FROM "schema_migrations"


Started GET "/cats" for 127.0.0.1 at 2015-08-19 12:51:39 +0200

AbstractController::ActionNotFound (The action 'index' could not be found for CatsController):
  actionpack (4.0.2) lib/abstract_controller/base.rb:131:in `process'
  actionpack (4.0.2) lib/abstract_controller/rendering.rb:44:in `process'
  actionpack (4.0.2) lib/action_controller/metal.rb:195:in `dispatch'
  actionpack (4.0.2) lib/action_controller/metal/rack_delegation.rb:13:in `dispatch'
  actionpack (4.0.2) lib/action_controller/metal.rb:231:in `block in action'
  actionpack (4.0.2) lib/action_dispatch/routing/route_set.rb:80:in `call'
  actionpack (4.0.2) lib/action_dispatch/routing/route_set.rb:80:in `dispatch'
  actionpack (4.0.2) lib/action_dispatch/routing/route_set.rb:48:in `call'
  actionpack (4.0.2) lib/action_dispatch/journey/router.rb:71:in `block in call'
  actionpack (4.0.2) lib/action_dispatch/journey/router.rb:59:in `each'
  actionpack (4.0.2) lib/action_dispatch/journey/router.rb:59:in `call'
  actionpack (4.0.2) lib/action_dispatch/routing/route_set.rb:680:in `call'
  rack (1.5.5) lib/rack/etag.rb:23:in `call'
  rack (1.5.5) lib/rack/conditionalget.rb:25:in `call'
  rack (1.5.5) lib/rack/head.rb:11:in `call'
  actionpack (4.0.2) lib/action_dispatch/middleware/params_parser.rb:27:in `call'
  actionpack (4.0.2) lib/action_dispatch/middleware/flash.rb:241:in `call'
  rack (1.5.5) lib/rack/session/abstract/id.rb:225:in `context'
  rack (1.5.5) lib/rack/session/abstract/id.rb:220:in `call'
  actionpack (4.0.2) lib/action_dispatch/middleware/cookies.rb:486:in `call'
  activerecord (4.0.2) lib/active_record/query_cache.rb:36:in `call'
  activerecord (4.0.2) lib/active_record/connection_adapters/abstract/connection_pool.rb:626:in `call'
  activerecord (4.0.2) lib/active_record/migration.rb:369:in `call'
  actionpack (4.0.2) lib/action_dispatch/middleware/callbacks.rb:29:in `block in call'
  activesupport (4.0.2) lib/active_support/callbacks.rb:373:in `_run__3754550678233619287__call__callbacks'
  activesupport (4.0.2) lib/active_support/callbacks.rb:80:in `run_callbacks'
  actionpack (4.0.2) lib/action_dispatch/middleware/callbacks.rb:27:in `call'
  actionpack (4.0.2) lib/action_dispatch/middleware/reloader.rb:64:in `call'
  actionpack (4.0.2) lib/action_dispatch/middleware/remote_ip.rb:76:in `call'
  actionpack (4.0.2) lib/action_dispatch/middleware/debug_exceptions.rb:17:in `call'
  actionpack (4.0.2) lib/action_dispatch/middleware/show_exceptions.rb:30:in `call'
  railties (4.0.2) lib/rails/rack/logger.rb:38:in `call_app'
  railties (4.0.2) lib/rails/rack/logger.rb:20:in `block in call'
  activesupport (4.0.2) lib/active_support/tagged_logging.rb:67:in `block in tagged'
  activesupport (4.0.2) lib/active_support/tagged_logging.rb:25:in `tagged'
  activesupport (4.0.2) lib/active_support/tagged_logging.rb:67:in `tagged'
  railties (4.0.2) lib/rails/rack/logger.rb:20:in `call'
  actionpack (4.0.2) lib/action_dispatch/middleware/request_id.rb:21:in `call'
  rack (1.5.5) lib/rack/methodoverride.rb:21:in `call'
  rack (1.5.5) lib/rack/runtime.rb:17:in `call'
  activesupport (4.0.2) lib/active_support/cache/strategy/local_cache.rb:83:in `call'
  rack (1.5.5) lib/rack/lock.rb:17:in `call'
  actionpack (4.0.2) lib/action_dispatch/middleware/static.rb:64:in `call'
  rack (1.5.5) lib/rack/sendfile.rb:112:in `call'
  railties (4.0.2) lib/rails/engine.rb:511:in `call'
  railties (4.0.2) lib/rails/application.rb:97:in `call'
  rack (1.5.5) lib/rack/lock.rb:17:in `call'
  rack (1.5.5) lib/rack/content_length.rb:14:in `call'
  rack (1.5.5) lib/rack/handler/webrick.rb:60:in `service'
  /usr/lib/ruby/1.9.1/webrick/httpserver.rb:138:in `service'
  /usr/lib/ruby/1.9.1/webrick/httpserver.rb:94:in `run'
  /usr/lib/ruby/1.9.1/webrick/server.rb:191:in `block in start_thread'


  Rendered /usr/lib/ruby/gems/1.9.1/gems/actionpack-4.0.2/lib/action_dispatch/middleware/templates/rescues/unknown_action.erb within rescues/layout (1.7ms)


Started GET "/cats/new" for 127.0.0.1 at 2015-08-19 12:51:44 +0200
Processing by CatsController#new as HTML
  Rendered cats/new.html.erb within layouts/application (5.1ms)
Completed 200 OK in 39ms (Views: 34.5ms | ActiveRecord: 0.0ms)


Started GET "/assets/application.css?body=1" for 127.0.0.1 at 2015-08-19 12:51:45 +0200


Started GET "/assets/cats.css?body=1" for 127.0.0.1 at 2015-08-19 12:51:45 +0200


Started GET "/assets/turbolinks.js?body=1" for 127.0.0.1 at 2015-08-19 12:51:45 +0200


Started GET "/assets/jquery.js?body=1" for 127.0.0.1 at 2015-08-19 12:51:45 +0200


Started GET "/assets/jquery_ujs.js?body=1" for 127.0.0.1 at 2015-08-19 12:51:45 +0200


Started GET "/assets/welcome.css?body=1" for 127.0.0.1 at 2015-08-19 12:51:45 +0200


Started GET "/assets/cats.js?body=1" for 127.0.0.1 at 2015-08-19 12:51:45 +0200


Started GET "/assets/application.js?body=1" for 127.0.0.1 at 2015-08-19 12:51:45 +0200


Started GET "/assets/welcome.js?body=1" for 127.0.0.1 at 2015-08-19 12:51:45 +0200


Started POST "/cats" for 127.0.0.1 at 2015-08-19 12:51:51 +0200
Processing by CatsController#create as HTML
  Parameters: {"utf8"=>"âœ“", "authenticity_token"=>"049o8tTGq5wyvPOW8Zp7eKPLlEfE/DMzhFHyOeXEEXs=", "cat"=>{"category"=>"onemore", "title"=>"anotherone"}, "commit"=>"Save Cat"}
Completed 500 Internal Server Error in 6ms

NameError (uninitialized constant CatsController::Cat):
  app/controllers/cats_controller.rb:5:in `create'


  Rendered /usr/lib/ruby/gems/1.9.1/gems/actionpack-4.0.2/lib/action_dispatch/middleware/templates/rescues/_source.erb (5.5ms)
  Rendered /usr/lib/ruby/gems/1.9.1/gems/actionpack-4.0.2/lib/action_dispatch/middleware/templates/rescues/_trace.erb (3.3ms)
  Rendered /usr/lib/ruby/gems/1.9.1/gems/actionpack-4.0.2/lib/action_dispatch/middleware/templates/rescues/_request_and_response.erb (3.3ms)
  Rendered /usr/lib/ruby/gems/1.9.1/gems/actionpack-4.0.2/lib/action_dispatch/middleware/templates/rescues/diagnostics.erb within rescues/layout (38.3ms)


Started GET "/cats/new" for 127.0.0.1 at 2015-08-19 12:53:41 +0200
Processing by CatsController#new as HTML
  Rendered cats/new.html.erb within layouts/application (8.3ms)
Completed 200 OK in 37ms (Views: 33.1ms | ActiveRecord: 0.0ms)


Started GET "/assets/application.css?body=1" for 127.0.0.1 at 2015-08-19 12:53:42 +0200


Started GET "/assets/cats.css?body=1" for 127.0.0.1 at 2015-08-19 12:53:42 +0200


Started GET "/assets/welcome.css?body=1" for 127.0.0.1 at 2015-08-19 12:53:42 +0200


Started GET "/assets/jquery.js?body=1" for 127.0.0.1 at 2015-08-19 12:53:42 +0200


Started GET "/assets/turbolinks.js?body=1" for 127.0.0.1 at 2015-08-19 12:53:42 +0200


Started GET "/assets/jquery_ujs.js?body=1" for 127.0.0.1 at 2015-08-19 12:53:42 +0200


Started GET "/assets/cats.js?body=1" for 127.0.0.1 at 2015-08-19 12:53:42 +0200


Started GET "/assets/welcome.js?body=1" for 127.0.0.1 at 2015-08-19 12:53:42 +0200


Started GET "/assets/application.js?body=1" for 127.0.0.1 at 2015-08-19 12:53:42 +0200


Started POST "/cats" for 127.0.0.1 at 2015-08-19 12:53:48 +0200
Processing by CatsController#create as HTML
  Parameters: {"utf8"=>"âœ“", "authenticity_token"=>"049o8tTGq5wyvPOW8Zp7eKPLlEfE/DMzhFHyOeXEEXs=", "cat"=>{"category"=>"onemore", "title"=>"anotherone"}, "commit"=>"Save Cat"}
Completed 500 Internal Server Error in 23ms

NameError (undefined local variable or method `category' for #<CatsController:0x007f0e7c0f0a00>):
  app/controllers/cats_controller.rb:5:in `create'


  Rendered /usr/lib/ruby/gems/1.9.1/gems/actionpack-4.0.2/lib/action_dispatch/middleware/templates/rescues/_source.erb (2.5ms)
  Rendered /usr/lib/ruby/gems/1.9.1/gems/actionpack-4.0.2/lib/action_dispatch/middleware/templates/rescues/_trace.erb (3.2ms)
  Rendered /usr/lib/ruby/gems/1.9.1/gems/actionpack-4.0.2/lib/action_dispatch/middleware/templates/rescues/_request_and_response.erb (3.6ms)
  Rendered /usr/lib/ruby/gems/1.9.1/gems/actionpack-4.0.2/lib/action_dispatch/middleware/templates/rescues/diagnostics.erb within rescues/layout (39.9ms)


Started GET "/cats/new" for 127.0.0.1 at 2015-08-19 12:54:28 +0200
Processing by CatsController#new as HTML
  Rendered cats/new.html.erb within layouts/application (3.9ms)
Completed 200 OK in 22ms (Views: 18.8ms | ActiveRecord: 0.0ms)


Started GET "/assets/application.css?body=1" for 127.0.0.1 at 2015-08-19 12:54:29 +0200


Started GET "/assets/welcome.css?body=1" for 127.0.0.1 at 2015-08-19 12:54:29 +0200


Started GET "/assets/cats.css?body=1" for 127.0.0.1 at 2015-08-19 12:54:29 +0200


Started GET "/assets/jquery.js?body=1" for 127.0.0.1 at 2015-08-19 12:54:29 +0200


Started GET "/assets/jquery_ujs.js?body=1" for 127.0.0.1 at 2015-08-19 12:54:29 +0200


Started GET "/assets/turbolinks.js?body=1" for 127.0.0.1 at 2015-08-19 12:54:29 +0200


Started GET "/assets/cats.js?body=1" for 127.0.0.1 at 2015-08-19 12:54:29 +0200


Started GET "/assets/welcome.js?body=1" for 127.0.0.1 at 2015-08-19 12:54:29 +0200


Started GET "/assets/application.js?body=1" for 127.0.0.1 at 2015-08-19 12:54:29 +0200


Started POST "/cats" for 127.0.0.1 at 2015-08-19 12:54:36 +0200
Processing by CatsController#create as HTML
  Parameters: {"utf8"=>"âœ“", "authenticity_token"=>"049o8tTGq5wyvPOW8Zp7eKPLlEfE/DMzhFHyOeXEEXs=", "cat"=>{"category"=>"onemore", "title"=>"one"}, "commit"=>"Save Cat"}
Completed 500 Internal Server Error in 7ms

NameError (uninitialized constant CatsController::Cat):
  app/controllers/cats_controller.rb:5:in `create'


  Rendered /usr/lib/ruby/gems/1.9.1/gems/actionpack-4.0.2/lib/action_dispatch/middleware/templates/rescues/_source.erb (2.1ms)
  Rendered /usr/lib/ruby/gems/1.9.1/gems/actionpack-4.0.2/lib/action_dispatch/middleware/templates/rescues/_trace.erb (4.8ms)
  Rendered /usr/lib/ruby/gems/1.9.1/gems/actionpack-4.0.2/lib/action_dispatch/middleware/templates/rescues/_request_and_response.erb (3.8ms)
  Rendered /usr/lib/ruby/gems/1.9.1/gems/actionpack-4.0.2/lib/action_dispatch/middleware/templates/rescues/diagnostics.erb within rescues/layout (37.3ms)


Started GET "/cats/new" for 127.0.0.1 at 2015-08-19 12:56:13 +0200
Processing by CatsController#new as HTML
  Rendered cats/new.html.erb within layouts/application (4.0ms)
Completed 200 OK in 23ms (Views: 19.5ms | ActiveRecord: 0.0ms)


Started GET "/assets/application.css?body=1" for 127.0.0.1 at 2015-08-19 12:56:13 +0200


Started GET "/assets/cats.css?body=1" for 127.0.0.1 at 2015-08-19 12:56:13 +0200


Started GET "/assets/welcome.css?body=1" for 127.0.0.1 at 2015-08-19 12:56:13 +0200


Started GET "/assets/jquery_ujs.js?body=1" for 127.0.0.1 at 2015-08-19 12:56:13 +0200


Started GET "/assets/jquery.js?body=1" for 127.0.0.1 at 2015-08-19 12:56:13 +0200


Started GET "/assets/turbolinks.js?body=1" for 127.0.0.1 at 2015-08-19 12:56:13 +0200


Started GET "/assets/cats.js?body=1" for 127.0.0.1 at 2015-08-19 12:56:13 +0200


Started GET "/assets/welcome.js?body=1" for 127.0.0.1 at 2015-08-19 12:56:13 +0200


Started GET "/assets/application.js?body=1" for 127.0.0.1 at 2015-08-19 12:56:13 +0200


Started POST "/cats" for 127.0.0.1 at 2015-08-19 12:56:20 +0200
Processing by CatsController#create as HTML
  Parameters: {"utf8"=>"âœ“", "authenticity_token"=>"049o8tTGq5wyvPOW8Zp7eKPLlEfE/DMzhFHyOeXEEXs=", "cat"=>{"category"=>"onemore", "title"=>"anotherone"}, "commit"=>"Save Cat"}
Completed 500 Internal Server Error in 23ms

ActiveModel::ForbiddenAttributesError (ActiveModel::ForbiddenAttributesError):
  app/controllers/cats_controller.rb:5:in `create'


  Rendered /usr/lib/ruby/gems/1.9.1/gems/actionpack-4.0.2/lib/action_dispatch/middleware/templates/rescues/_source.erb (2.4ms)
  Rendered /usr/lib/ruby/gems/1.9.1/gems/actionpack-4.0.2/lib/action_dispatch/middleware/templates/rescues/_trace.erb (4.2ms)
  Rendered /usr/lib/ruby/gems/1.9.1/gems/actionpack-4.0.2/lib/action_dispatch/middleware/templates/rescues/_request_and_response.erb (3.2ms)
  Rendered /usr/lib/ruby/gems/1.9.1/gems/actionpack-4.0.2/lib/action_dispatch/middleware/templates/rescues/diagnostics.erb within rescues/layout (38.3ms)


Started GET "/cats/new" for 127.0.0.1 at 2015-08-19 13:01:18 +0200
Processing by CatsController#new as HTML
  Rendered cats/new.html.erb within layouts/application (3.9ms)
Completed 200 OK in 22ms (Views: 19.0ms | ActiveRecord: 0.0ms)


Started GET "/assets/application.css?body=1" for 127.0.0.1 at 2015-08-19 13:01:19 +0200


Started GET "/assets/cats.css?body=1" for 127.0.0.1 at 2015-08-19 13:01:19 +0200


Started GET "/assets/jquery.js?body=1" for 127.0.0.1 at 2015-08-19 13:01:19 +0200


Started GET "/assets/welcome.css?body=1" for 127.0.0.1 at 2015-08-19 13:01:19 +0200


Started GET "/assets/jquery_ujs.js?body=1" for 127.0.0.1 at 2015-08-19 13:01:19 +0200


Started GET "/assets/turbolinks.js?body=1" for 127.0.0.1 at 2015-08-19 13:01:19 +0200


Started GET "/assets/cats.js?body=1" for 127.0.0.1 at 2015-08-19 13:01:19 +0200


Started GET "/assets/application.js?body=1" for 127.0.0.1 at 2015-08-19 13:01:19 +0200


Started GET "/assets/welcome.js?body=1" for 127.0.0.1 at 2015-08-19 13:01:19 +0200


Started POST "/cats" for 127.0.0.1 at 2015-08-19 13:01:25 +0200
Processing by CatsController#create as HTML
  Parameters: {"utf8"=>"âœ“", "authenticity_token"=>"049o8tTGq5wyvPOW8Zp7eKPLlEfE/DMzhFHyOeXEEXs=", "cat"=>{"category"=>"onemore", "title"=>"anotherone"}, "commit"=>"Save Cat"}
  [1m[35m (0.3ms)[0m  begin transaction
  [1m[36mSQL (106.3ms)[0m  [1mINSERT INTO "cats" ("category", "created_at", "title", "updated_at") VALUES (?, ?, ?, ?)[0m  [["category", "onemore"], ["created_at", Wed, 19 Aug 2015 11:01:25 UTC +00:00], ["title", "anotherone"], ["updated_at", Wed, 19 Aug 2015 11:01:25 UTC +00:00]]
  [1m[35m (94.5ms)[0m  commit transaction
Redirected to http://localhost:3000/cats/1
Completed 302 Found in 265ms (ActiveRecord: 204.3ms)


Started GET "/cats/1" for 127.0.0.1 at 2015-08-19 13:01:25 +0200

AbstractController::ActionNotFound (The action 'show' could not be found for CatsController):
  actionpack (4.0.2) lib/abstract_controller/base.rb:131:in `process'
  actionpack (4.0.2) lib/abstract_controller/rendering.rb:44:in `process'
  actionpack (4.0.2) lib/action_controller/metal.rb:195:in `dispatch'
  actionpack (4.0.2) lib/action_controller/metal/rack_delegation.rb:13:in `dispatch'
  actionpack (4.0.2) lib/action_controller/metal.rb:231:in `block in action'
  actionpack (4.0.2) lib/action_dispatch/routing/route_set.rb:80:in `call'
  actionpack (4.0.2) lib/action_dispatch/routing/route_set.rb:80:in `dispatch'
  actionpack (4.0.2) lib/action_dispatch/routing/route_set.rb:48:in `call'
  actionpack (4.0.2) lib/action_dispatch/journey/router.rb:71:in `block in call'
  actionpack (4.0.2) lib/action_dispatch/journey/router.rb:59:in `each'
  actionpack (4.0.2) lib/action_dispatch/journey/router.rb:59:in `call'
  actionpack (4.0.2) lib/action_dispatch/routing/route_set.rb:680:in `call'
  rack (1.5.5) lib/rack/etag.rb:23:in `call'
  rack (1.5.5) lib/rack/conditionalget.rb:25:in `call'
  rack (1.5.5) lib/rack/head.rb:11:in `call'
  actionpack (4.0.2) lib/action_dispatch/middleware/params_parser.rb:27:in `call'
  actionpack (4.0.2) lib/action_dispatch/middleware/flash.rb:241:in `call'
  rack (1.5.5) lib/rack/session/abstract/id.rb:225:in `context'
  rack (1.5.5) lib/rack/session/abstract/id.rb:220:in `call'
  actionpack (4.0.2) lib/action_dispatch/middleware/cookies.rb:486:in `call'
  activerecord (4.0.2) lib/active_record/query_cache.rb:36:in `call'
  activerecord (4.0.2) lib/active_record/connection_adapters/abstract/connection_pool.rb:626:in `call'
  activerecord (4.0.2) lib/active_record/migration.rb:369:in `call'
  actionpack (4.0.2) lib/action_dispatch/middleware/callbacks.rb:29:in `block in call'
  activesupport (4.0.2) lib/active_support/callbacks.rb:373:in `_run__3754550678233619287__call__callbacks'
  activesupport (4.0.2) lib/active_support/callbacks.rb:80:in `run_callbacks'
  actionpack (4.0.2) lib/action_dispatch/middleware/callbacks.rb:27:in `call'
  actionpack (4.0.2) lib/action_dispatch/middleware/reloader.rb:64:in `call'
  actionpack (4.0.2) lib/action_dispatch/middleware/remote_ip.rb:76:in `call'
  actionpack (4.0.2) lib/action_dispatch/middleware/debug_exceptions.rb:17:in `call'
  actionpack (4.0.2) lib/action_dispatch/middleware/show_exceptions.rb:30:in `call'
  railties (4.0.2) lib/rails/rack/logger.rb:38:in `call_app'
  railties (4.0.2) lib/rails/rack/logger.rb:20:in `block in call'
  activesupport (4.0.2) lib/active_support/tagged_logging.rb:67:in `block in tagged'
  activesupport (4.0.2) lib/active_support/tagged_logging.rb:25:in `tagged'
  activesupport (4.0.2) lib/active_support/tagged_logging.rb:67:in `tagged'
  railties (4.0.2) lib/rails/rack/logger.rb:20:in `call'
  actionpack (4.0.2) lib/action_dispatch/middleware/request_id.rb:21:in `call'
  rack (1.5.5) lib/rack/methodoverride.rb:21:in `call'
  rack (1.5.5) lib/rack/runtime.rb:17:in `call'
  activesupport (4.0.2) lib/active_support/cache/strategy/local_cache.rb:83:in `call'
  rack (1.5.5) lib/rack/lock.rb:17:in `call'
  actionpack (4.0.2) lib/action_dispatch/middleware/static.rb:64:in `call'
  rack (1.5.5) lib/rack/sendfile.rb:112:in `call'
  railties (4.0.2) lib/rails/engine.rb:511:in `call'
  railties (4.0.2) lib/rails/application.rb:97:in `call'
  rack (1.5.5) lib/rack/lock.rb:17:in `call'
  rack (1.5.5) lib/rack/content_length.rb:14:in `call'
  rack (1.5.5) lib/rack/handler/webrick.rb:60:in `service'
  /usr/lib/ruby/1.9.1/webrick/httpserver.rb:138:in `service'
  /usr/lib/ruby/1.9.1/webrick/httpserver.rb:94:in `run'
  /usr/lib/ruby/1.9.1/webrick/server.rb:191:in `block in start_thread'


  Rendered /usr/lib/ruby/gems/1.9.1/gems/actionpack-4.0.2/lib/action_dispatch/middleware/templates/rescues/unknown_action.erb within rescues/layout (1.3ms)


Started GET "/cats/new" for 127.0.0.1 at 2015-08-19 13:05:04 +0200
Processing by CatsController#new as HTML
  Rendered cats/new.html.erb within layouts/application (3.6ms)
Completed 200 OK in 19ms (Views: 15.9ms | ActiveRecord: 0.0ms)


Started GET "/assets/application.css?body=1" for 127.0.0.1 at 2015-08-19 13:05:04 +0200


Started GET "/assets/cats.css?body=1" for 127.0.0.1 at 2015-08-19 13:05:04 +0200


Started GET "/assets/welcome.css?body=1" for 127.0.0.1 at 2015-08-19 13:05:04 +0200


Started GET "/assets/jquery_ujs.js?body=1" for 127.0.0.1 at 2015-08-19 13:05:04 +0200


Started GET "/assets/jquery.js?body=1" for 127.0.0.1 at 2015-08-19 13:05:04 +0200


Started GET "/assets/turbolinks.js?body=1" for 127.0.0.1 at 2015-08-19 13:05:04 +0200


Started GET "/assets/cats.js?body=1" for 127.0.0.1 at 2015-08-19 13:05:04 +0200


Started GET "/assets/application.js?body=1" for 127.0.0.1 at 2015-08-19 13:05:04 +0200


Started GET "/assets/welcome.js?body=1" for 127.0.0.1 at 2015-08-19 13:05:04 +0200


Started POST "/cats" for 127.0.0.1 at 2015-08-19 13:05:17 +0200
Processing by CatsController#create as HTML
  Parameters: {"utf8"=>"âœ“", "authenticity_token"=>"049o8tTGq5wyvPOW8Zp7eKPLlEfE/DMzhFHyOeXEEXs=", "cat"=>{"category"=>"wow", "title"=>"first"}, "commit"=>"Save Cat"}
  [1m[36m (0.3ms)[0m  [1mbegin transaction[0m
  [1m[35mSQL (1.3ms)[0m  INSERT INTO "cats" ("category", "created_at", "title", "updated_at") VALUES (?, ?, ?, ?)  [["category", "wow"], ["created_at", Wed, 19 Aug 2015 11:05:17 UTC +00:00], ["title", "first"], ["updated_at", Wed, 19 Aug 2015 11:05:17 UTC +00:00]]
  [1m[36m (124.7ms)[0m  [1mcommit transaction[0m
Redirected to http://localhost:3000/cats/2
Completed 302 Found in 168ms (ActiveRecord: 128.2ms)


Started GET "/cats/2" for 127.0.0.1 at 2015-08-19 13:05:18 +0200
Processing by CatsController#show as HTML
  Parameters: {"id"=>"2"}
  Rendered cats/show.html.erb within layouts/application (3.5ms)
Completed 500 Internal Server Error in 10ms

ActionView::Template::Error (undefined method `category' for nil:NilClass):
    1: <p>
    2:   <strong>category:</strong>
    3:   <%= @cat.category %>
    4: </p>
    5:  
    6: <p>
  app/views/cats/show.html.erb:3:in `_app_views_cats_show_html_erb___3634998891681561282_69850364009440'


  Rendered /usr/lib/ruby/gems/1.9.1/gems/actionpack-4.0.2/lib/action_dispatch/middleware/templates/rescues/_trace.erb (3.4ms)
  Rendered /usr/lib/ruby/gems/1.9.1/gems/actionpack-4.0.2/lib/action_dispatch/middleware/templates/rescues/_request_and_response.erb (2.8ms)
  Rendered /usr/lib/ruby/gems/1.9.1/gems/actionpack-4.0.2/lib/action_dispatch/middleware/templates/rescues/template_error.erb within rescues/layout (30.0ms)


Started GET "/cats/new" for 127.0.0.1 at 2015-08-19 13:07:10 +0200
Processing by CatsController#new as HTML
  Rendered cats/new.html.erb within layouts/application (7.4ms)
Completed 200 OK in 27ms (Views: 25.4ms | ActiveRecord: 0.0ms)


Started GET "/assets/application.css?body=1" for 127.0.0.1 at 2015-08-19 13:07:10 +0200


Started GET "/assets/cats.css?body=1" for 127.0.0.1 at 2015-08-19 13:07:10 +0200


Started GET "/assets/turbolinks.js?body=1" for 127.0.0.1 at 2015-08-19 13:07:10 +0200


Started GET "/assets/cats.js?body=1" for 127.0.0.1 at 2015-08-19 13:07:10 +0200


Started GET "/assets/jquery.js?body=1" for 127.0.0.1 at 2015-08-19 13:07:10 +0200


Started GET "/assets/welcome.css?body=1" for 127.0.0.1 at 2015-08-19 13:07:10 +0200


Started GET "/assets/welcome.js?body=1" for 127.0.0.1 at 2015-08-19 13:07:10 +0200


Started GET "/assets/application.js?body=1" for 127.0.0.1 at 2015-08-19 13:07:10 +0200


Started GET "/assets/jquery_ujs.js?body=1" for 127.0.0.1 at 2015-08-19 13:07:10 +0200


Started POST "/cats" for 127.0.0.1 at 2015-08-19 13:07:17 +0200
Processing by CatsController#create as HTML
  Parameters: {"utf8"=>"âœ“", "authenticity_token"=>"049o8tTGq5wyvPOW8Zp7eKPLlEfE/DMzhFHyOeXEEXs=", "cat"=>{"category"=>"neww", "title"=>"anotherone"}, "commit"=>"Save Cat"}
  [1m[35m (0.3ms)[0m  begin transaction
  [1m[36mSQL (4.7ms)[0m  [1mINSERT INTO "cats" ("category", "created_at", "title", "updated_at") VALUES (?, ?, ?, ?)[0m  [["category", "neww"], ["created_at", Wed, 19 Aug 2015 11:07:17 UTC +00:00], ["title", "anotherone"], ["updated_at", Wed, 19 Aug 2015 11:07:17 UTC +00:00]]
  [1m[35m (176.2ms)[0m  commit transaction
Redirected to http://localhost:3000/cats/3
Completed 302 Found in 198ms (ActiveRecord: 181.2ms)


Started GET "/cats/3" for 127.0.0.1 at 2015-08-19 13:07:17 +0200
Processing by CatsController#show as HTML
  Parameters: {"id"=>"3"}
  Rendered cats/show.html.erb within layouts/application (2.8ms)
Completed 500 Internal Server Error in 9ms

ActionView::Template::Error (undefined method `title' for nil:NilClass):
    2:  
    3: <p>
    4:   <strong>title:</strong>
    5:   <%= @cat.title %>
    6: </p>
  app/views/cats/show.html.erb:5:in `_app_views_cats_show_html_erb___3634998891681561282_69850228068340'


  Rendered /usr/lib/ruby/gems/1.9.1/gems/actionpack-4.0.2/lib/action_dispatch/middleware/templates/rescues/_trace.erb (3.7ms)
  Rendered /usr/lib/ruby/gems/1.9.1/gems/actionpack-4.0.2/lib/action_dispatch/middleware/templates/rescues/_request_and_response.erb (2.8ms)
  Rendered /usr/lib/ruby/gems/1.9.1/gems/actionpack-4.0.2/lib/action_dispatch/middleware/templates/rescues/template_error.erb within rescues/layout (98.0ms)


Started GET "/cats/new" for 127.0.0.1 at 2015-08-19 13:10:34 +0200
Processing by CatsController#new as HTML
  Rendered cats/new.html.erb within layouts/application (8.2ms)
Completed 200 OK in 26ms (Views: 22.1ms | ActiveRecord: 0.0ms)


Started GET "/assets/application.css?body=1" for 127.0.0.1 at 2015-08-19 13:10:34 +0200


Started GET "/assets/welcome.css?body=1" for 127.0.0.1 at 2015-08-19 13:10:34 +0200


Started GET "/assets/jquery.js?body=1" for 127.0.0.1 at 2015-08-19 13:10:34 +0200


Started GET "/assets/turbolinks.js?body=1" for 127.0.0.1 at 2015-08-19 13:10:34 +0200


Started GET "/assets/jquery_ujs.js?body=1" for 127.0.0.1 at 2015-08-19 13:10:34 +0200


Started GET "/assets/cats.css?body=1" for 127.0.0.1 at 2015-08-19 13:10:35 +0200


Started GET "/assets/cats.js?body=1" for 127.0.0.1 at 2015-08-19 13:10:35 +0200


Started GET "/assets/welcome.js?body=1" for 127.0.0.1 at 2015-08-19 13:10:35 +0200


Started GET "/assets/application.js?body=1" for 127.0.0.1 at 2015-08-19 13:10:35 +0200


Started POST "/cats" for 127.0.0.1 at 2015-08-19 13:10:42 +0200
Processing by CatsController#create as HTML
  Parameters: {"utf8"=>"âœ“", "authenticity_token"=>"049o8tTGq5wyvPOW8Zp7eKPLlEfE/DMzhFHyOeXEEXs=", "cat"=>{"category"=>"eee", "title"=>"eee"}, "commit"=>"Save Cat"}
  [1m[36m (0.3ms)[0m  [1mbegin transaction[0m
  [1m[35mSQL (1.4ms)[0m  INSERT INTO "cats" ("category", "created_at", "title", "updated_at") VALUES (?, ?, ?, ?)  [["category", "eee"], ["created_at", Wed, 19 Aug 2015 11:10:42 UTC +00:00], ["title", "eee"], ["updated_at", Wed, 19 Aug 2015 11:10:42 UTC +00:00]]
  [1m[36m (160.0ms)[0m  [1mcommit transaction[0m
Redirected to http://localhost:3000/cats/4
Completed 302 Found in 221ms (ActiveRecord: 165.7ms)


Started GET "/cats/4" for 127.0.0.1 at 2015-08-19 13:10:42 +0200
Processing by CatsController#show as HTML
  Parameters: {"id"=>"4"}
  Rendered cats/show.html.erb within layouts/application (1.9ms)
Completed 500 Internal Server Error in 9ms

ActionView::Template::Error (undefined method `title' for nil:NilClass):
    2:  
    3: <p>
    4:   <strong>title:</strong>
    5:   <%= @cat.title %>
    6: </p>
  app/views/cats/show.html.erb:5:in `_app_views_cats_show_html_erb___3634998891681561282_69850228068340'


  Rendered /usr/lib/ruby/gems/1.9.1/gems/actionpack-4.0.2/lib/action_dispatch/middleware/templates/rescues/_trace.erb (3.9ms)
  Rendered /usr/lib/ruby/gems/1.9.1/gems/actionpack-4.0.2/lib/action_dispatch/middleware/templates/rescues/_request_and_response.erb (2.8ms)
  Rendered /usr/lib/ruby/gems/1.9.1/gems/actionpack-4.0.2/lib/action_dispatch/middleware/templates/rescues/template_error.erb within rescues/layout (24.6ms)


Started GET "/cats/new" for 127.0.0.1 at 2015-08-19 13:12:28 +0200
Processing by CatsController#new as HTML
  Rendered cats/new.html.erb within layouts/application (3.7ms)
Completed 200 OK in 22ms (Views: 19.4ms | ActiveRecord: 0.0ms)


Started GET "/assets/application.css?body=1" for 127.0.0.1 at 2015-08-19 13:12:28 +0200


Started GET "/assets/cats.css?body=1" for 127.0.0.1 at 2015-08-19 13:12:28 +0200


Started GET "/assets/welcome.css?body=1" for 127.0.0.1 at 2015-08-19 13:12:28 +0200


Started GET "/assets/jquery_ujs.js?body=1" for 127.0.0.1 at 2015-08-19 13:12:28 +0200


Started GET "/assets/jquery.js?body=1" for 127.0.0.1 at 2015-08-19 13:12:28 +0200


Started GET "/assets/turbolinks.js?body=1" for 127.0.0.1 at 2015-08-19 13:12:28 +0200


Started GET "/assets/cats.js?body=1" for 127.0.0.1 at 2015-08-19 13:12:28 +0200


Started GET "/assets/welcome.js?body=1" for 127.0.0.1 at 2015-08-19 13:12:28 +0200


Started GET "/assets/application.js?body=1" for 127.0.0.1 at 2015-08-19 13:12:28 +0200


Started POST "/cats" for 127.0.0.1 at 2015-08-19 13:12:36 +0200
Processing by CatsController#create as HTML
  Parameters: {"utf8"=>"âœ“", "authenticity_token"=>"049o8tTGq5wyvPOW8Zp7eKPLlEfE/DMzhFHyOeXEEXs=", "cat"=>{"category"=>"onemore", "title"=>"one"}, "commit"=>"Save Cat"}
  [1m[35m (0.5ms)[0m  begin transaction
  [1m[36mSQL (1.6ms)[0m  [1mINSERT INTO "cats" ("category", "created_at", "title", "updated_at") VALUES (?, ?, ?, ?)[0m  [["category", "onemore"], ["created_at", Wed, 19 Aug 2015 11:12:36 UTC +00:00], ["title", "one"], ["updated_at", Wed, 19 Aug 2015 11:12:36 UTC +00:00]]
  [1m[35m (170.7ms)[0m  commit transaction
Redirected to http://localhost:3000/cats/5
Completed 302 Found in 213ms (ActiveRecord: 175.8ms)


Started GET "/cats/5" for 127.0.0.1 at 2015-08-19 13:12:36 +0200
Processing by CatsController#show as HTML
  Parameters: {"id"=>"5"}
  Rendered cats/show.html.erb within layouts/application (3.0ms)
Completed 500 Internal Server Error in 16ms

ActionView::Template::Error (undefined method `category' for nil:NilClass):
    1: <p>
    2:   <strong>category:</strong>
    3:   <%= @cat.category %>
    4: </p>
    5:  
    6: <p>
  app/views/cats/show.html.erb:3:in `_app_views_cats_show_html_erb___3634998891681561282_69850162129080'


  Rendered /usr/lib/ruby/gems/1.9.1/gems/actionpack-4.0.2/lib/action_dispatch/middleware/templates/rescues/_trace.erb (4.3ms)
  Rendered /usr/lib/ruby/gems/1.9.1/gems/actionpack-4.0.2/lib/action_dispatch/middleware/templates/rescues/_request_and_response.erb (78.2ms)
  Rendered /usr/lib/ruby/gems/1.9.1/gems/actionpack-4.0.2/lib/action_dispatch/middleware/templates/rescues/template_error.erb within rescues/layout (100.9ms)


Started GET "/cats/new" for 127.0.0.1 at 2015-08-19 13:16:35 +0200
Processing by CatsController#new as HTML
  Rendered cats/new.html.erb within layouts/application (11.5ms)
Completed 200 OK in 40ms (Views: 36.2ms | ActiveRecord: 0.0ms)


Started GET "/assets/application.css?body=1" for 127.0.0.1 at 2015-08-19 13:16:36 +0200


Started GET "/assets/jquery_ujs.js?body=1" for 127.0.0.1 at 2015-08-19 13:16:36 +0200


Started GET "/assets/cats.css?body=1" for 127.0.0.1 at 2015-08-19 13:16:36 +0200


Started GET "/assets/welcome.css?body=1" for 127.0.0.1 at 2015-08-19 13:16:36 +0200


Started GET "/assets/jquery.js?body=1" for 127.0.0.1 at 2015-08-19 13:16:36 +0200


Started GET "/assets/turbolinks.js?body=1" for 127.0.0.1 at 2015-08-19 13:16:36 +0200


Started GET "/assets/welcome.js?body=1" for 127.0.0.1 at 2015-08-19 13:16:36 +0200


Started GET "/assets/cats.js?body=1" for 127.0.0.1 at 2015-08-19 13:16:36 +0200


Started GET "/assets/application.js?body=1" for 127.0.0.1 at 2015-08-19 13:16:36 +0200


Started POST "/cats" for 127.0.0.1 at 2015-08-19 13:16:54 +0200
Processing by CatsController#create as HTML
  Parameters: {"utf8"=>"âœ“", "authenticity_token"=>"049o8tTGq5wyvPOW8Zp7eKPLlEfE/DMzhFHyOeXEEXs=", "cat"=>{"category"=>"cat1", "title"=>"title1"}, "commit"=>"Save Cat"}
  [1m[36m (1.6ms)[0m  [1mbegin transaction[0m
  [1m[35mSQL (1.3ms)[0m  INSERT INTO "cats" ("category", "created_at", "title", "updated_at") VALUES (?, ?, ?, ?)  [["category", "cat1"], ["created_at", Wed, 19 Aug 2015 11:16:54 UTC +00:00], ["title", "title1"], ["updated_at", Wed, 19 Aug 2015 11:16:54 UTC +00:00]]
  [1m[36m (134.4ms)[0m  [1mcommit transaction[0m
Redirected to http://localhost:3000/cats/6
Completed 302 Found in 184ms (ActiveRecord: 138.9ms)


Started GET "/cats/6" for 127.0.0.1 at 2015-08-19 13:16:54 +0200
Processing by CatsController#show as HTML
  Parameters: {"id"=>"6"}
  Rendered cats/show.html.erb within layouts/application (2.9ms)
Completed 500 Internal Server Error in 14ms

ActionView::Template::Error (undefined method `category' for nil:NilClass):
    1: <p>
    2:   <strong>category:</strong>
    3:   <%= @cats.category %>
    4: </p>
    5:  
    6: <p>
  app/views/cats/show.html.erb:3:in `_app_views_cats_show_html_erb___3634998891681561282_69850362117560'


  Rendered /usr/lib/ruby/gems/1.9.1/gems/actionpack-4.0.2/lib/action_dispatch/middleware/templates/rescues/_trace.erb (3.5ms)
  Rendered /usr/lib/ruby/gems/1.9.1/gems/actionpack-4.0.2/lib/action_dispatch/middleware/templates/rescues/_request_and_response.erb (2.8ms)
  Rendered /usr/lib/ruby/gems/1.9.1/gems/actionpack-4.0.2/lib/action_dispatch/middleware/templates/rescues/template_error.erb within rescues/layout (25.1ms)


Started GET "/cats/" for 127.0.0.1 at 2015-08-19 13:21:17 +0200
Processing by CatsController#index as HTML
  Rendered cats/index.html.erb within layouts/application (3.9ms)
Completed 500 Internal Server Error in 14ms

ActionView::Template::Error (undefined method `each' for nil:NilClass):
     6:     <th>title</th>
     7:   </tr>
     8:  
     9:   <% @cats.each do |cat| %>
    10:     <tr>
    11:       <td><%= cat.category %></td>
    12:       <td><%= cat.title %></td>
  app/views/cats/index.html.erb:9:in `_app_views_cats_index_html_erb___4050951937529889211_69850261517660'


  Rendered /usr/lib/ruby/gems/1.9.1/gems/actionpack-4.0.2/lib/action_dispatch/middleware/templates/rescues/_trace.erb (5.4ms)
  Rendered /usr/lib/ruby/gems/1.9.1/gems/actionpack-4.0.2/lib/action_dispatch/middleware/templates/rescues/_request_and_response.erb (3.3ms)
  Rendered /usr/lib/ruby/gems/1.9.1/gems/actionpack-4.0.2/lib/action_dispatch/middleware/templates/rescues/template_error.erb within rescues/layout (40.0ms)


Started GET "/cats/" for 127.0.0.1 at 2015-08-19 13:37:14 +0200
Processing by CatsController#index as HTML
  Rendered cats/index.html.erb within layouts/application (7.7ms)
Completed 500 Internal Server Error in 24ms

ActionView::Template::Error (undefined method `each' for nil:NilClass):
     6:     <th>title</th>
     7:   </tr>
     8:  
     9:   <% @cat.each do |cat| %>
    10:     <tr>
    11:       <td><%= cat.category %></td>
    12:       <td><%= cat.title %></td>
  app/views/cats/index.html.erb:9:in `_app_views_cats_index_html_erb___4050951937529889211_69850227843360'


  Rendered /usr/lib/ruby/gems/1.9.1/gems/actionpack-4.0.2/lib/action_dispatch/middleware/templates/rescues/_trace.erb (3.4ms)
  Rendered /usr/lib/ruby/gems/1.9.1/gems/actionpack-4.0.2/lib/action_dispatch/middleware/templates/rescues/_request_and_response.erb (2.8ms)
  Rendered /usr/lib/ruby/gems/1.9.1/gems/actionpack-4.0.2/lib/action_dispatch/middleware/templates/rescues/template_error.erb within rescues/layout (24.3ms)


Started GET "/cats/" for 127.0.0.1 at 2015-08-19 13:37:49 +0200
Processing by CatsController#index as HTML
  Rendered cats/index.html.erb within layouts/application (3.9ms)
Completed 500 Internal Server Error in 13ms

ActionView::Template::Error (undefined method `each' for nil:NilClass):
     6:     <th>title</th>
     7:   </tr>
     8:  
     9:   <% @cats.each do |cat| %>
    10:     <tr>
    11:       <td><%= cat.category %></td>
    12:       <td><%= cat.title %></td>
  app/views/cats/index.html.erb:9:in `_app_views_cats_index_html_erb___4050951937529889211_69850093846740'


  Rendered /usr/lib/ruby/gems/1.9.1/gems/actionpack-4.0.2/lib/action_dispatch/middleware/templates/rescues/_trace.erb (4.1ms)
  Rendered /usr/lib/ruby/gems/1.9.1/gems/actionpack-4.0.2/lib/action_dispatch/middleware/templates/rescues/_request_and_response.erb (76.4ms)
  Rendered /usr/lib/ruby/gems/1.9.1/gems/actionpack-4.0.2/lib/action_dispatch/middleware/templates/rescues/template_error.erb within rescues/layout (102.7ms)
  [1m[36m (97.0ms)[0m  [1mCREATE TABLE "articles" ("id" INTEGER PRIMARY KEY AUTOINCREMENT NOT NULL, "category" varchar(255), "title" varchar(255), "created_at" datetime, "updated_at" datetime) [0m
  [1m[35m (96.7ms)[0m  CREATE TABLE "cats" ("id" INTEGER PRIMARY KEY AUTOINCREMENT NOT NULL, "category" varchar(255), "title" varchar(255), "created_at" datetime, "updated_at" datetime) 
  [1m[36m (95.7ms)[0m  [1mCREATE TABLE "schema_migrations" ("version" varchar(255) NOT NULL) [0m
  [1m[35m (143.5ms)[0m  CREATE UNIQUE INDEX "unique_schema_migrations" ON "schema_migrations" ("version")
  [1m[36m (0.6ms)[0m  [1mSELECT version FROM "schema_migrations"[0m
  [1m[35m (98.3ms)[0m  INSERT INTO "schema_migrations" (version) VALUES ('20150819104316')
  [1m[36mActiveRecord::SchemaMigration Load (0.6ms)[0m  [1mSELECT "schema_migrations".* FROM "schema_migrations"[0m


Started GET "/cats/" for 127.0.0.1 at 2015-08-19 13:42:11 +0200
Processing by CatsController#index as HTML
  Rendered cats/index.html.erb within layouts/application (4.2ms)
Completed 500 Internal Server Error in 13ms

ActionView::Template::Error (undefined method `each' for nil:NilClass):
     6:     <th>title</th>
     7:   </tr>
     8:  
     9:   <% @cats.each do |cat| %>
    10:     <tr>
    11:       <td><%= cat.category %></td>
    12:       <td><%= cat.title %></td>
  app/views/cats/index.html.erb:9:in `_app_views_cats_index_html_erb___4050951937529889211_69850093846740'


  Rendered /usr/lib/ruby/gems/1.9.1/gems/actionpack-4.0.2/lib/action_dispatch/middleware/templates/rescues/_trace.erb (7.9ms)
  Rendered /usr/lib/ruby/gems/1.9.1/gems/actionpack-4.0.2/lib/action_dispatch/middleware/templates/rescues/_request_and_response.erb (5.4ms)
  Rendered /usr/lib/ruby/gems/1.9.1/gems/actionpack-4.0.2/lib/action_dispatch/middleware/templates/rescues/template_error.erb within rescues/layout (45.2ms)


Started GET "/cats/" for 127.0.0.1 at 2015-08-19 13:42:14 +0200
Processing by CatsController#index as HTML
  Rendered cats/index.html.erb within layouts/application (1.7ms)
Completed 500 Internal Server Error in 17ms

ActionView::Template::Error (undefined method `each' for nil:NilClass):
     6:     <th>title</th>
     7:   </tr>
     8:  
     9:   <% @cats.each do |cat| %>
    10:     <tr>
    11:       <td><%= cat.category %></td>
    12:       <td><%= cat.title %></td>
  app/views/cats/index.html.erb:9:in `_app_views_cats_index_html_erb___4050951937529889211_69850093846740'


  Rendered /usr/lib/ruby/gems/1.9.1/gems/actionpack-4.0.2/lib/action_dispatch/middleware/templates/rescues/_trace.erb (3.4ms)
  Rendered /usr/lib/ruby/gems/1.9.1/gems/actionpack-4.0.2/lib/action_dispatch/middleware/templates/rescues/_request_and_response.erb (2.7ms)
  Rendered /usr/lib/ruby/gems/1.9.1/gems/actionpack-4.0.2/lib/action_dispatch/middleware/templates/rescues/template_error.erb within rescues/layout (24.8ms)
  [1m[36mActiveRecord::SchemaMigration Load (0.5ms)[0m  [1mSELECT "schema_migrations".* FROM "schema_migrations"[0m
  [1m[35mActiveRecord::SchemaMigration Load (0.5ms)[0m  SELECT "schema_migrations".* FROM "schema_migrations"


Started GET "/cats/" for 127.0.0.1 at 2015-08-19 13:45:42 +0200
Processing by CatsController#index as HTML
  Rendered cats/index.html.erb within layouts/application (2.7ms)
Completed 500 Internal Server Error in 10ms

ActionView::Template::Error (undefined method `each' for nil:NilClass):
     6:     <th>title</th>
     7:   </tr>
     8:  
     9:   <% @cats.each do |cat| %>
    10:     <tr>
    11:       <td><%= cat.category %></td>
    12:       <td><%= cat.title %></td>
  app/views/cats/index.html.erb:9:in `_app_views_cats_index_html_erb___4050951937529889211_69850093846740'


  Rendered /usr/lib/ruby/gems/1.9.1/gems/actionpack-4.0.2/lib/action_dispatch/middleware/templates/rescues/_trace.erb (3.4ms)
  Rendered /usr/lib/ruby/gems/1.9.1/gems/actionpack-4.0.2/lib/action_dispatch/middleware/templates/rescues/_request_and_response.erb (3.3ms)
  Rendered /usr/lib/ruby/gems/1.9.1/gems/actionpack-4.0.2/lib/action_dispatch/middleware/templates/rescues/template_error.erb within rescues/layout (26.0ms)


Started GET "/cats/" for 127.0.0.1 at 2015-08-19 13:46:50 +0200
Processing by CatsController#index as HTML
  Rendered cats/index.html.erb within layouts/application (3.2ms)
Completed 500 Internal Server Error in 11ms

ActionView::Template::Error (undefined method `each' for nil:NilClass):
     6:     <th>title</th>
     7:   </tr>
     8:  
     9:   <% @category.each do |cat| %>
    10:     <tr>
    11:       <td><%= cat.category %></td>
    12:       <td><%= cat.title %></td>
  app/views/cats/index.html.erb:9:in `_app_views_cats_index_html_erb___4050951937529889211_69850160588880'


  Rendered /usr/lib/ruby/gems/1.9.1/gems/actionpack-4.0.2/lib/action_dispatch/middleware/templates/rescues/_trace.erb (3.6ms)
  Rendered /usr/lib/ruby/gems/1.9.1/gems/actionpack-4.0.2/lib/action_dispatch/middleware/templates/rescues/_request_and_response.erb (4.7ms)
  Rendered /usr/lib/ruby/gems/1.9.1/gems/actionpack-4.0.2/lib/action_dispatch/middleware/templates/rescues/template_error.erb within rescues/layout (27.3ms)


Started GET "/cats/new" for 127.0.0.1 at 2015-08-19 13:46:55 +0200
Processing by CatsController#new as HTML
  Rendered cats/new.html.erb within layouts/application (3.6ms)
Completed 200 OK in 24ms (Views: 21.3ms | ActiveRecord: 0.0ms)


Started GET "/assets/application.css?body=1" for 127.0.0.1 at 2015-08-19 13:46:55 +0200


Started GET "/assets/cats.css?body=1" for 127.0.0.1 at 2015-08-19 13:46:55 +0200


Started GET "/assets/turbolinks.js?body=1" for 127.0.0.1 at 2015-08-19 13:46:55 +0200


Started GET "/assets/welcome.css?body=1" for 127.0.0.1 at 2015-08-19 13:46:55 +0200


Started GET "/assets/cats.js?body=1" for 127.0.0.1 at 2015-08-19 13:46:55 +0200


Started GET "/assets/jquery.js?body=1" for 127.0.0.1 at 2015-08-19 13:46:55 +0200


Started GET "/assets/jquery_ujs.js?body=1" for 127.0.0.1 at 2015-08-19 13:46:55 +0200


Started GET "/assets/welcome.js?body=1" for 127.0.0.1 at 2015-08-19 13:46:55 +0200


Started GET "/assets/application.js?body=1" for 127.0.0.1 at 2015-08-19 13:46:55 +0200


Started POST "/cats" for 127.0.0.1 at 2015-08-19 13:47:06 +0200
Processing by CatsController#create as HTML
  Parameters: {"utf8"=>"âœ“", "authenticity_token"=>"049o8tTGq5wyvPOW8Zp7eKPLlEfE/DMzhFHyOeXEEXs=", "cat"=>{"category"=>"ttt", "title"=>"hhh"}, "commit"=>"Save Cat"}
  [1m[35m (0.3ms)[0m  begin transaction
  [1m[36mSQL (1.4ms)[0m  [1mINSERT INTO "cats" ("category", "created_at", "title", "updated_at") VALUES (?, ?, ?, ?)[0m  [["category", "ttt"], ["created_at", Wed, 19 Aug 2015 11:47:06 UTC +00:00], ["title", "hhh"], ["updated_at", Wed, 19 Aug 2015 11:47:06 UTC +00:00]]
  [1m[35m (134.1ms)[0m  commit transaction
Redirected to http://localhost:3000/cats/1
Completed 302 Found in 257ms (ActiveRecord: 137.8ms)


Started GET "/cats/1" for 127.0.0.1 at 2015-08-19 13:47:06 +0200
Processing by CatsController#show as HTML
  Parameters: {"id"=>"1"}
  Rendered cats/show.html.erb within layouts/application (2.9ms)
Completed 500 Internal Server Error in 9ms

ActionView::Template::Error (undefined method `category' for nil:NilClass):
    1: <p>
    2:   <strong>category:</strong>
    3:   <%= @category.category %>
    4: </p>
    5:  
    6: <p>
  app/views/cats/show.html.erb:3:in `_app_views_cats_show_html_erb___3634998891681561282_36069040'


  Rendered /usr/lib/ruby/gems/1.9.1/gems/actionpack-4.0.2/lib/action_dispatch/middleware/templates/rescues/_trace.erb (3.4ms)
  Rendered /usr/lib/ruby/gems/1.9.1/gems/actionpack-4.0.2/lib/action_dispatch/middleware/templates/rescues/_request_and_response.erb (3.2ms)
  Rendered /usr/lib/ruby/gems/1.9.1/gems/actionpack-4.0.2/lib/action_dispatch/middleware/templates/rescues/template_error.erb within rescues/layout (25.9ms)


Started GET "/cats/1" for 127.0.0.1 at 2015-08-19 13:50:00 +0200
Processing by CatsController#show as HTML
  Parameters: {"id"=>"1"}
  Rendered cats/show.html.erb within layouts/application (3.5ms)
Completed 500 Internal Server Error in 12ms

ActionView::Template::Error (undefined method `category' for nil:NilClass):
    1: <p>
    2:   <strong>category:</strong>
    3:   <%= @cats.category %>
    4: </p>
    5:  
    6: <p>
  app/views/cats/show.html.erb:3:in `_app_views_cats_show_html_erb___3634998891681561282_69850368317520'


  Rendered /usr/lib/ruby/gems/1.9.1/gems/actionpack-4.0.2/lib/action_dispatch/middleware/templates/rescues/_trace.erb (3.3ms)
  Rendered /usr/lib/ruby/gems/1.9.1/gems/actionpack-4.0.2/lib/action_dispatch/middleware/templates/rescues/_request_and_response.erb (2.7ms)
  Rendered /usr/lib/ruby/gems/1.9.1/gems/actionpack-4.0.2/lib/action_dispatch/middleware/templates/rescues/template_error.erb within rescues/layout (24.7ms)


Started GET "/cats/" for 127.0.0.1 at 2015-08-19 13:50:07 +0200
Processing by CatsController#index as HTML
  Rendered cats/index.html.erb within layouts/application (8.1ms)
Completed 500 Internal Server Error in 23ms

ActionView::Template::Error (undefined method `each' for nil:NilClass):
     6:     <th>title</th>
     7:   </tr>
     8:  
     9:   <% @cats.each do |cat| %>
    10:     <tr>
    11:       <td><%= cats.category %></td>
    12:       <td><%= cats.title %></td>
  app/views/cats/index.html.erb:9:in `_app_views_cats_index_html_erb___4050951937529889211_69850362399080'


  Rendered /usr/lib/ruby/gems/1.9.1/gems/actionpack-4.0.2/lib/action_dispatch/middleware/templates/rescues/_trace.erb (3.5ms)
  Rendered /usr/lib/ruby/gems/1.9.1/gems/actionpack-4.0.2/lib/action_dispatch/middleware/templates/rescues/_request_and_response.erb (3.3ms)
  Rendered /usr/lib/ruby/gems/1.9.1/gems/actionpack-4.0.2/lib/action_dispatch/middleware/templates/rescues/template_error.erb within rescues/layout (26.6ms)


Started GET "/cats/" for 127.0.0.1 at 2015-08-19 14:21:09 +0200
Processing by CatsController#index as HTML
  Rendered cats/index.html.erb within layouts/application (1.8ms)
Completed 500 Internal Server Error in 10ms

ActionView::Template::Error (undefined method `each' for nil:NilClass):
     6:     <th>title</th>
     7:   </tr>
     8:  
     9:   <% @cats.each do |cat| %>
    10:     <tr>
    11:       <td><%= cats.category %></td>
    12:       <td><%= cats.title %></td>
  app/views/cats/index.html.erb:9:in `_app_views_cats_index_html_erb___4050951937529889211_69850362399080'


  Rendered /usr/lib/ruby/gems/1.9.1/gems/actionpack-4.0.2/lib/action_dispatch/middleware/templates/rescues/_trace.erb (3.6ms)
  Rendered /usr/lib/ruby/gems/1.9.1/gems/actionpack-4.0.2/lib/action_dispatch/middleware/templates/rescues/_request_and_response.erb (3.2ms)
  Rendered /usr/lib/ruby/gems/1.9.1/gems/actionpack-4.0.2/lib/action_dispatch/middleware/templates/rescues/template_error.erb within rescues/layout (25.1ms)


Started GET "/cats/" for 127.0.0.1 at 2015-08-19 14:21:52 +0200
Processing by CatsController#index as HTML
  Rendered cats/index.html.erb within layouts/application (83.4ms)
Completed 500 Internal Server Error in 91ms

ActionView::Template::Error (undefined method `each' for nil:NilClass):
     6:     <th>title</th>
     7:   </tr>
     8:  
     9:   <% @cats.each do |cat| %>
    10:     <tr>
    11:       <td><%= cats.category %></td>
    12:       <td><%= cats.title %></td>
  app/views/cats/index.html.erb:9:in `_app_views_cats_index_html_erb___4050951937529889211_69850362399080'


  Rendered /usr/lib/ruby/gems/1.9.1/gems/actionpack-4.0.2/lib/action_dispatch/middleware/templates/rescues/_trace.erb (3.6ms)
  Rendered /usr/lib/ruby/gems/1.9.1/gems/actionpack-4.0.2/lib/action_dispatch/middleware/templates/rescues/_request_and_response.erb (3.1ms)
  Rendered /usr/lib/ruby/gems/1.9.1/gems/actionpack-4.0.2/lib/action_dispatch/middleware/templates/rescues/template_error.erb within rescues/layout (25.4ms)


Started GET "/cats/" for 127.0.0.1 at 2015-08-19 14:24:32 +0200
Processing by CatsController#index as HTML
Completed 500 Internal Server Error in 5ms

NameError (uninitialized constant CatsController::Cat):
  app/controllers/cats_controller.rb:21:in `index'


  Rendered /usr/lib/ruby/gems/1.9.1/gems/actionpack-4.0.2/lib/action_dispatch/middleware/templates/rescues/_source.erb (2.5ms)
  Rendered /usr/lib/ruby/gems/1.9.1/gems/actionpack-4.0.2/lib/action_dispatch/middleware/templates/rescues/_trace.erb (3.2ms)
  Rendered /usr/lib/ruby/gems/1.9.1/gems/actionpack-4.0.2/lib/action_dispatch/middleware/templates/rescues/_request_and_response.erb (2.7ms)
  Rendered /usr/lib/ruby/gems/1.9.1/gems/actionpack-4.0.2/lib/action_dispatch/middleware/templates/rescues/diagnostics.erb within rescues/layout (33.7ms)


Started GET "/cats/" for 127.0.0.1 at 2015-08-19 14:24:50 +0200
Processing by CatsController#index as HTML
  [1m[36mCats Load (1.0ms)[0m  [1mSELECT "cats".* FROM "cats"[0m
  Rendered cats/index.html.erb within layouts/application (41.4ms)
Completed 500 Internal Server Error in 53ms

ActionView::Template::Error (undefined local variable or method `cats' for #<#<Class:0x007f0e9cbafbb0>:0x007f0e9cbaeeb8>):
     8:  
     9:   <% @cats.each do |cat| %>
    10:     <tr>
    11:       <td><%= cats.category %></td>
    12:       <td><%= cats.title %></td>
    13:     </tr>
    14:   <% end %>
  app/views/cats/index.html.erb:11:in `block in _app_views_cats_index_html_erb___4050951937529889211_69850362399080'
  app/views/cats/index.html.erb:9:in `_app_views_cats_index_html_erb___4050951937529889211_69850362399080'


  Rendered /usr/lib/ruby/gems/1.9.1/gems/actionpack-4.0.2/lib/action_dispatch/middleware/templates/rescues/_trace.erb (3.4ms)
  Rendered /usr/lib/ruby/gems/1.9.1/gems/actionpack-4.0.2/lib/action_dispatch/middleware/templates/rescues/_request_and_response.erb (2.7ms)
  Rendered /usr/lib/ruby/gems/1.9.1/gems/actionpack-4.0.2/lib/action_dispatch/middleware/templates/rescues/template_error.erb within rescues/layout (23.9ms)


Started GET "/cats/" for 127.0.0.1 at 2015-08-19 14:25:40 +0200
Processing by CatsController#index as HTML
  [1m[35mCats Load (0.6ms)[0m  SELECT "cats".* FROM "cats"
  Rendered cats/index.html.erb within layouts/application (8.0ms)
Completed 200 OK in 25ms (Views: 22.4ms | ActiveRecord: 0.6ms)


Started GET "/assets/application.css?body=1" for 127.0.0.1 at 2015-08-19 14:25:40 +0200


Started GET "/assets/cats.css?body=1" for 127.0.0.1 at 2015-08-19 14:25:40 +0200


Started GET "/assets/welcome.css?body=1" for 127.0.0.1 at 2015-08-19 14:25:40 +0200


Started GET "/assets/jquery.js?body=1" for 127.0.0.1 at 2015-08-19 14:25:41 +0200


Started GET "/assets/jquery_ujs.js?body=1" for 127.0.0.1 at 2015-08-19 14:25:41 +0200


Started GET "/assets/turbolinks.js?body=1" for 127.0.0.1 at 2015-08-19 14:25:41 +0200


Started GET "/assets/welcome.js?body=1" for 127.0.0.1 at 2015-08-19 14:25:41 +0200


Started GET "/assets/cats.js?body=1" for 127.0.0.1 at 2015-08-19 14:25:41 +0200


Started GET "/assets/application.js?body=1" for 127.0.0.1 at 2015-08-19 14:25:41 +0200


Started GET "/cats/new" for 127.0.0.1 at 2015-08-19 14:25:46 +0200
Processing by CatsController#new as HTML
  Rendered cats/new.html.erb within layouts/application (11.8ms)
Completed 200 OK in 24ms (Views: 22.5ms | ActiveRecord: 0.0ms)


Started GET "/assets/application.css?body=1" for 127.0.0.1 at 2015-08-19 14:25:46 +0200


Started GET "/assets/cats.css?body=1" for 127.0.0.1 at 2015-08-19 14:25:46 +0200


Started GET "/assets/welcome.css?body=1" for 127.0.0.1 at 2015-08-19 14:25:46 +0200


Started GET "/assets/jquery_ujs.js?body=1" for 127.0.0.1 at 2015-08-19 14:25:46 +0200


Started GET "/assets/jquery.js?body=1" for 127.0.0.1 at 2015-08-19 14:25:46 +0200


Started GET "/assets/turbolinks.js?body=1" for 127.0.0.1 at 2015-08-19 14:25:46 +0200


Started GET "/assets/cats.js?body=1" for 127.0.0.1 at 2015-08-19 14:25:46 +0200


Started GET "/assets/welcome.js?body=1" for 127.0.0.1 at 2015-08-19 14:25:46 +0200


Started GET "/assets/application.js?body=1" for 127.0.0.1 at 2015-08-19 14:25:47 +0200


Started POST "/cats" for 127.0.0.1 at 2015-08-19 14:25:56 +0200
Processing by CatsController#create as HTML
  Parameters: {"utf8"=>"âœ“", "authenticity_token"=>"049o8tTGq5wyvPOW8Zp7eKPLlEfE/DMzhFHyOeXEEXs=", "cat"=>{"category"=>"new", "title"=>"one"}, "commit"=>"Save Cat"}
  [1m[36m (0.3ms)[0m  [1mbegin transaction[0m
  [1m[35mSQL (1.4ms)[0m  INSERT INTO "cats" ("category", "created_at", "title", "updated_at") VALUES (?, ?, ?, ?)  [["category", "new"], ["created_at", Wed, 19 Aug 2015 12:25:56 UTC +00:00], ["title", "one"], ["updated_at", Wed, 19 Aug 2015 12:25:56 UTC +00:00]]
  [1m[36m (148.2ms)[0m  [1mcommit transaction[0m
Redirected to http://localhost:3000/cats/2
Completed 302 Found in 181ms (ActiveRecord: 149.9ms)


Started GET "/cats/2" for 127.0.0.1 at 2015-08-19 14:25:56 +0200
Processing by CatsController#show as HTML
  Parameters: {"id"=>"2"}
Completed 500 Internal Server Error in 4ms

NameError (uninitialized constant CatsController::Cat):
  app/controllers/cats_controller.rb:17:in `show'


  Rendered /usr/lib/ruby/gems/1.9.1/gems/actionpack-4.0.2/lib/action_dispatch/middleware/templates/rescues/_source.erb (2.9ms)
  Rendered /usr/lib/ruby/gems/1.9.1/gems/actionpack-4.0.2/lib/action_dispatch/middleware/templates/rescues/_trace.erb (3.2ms)
  Rendered /usr/lib/ruby/gems/1.9.1/gems/actionpack-4.0.2/lib/action_dispatch/middleware/templates/rescues/_request_and_response.erb (3.3ms)
  Rendered /usr/lib/ruby/gems/1.9.1/gems/actionpack-4.0.2/lib/action_dispatch/middleware/templates/rescues/diagnostics.erb within rescues/layout (34.7ms)


Started GET "/cats/2" for 127.0.0.1 at 2015-08-19 14:26:24 +0200
Processing by CatsController#show as HTML
  Parameters: {"id"=>"2"}
  [1m[35mCats Load (0.7ms)[0m  SELECT "cats".* FROM "cats" WHERE "cats"."id" = ? LIMIT 1  [["id", "2"]]
  Rendered cats/show.html.erb within layouts/application (4.0ms)
Completed 500 Internal Server Error in 39ms

ActionView::Template::Error (undefined method `category' for nil:NilClass):
    1: <p>
    2:   <strong>category:</strong>
    3:   <%= @cat.category %>
    4: </p>
    5:  
    6: <p>
  app/views/cats/show.html.erb:3:in `_app_views_cats_show_html_erb___3634998891681561282_69850361833380'


  Rendered /usr/lib/ruby/gems/1.9.1/gems/actionpack-4.0.2/lib/action_dispatch/middleware/templates/rescues/_trace.erb (3.6ms)
  Rendered /usr/lib/ruby/gems/1.9.1/gems/actionpack-4.0.2/lib/action_dispatch/middleware/templates/rescues/_request_and_response.erb (2.8ms)
  Rendered /usr/lib/ruby/gems/1.9.1/gems/actionpack-4.0.2/lib/action_dispatch/middleware/templates/rescues/template_error.erb within rescues/layout (24.9ms)


Started GET "/cats/2" for 127.0.0.1 at 2015-08-19 14:27:04 +0200
Processing by CatsController#show as HTML
  Parameters: {"id"=>"2"}
  [1m[36mCats Load (0.4ms)[0m  [1mSELECT "cats".* FROM "cats" WHERE "cats"."id" = ? LIMIT 1[0m  [["id", "2"]]
  Rendered cats/show.html.erb within layouts/application (1.6ms)
Completed 500 Internal Server Error in 16ms

ActionView::Template::Error (undefined method `category' for nil:NilClass):
    1: <p>
    2:   <strong>category:</strong>
    3:   <%= @cat.category %>
    4: </p>
    5:  
    6: <p>
  app/views/cats/show.html.erb:3:in `_app_views_cats_show_html_erb___3634998891681561282_69850361833380'


  Rendered /usr/lib/ruby/gems/1.9.1/gems/actionpack-4.0.2/lib/action_dispatch/middleware/templates/rescues/_trace.erb (3.8ms)
  Rendered /usr/lib/ruby/gems/1.9.1/gems/actionpack-4.0.2/lib/action_dispatch/middleware/templates/rescues/_request_and_response.erb (3.4ms)
  Rendered /usr/lib/ruby/gems/1.9.1/gems/actionpack-4.0.2/lib/action_dispatch/middleware/templates/rescues/template_error.erb within rescues/layout (25.8ms)


Started GET "/cats/2" for 127.0.0.1 at 2015-08-19 14:27:26 +0200
Processing by CatsController#show as HTML
  Parameters: {"id"=>"2"}
  [1m[35mCats Load (0.4ms)[0m  SELECT "cats".* FROM "cats" WHERE "cats"."id" = ? LIMIT 1  [["id", "2"]]
  Rendered cats/show.html.erb within layouts/application (2.8ms)
Completed 500 Internal Server Error in 46ms

ActionView::Template::Error (undefined method `cat' for nil:NilClass):
    1: <p>
    2:   <strong>category:</strong>
    3:   <%= @cat.cat %>
    4: </p>
    5:  
    6: <p>
  app/views/cats/show.html.erb:3:in `_app_views_cats_show_html_erb___3634998891681561282_69850227977020'


  Rendered /usr/lib/ruby/gems/1.9.1/gems/actionpack-4.0.2/lib/action_dispatch/middleware/templates/rescues/_trace.erb (3.4ms)
  Rendered /usr/lib/ruby/gems/1.9.1/gems/actionpack-4.0.2/lib/action_dispatch/middleware/templates/rescues/_request_and_response.erb (2.8ms)
  Rendered /usr/lib/ruby/gems/1.9.1/gems/actionpack-4.0.2/lib/action_dispatch/middleware/templates/rescues/template_error.erb within rescues/layout (24.5ms)


Started GET "/cats/2" for 127.0.0.1 at 2015-08-19 14:27:37 +0200
Processing by CatsController#show as HTML
  Parameters: {"id"=>"2"}
  [1m[36mCats Load (0.4ms)[0m  [1mSELECT "cats".* FROM "cats" WHERE "cats"."id" = ? LIMIT 1[0m  [["id", "2"]]
  Rendered cats/show.html.erb within layouts/application (13.8ms)
Completed 500 Internal Server Error in 30ms

ActionView::Template::Error (undefined method `cats' for nil:NilClass):
    1: <p>
    2:   <strong>category:</strong>
    3:   <%= @cat.cats %>
    4: </p>
    5:  
    6: <p>
  app/views/cats/show.html.erb:3:in `_app_views_cats_show_html_erb___3634998891681561282_69850161915080'


  Rendered /usr/lib/ruby/gems/1.9.1/gems/actionpack-4.0.2/lib/action_dispatch/middleware/templates/rescues/_trace.erb (3.8ms)
  Rendered /usr/lib/ruby/gems/1.9.1/gems/actionpack-4.0.2/lib/action_dispatch/middleware/templates/rescues/_request_and_response.erb (3.1ms)
  Rendered /usr/lib/ruby/gems/1.9.1/gems/actionpack-4.0.2/lib/action_dispatch/middleware/templates/rescues/template_error.erb within rescues/layout (31.4ms)


Started GET "/cats/2" for 127.0.0.1 at 2015-08-19 14:27:50 +0200
Processing by CatsController#show as HTML
  Parameters: {"id"=>"2"}
  [1m[35mCats Load (2.5ms)[0m  SELECT "cats".* FROM "cats" WHERE "cats"."id" = ? LIMIT 1  [["id", "2"]]
  Rendered cats/show.html.erb within layouts/application (3.4ms)
Completed 500 Internal Server Error in 20ms

ActionView::Template::Error (undefined method `category' for nil:NilClass):
    1: <p>
    2:   <strong>category:</strong>
    3:   <%= @cat.category %>
    4: </p>
    5:  
    6: <p>
  app/views/cats/show.html.erb:3:in `_app_views_cats_show_html_erb___3634998891681561282_69850230789840'


  Rendered /usr/lib/ruby/gems/1.9.1/gems/actionpack-4.0.2/lib/action_dispatch/middleware/templates/rescues/_trace.erb (3.6ms)
  Rendered /usr/lib/ruby/gems/1.9.1/gems/actionpack-4.0.2/lib/action_dispatch/middleware/templates/rescues/_request_and_response.erb (2.9ms)
  Rendered /usr/lib/ruby/gems/1.9.1/gems/actionpack-4.0.2/lib/action_dispatch/middleware/templates/rescues/template_error.erb within rescues/layout (24.6ms)


Started GET "/cats/2" for 127.0.0.1 at 2015-08-19 14:28:05 +0200
Processing by CatsController#show as HTML
  Parameters: {"id"=>"2"}
  [1m[36mCats Load (0.5ms)[0m  [1mSELECT "cats".* FROM "cats" WHERE "cats"."id" = ? LIMIT 1[0m  [["id", "2"]]
  Rendered cats/show.html.erb within layouts/application (3.3ms)
Completed 500 Internal Server Error in 26ms

ActionView::Template::Error (undefined method `title' for nil:NilClass):
    5:  
    6: <p>
    7:   <strong>title:</strong>
    8:   <%= @cat.title %>
    9: </p>
  app/views/cats/show.html.erb:8:in `_app_views_cats_show_html_erb___3634998891681561282_69850366129520'


  Rendered /usr/lib/ruby/gems/1.9.1/gems/actionpack-4.0.2/lib/action_dispatch/middleware/templates/rescues/_trace.erb (3.6ms)
  Rendered /usr/lib/ruby/gems/1.9.1/gems/actionpack-4.0.2/lib/action_dispatch/middleware/templates/rescues/_request_and_response.erb (4.8ms)
  Rendered /usr/lib/ruby/gems/1.9.1/gems/actionpack-4.0.2/lib/action_dispatch/middleware/templates/rescues/template_error.erb within rescues/layout (30.9ms)


Started GET "/cats/2" for 127.0.0.1 at 2015-08-19 14:28:18 +0200
Processing by CatsController#show as HTML
  Parameters: {"id"=>"2"}
  [1m[35mCats Load (0.7ms)[0m  SELECT "cats".* FROM "cats" WHERE "cats"."id" = ? LIMIT 1  [["id", "2"]]
  Rendered cats/show.html.erb within layouts/application (1.5ms)
Completed 200 OK in 35ms (Views: 20.6ms | ActiveRecord: 0.7ms)


Started GET "/assets/application.css?body=1" for 127.0.0.1 at 2015-08-19 14:28:18 +0200


Started GET "/assets/cats.css?body=1" for 127.0.0.1 at 2015-08-19 14:28:18 +0200


Started GET "/assets/welcome.css?body=1" for 127.0.0.1 at 2015-08-19 14:28:18 +0200


Started GET "/assets/jquery.js?body=1" for 127.0.0.1 at 2015-08-19 14:28:18 +0200


Started GET "/assets/cats.js?body=1" for 127.0.0.1 at 2015-08-19 14:28:18 +0200


Started GET "/assets/turbolinks.js?body=1" for 127.0.0.1 at 2015-08-19 14:28:18 +0200


Started GET "/assets/jquery_ujs.js?body=1" for 127.0.0.1 at 2015-08-19 14:28:18 +0200


Started GET "/assets/welcome.js?body=1" for 127.0.0.1 at 2015-08-19 14:28:18 +0200


Started GET "/assets/application.js?body=1" for 127.0.0.1 at 2015-08-19 14:28:18 +0200


Started GET "/cats/" for 127.0.0.1 at 2015-08-19 14:30:02 +0200
Processing by CatsController#index as HTML
  [1m[36mCats Load (0.6ms)[0m  [1mSELECT "cats".* FROM "cats"[0m
  Rendered cats/index.html.erb within layouts/application (3.1ms)
Completed 200 OK in 24ms (Views: 21.2ms | ActiveRecord: 0.6ms)


Started GET "/assets/application.css?body=1" for 127.0.0.1 at 2015-08-19 14:30:02 +0200


Started GET "/assets/cats.css?body=1" for 127.0.0.1 at 2015-08-19 14:30:02 +0200


Started GET "/assets/welcome.css?body=1" for 127.0.0.1 at 2015-08-19 14:30:02 +0200


Started GET "/assets/jquery.js?body=1" for 127.0.0.1 at 2015-08-19 14:30:02 +0200


Started GET "/assets/turbolinks.js?body=1" for 127.0.0.1 at 2015-08-19 14:30:02 +0200


Started GET "/assets/cats.js?body=1" for 127.0.0.1 at 2015-08-19 14:30:02 +0200


Started GET "/assets/jquery_ujs.js?body=1" for 127.0.0.1 at 2015-08-19 14:30:02 +0200


Started GET "/assets/application.js?body=1" for 127.0.0.1 at 2015-08-19 14:30:02 +0200


Started GET "/assets/welcome.js?body=1" for 127.0.0.1 at 2015-08-19 14:30:02 +0200


Started GET "/cats/new" for 127.0.0.1 at 2015-08-19 14:35:32 +0200
Processing by CatsController#new as HTML
  Rendered cats/new.html.erb within layouts/application (38.4ms)
Completed 200 OK in 90ms (Views: 69.2ms | ActiveRecord: 1.8ms)


Started GET "/assets/application.css?body=1" for 127.0.0.1 at 2015-08-19 14:35:33 +0200


Started GET "/assets/welcome.css?body=1" for 127.0.0.1 at 2015-08-19 14:35:33 +0200


Started GET "/assets/cats.css?body=1" for 127.0.0.1 at 2015-08-19 14:35:33 +0200


Started GET "/assets/jquery.js?body=1" for 127.0.0.1 at 2015-08-19 14:35:33 +0200


Started GET "/assets/jquery_ujs.js?body=1" for 127.0.0.1 at 2015-08-19 14:35:33 +0200


Started GET "/assets/turbolinks.js?body=1" for 127.0.0.1 at 2015-08-19 14:35:33 +0200


Started GET "/assets/cats.js?body=1" for 127.0.0.1 at 2015-08-19 14:35:33 +0200


Started GET "/assets/welcome.js?body=1" for 127.0.0.1 at 2015-08-19 14:35:33 +0200


Started GET "/assets/application.js?body=1" for 127.0.0.1 at 2015-08-19 14:35:33 +0200


Started POST "/cats" for 127.0.0.1 at 2015-08-19 14:35:37 +0200
Processing by CatsController#create as HTML
  Parameters: {"utf8"=>"âœ“", "authenticity_token"=>"049o8tTGq5wyvPOW8Zp7eKPLlEfE/DMzhFHyOeXEEXs=", "cat"=>{"category"=>"", "title"=>"fff"}, "commit"=>"Save Cat"}
  [1m[35m (0.4ms)[0m  begin transaction
  [1m[36m (0.3ms)[0m  [1mrollback transaction[0m
  Rendered cats/new.html.erb within layouts/application (6.8ms)
Completed 200 OK in 37ms (Views: 18.9ms | ActiveRecord: 0.8ms)


Started GET "/assets/application.css?body=1" for 127.0.0.1 at 2015-08-19 14:35:37 +0200


Started GET "/assets/cats.css?body=1" for 127.0.0.1 at 2015-08-19 14:35:37 +0200


Started GET "/assets/turbolinks.js?body=1" for 127.0.0.1 at 2015-08-19 14:35:37 +0200


Started GET "/assets/jquery_ujs.js?body=1" for 127.0.0.1 at 2015-08-19 14:35:37 +0200


Started GET "/assets/jquery.js?body=1" for 127.0.0.1 at 2015-08-19 14:35:37 +0200


Started GET "/assets/welcome.css?body=1" for 127.0.0.1 at 2015-08-19 14:35:37 +0200


Started GET "/assets/cats.js?body=1" for 127.0.0.1 at 2015-08-19 14:35:37 +0200


Started GET "/assets/welcome.js?body=1" for 127.0.0.1 at 2015-08-19 14:35:37 +0200


Started GET "/assets/application.js?body=1" for 127.0.0.1 at 2015-08-19 14:35:37 +0200


Started GET "/cats" for 127.0.0.1 at 2015-08-19 14:37:45 +0200
Processing by CatsController#index as HTML
  [1m[35mCats Load (1.3ms)[0m  SELECT "cats".* FROM "cats"
  Rendered cats/index.html.erb within layouts/application (5.1ms)
Completed 200 OK in 111ms (Views: 107.5ms | ActiveRecord: 1.3ms)


Started GET "/assets/application.css?body=1" for 127.0.0.1 at 2015-08-19 14:37:46 +0200


Started GET "/assets/cats.css?body=1" for 127.0.0.1 at 2015-08-19 14:37:46 +0200


Started GET "/assets/jquery.js?body=1" for 127.0.0.1 at 2015-08-19 14:37:46 +0200


Started GET "/assets/jquery_ujs.js?body=1" for 127.0.0.1 at 2015-08-19 14:37:46 +0200


Started GET "/assets/turbolinks.js?body=1" for 127.0.0.1 at 2015-08-19 14:37:46 +0200


Started GET "/assets/welcome.css?body=1" for 127.0.0.1 at 2015-08-19 14:37:46 +0200


Started GET "/assets/cats.js?body=1" for 127.0.0.1 at 2015-08-19 14:37:46 +0200


Started GET "/assets/application.js?body=1" for 127.0.0.1 at 2015-08-19 14:37:46 +0200


Started GET "/assets/welcome.js?body=1" for 127.0.0.1 at 2015-08-19 14:37:46 +0200


Started GET "/cats/new" for 127.0.0.1 at 2015-08-19 14:37:50 +0200
Processing by CatsController#new as HTML
  Rendered cats/new.html.erb within layouts/application (11.6ms)
Completed 200 OK in 29ms (Views: 25.9ms | ActiveRecord: 0.0ms)


Started GET "/assets/application.css?body=1" for 127.0.0.1 at 2015-08-19 14:37:50 +0200


Started GET "/assets/jquery.js?body=1" for 127.0.0.1 at 2015-08-19 14:37:50 +0200


Started GET "/assets/jquery_ujs.js?body=1" for 127.0.0.1 at 2015-08-19 14:37:50 +0200


Started GET "/assets/turbolinks.js?body=1" for 127.0.0.1 at 2015-08-19 14:37:50 +0200


Started GET "/assets/cats.js?body=1" for 127.0.0.1 at 2015-08-19 14:37:50 +0200


Started GET "/assets/cats.css?body=1" for 127.0.0.1 at 2015-08-19 14:37:50 +0200


Started GET "/assets/welcome.css?body=1" for 127.0.0.1 at 2015-08-19 14:37:50 +0200


Started GET "/assets/welcome.js?body=1" for 127.0.0.1 at 2015-08-19 14:37:50 +0200


Started GET "/assets/application.js?body=1" for 127.0.0.1 at 2015-08-19 14:37:50 +0200


Started POST "/cats" for 127.0.0.1 at 2015-08-19 14:37:55 +0200
Processing by CatsController#create as HTML
  Parameters: {"utf8"=>"âœ“", "authenticity_token"=>"049o8tTGq5wyvPOW8Zp7eKPLlEfE/DMzhFHyOeXEEXs=", "cat"=>{"category"=>"", "title"=>"ggg"}, "commit"=>"Save Cat"}
  [1m[36m (0.4ms)[0m  [1mbegin transaction[0m
  [1m[35m (0.2ms)[0m  rollback transaction
  Rendered cats/new.html.erb within layouts/application (16.9ms)
Completed 200 OK in 65ms (Views: 45.9ms | ActiveRecord: 0.7ms)


Started GET "/assets/application.css?body=1" for 127.0.0.1 at 2015-08-19 14:37:55 +0200


Started GET "/assets/cats.css?body=1" for 127.0.0.1 at 2015-08-19 14:37:55 +0200


Started GET "/assets/turbolinks.js?body=1" for 127.0.0.1 at 2015-08-19 14:37:55 +0200


Started GET "/assets/welcome.css?body=1" for 127.0.0.1 at 2015-08-19 14:37:55 +0200


Started GET "/assets/jquery.js?body=1" for 127.0.0.1 at 2015-08-19 14:37:56 +0200


Started GET "/assets/jquery_ujs.js?body=1" for 127.0.0.1 at 2015-08-19 14:37:56 +0200


Started GET "/assets/cats.js?body=1" for 127.0.0.1 at 2015-08-19 14:37:56 +0200


Started GET "/assets/welcome.js?body=1" for 127.0.0.1 at 2015-08-19 14:37:56 +0200


Started GET "/assets/application.js?body=1" for 127.0.0.1 at 2015-08-19 14:37:56 +0200


Started GET "/cats" for 127.0.0.1 at 2015-08-19 14:52:11 +0200
Processing by CatsController#index as HTML
ERROR: compiling _app_views_cats_index_html_erb___4050951937529889211_69850227758920 RAISED /home/rehab/RoR/app/views/cats/index.html.erb:14: syntax error, unexpected tLPAREN_ARG, expecting keyword_do or '{' or '('
...=( link_to 'Show', cat_path   (cat) );@output_buffer.safe_ap...
...                               ^
Function body:           def _app_views_cats_index_html_erb___4050951937529889211_69850227758920(local_assigns, output_buffer)
            _old_virtual_path, @virtual_path = @virtual_path, "cats/index";_old_output_buffer = @output_buffer;;@output_buffer = output_buffer || ActionView::OutputBuffer.new;@output_buffer.safe_append='<h1> categories</h1>
 
<table>
  <tr>
    <th>category</th>
    <th>title</th>
	<th colspan="2"></th>
  </tr>
 
';   @cats.each do |cat| 
@output_buffer.safe_append='    <tr>
      <td>';@output_buffer.append=( cat.category );@output_buffer.safe_append='</td>
      <td>';@output_buffer.append=( cat.title );@output_buffer.safe_append='</td>
	  <td>';@output_buffer.append=( link_to 'Show', cat_path   (cat) );@output_buffer.safe_append='</td>
      <td>';@output_buffer.append=( link_to 'Edit', edit_cat_path(cat) );@output_buffer.safe_append='</td>
    </tr>
';   end 
@output_buffer.safe_append='</table>
';@output_buffer.to_s
          ensure
            @virtual_path, @output_buffer = _old_virtual_path, _old_output_buffer
          end

Backtrace: /usr/lib/ruby/gems/1.9.1/gems/actionpack-4.0.2/lib/action_view/template.rb:299:in `module_eval'
/usr/lib/ruby/gems/1.9.1/gems/actionpack-4.0.2/lib/action_view/template.rb:299:in `compile'
/usr/lib/ruby/gems/1.9.1/gems/actionpack-4.0.2/lib/action_view/template.rb:248:in `block in compile!'
<internal:prelude>:10:in `synchronize'
/usr/lib/ruby/gems/1.9.1/gems/actionpack-4.0.2/lib/action_view/template.rb:236:in `compile!'
/usr/lib/ruby/gems/1.9.1/gems/actionpack-4.0.2/lib/action_view/template.rb:142:in `block in render'
/usr/lib/ruby/gems/1.9.1/gems/activesupport-4.0.2/lib/active_support/notifications.rb:161:in `instrument'
/usr/lib/ruby/gems/1.9.1/gems/actionpack-4.0.2/lib/action_view/template.rb:141:in `render'
/usr/lib/ruby/gems/1.9.1/gems/actionpack-4.0.2/lib/action_view/renderer/template_renderer.rb:49:in `block (2 levels) in render_template'
/usr/lib/ruby/gems/1.9.1/gems/actionpack-4.0.2/lib/action_view/renderer/abstract_renderer.rb:38:in `block in instrument'
/usr/lib/ruby/gems/1.9.1/gems/activesupport-4.0.2/lib/active_support/notifications.rb:159:in `block in instrument'
/usr/lib/ruby/gems/1.9.1/gems/activesupport-4.0.2/lib/active_support/notifications/instrumenter.rb:20:in `instrument'
/usr/lib/ruby/gems/1.9.1/gems/activesupport-4.0.2/lib/active_support/notifications.rb:159:in `instrument'
/usr/lib/ruby/gems/1.9.1/gems/actionpack-4.0.2/lib/action_view/renderer/abstract_renderer.rb:38:in `instrument'
/usr/lib/ruby/gems/1.9.1/gems/actionpack-4.0.2/lib/action_view/renderer/template_renderer.rb:48:in `block in render_template'
/usr/lib/ruby/gems/1.9.1/gems/actionpack-4.0.2/lib/action_view/renderer/template_renderer.rb:56:in `render_with_layout'
/usr/lib/ruby/gems/1.9.1/gems/actionpack-4.0.2/lib/action_view/renderer/template_renderer.rb:47:in `render_template'
/usr/lib/ruby/gems/1.9.1/gems/actionpack-4.0.2/lib/action_view/renderer/template_renderer.rb:17:in `render'
/usr/lib/ruby/gems/1.9.1/gems/actionpack-4.0.2/lib/action_view/renderer/renderer.rb:42:in `render_template'
/usr/lib/ruby/gems/1.9.1/gems/actionpack-4.0.2/lib/action_view/renderer/renderer.rb:23:in `render'
/usr/lib/ruby/gems/1.9.1/gems/actionpack-4.0.2/lib/abstract_controller/rendering.rb:127:in `_render_template'
/usr/lib/ruby/gems/1.9.1/gems/actionpack-4.0.2/lib/action_controller/metal/streaming.rb:219:in `_render_template'
/usr/lib/ruby/gems/1.9.1/gems/actionpack-4.0.2/lib/abstract_controller/rendering.rb:120:in `render_to_body'
/usr/lib/ruby/gems/1.9.1/gems/actionpack-4.0.2/lib/action_controller/metal/rendering.rb:33:in `render_to_body'
/usr/lib/ruby/gems/1.9.1/gems/actionpack-4.0.2/lib/action_controller/metal/renderers.rb:26:in `render_to_body'
/usr/lib/ruby/gems/1.9.1/gems/actionpack-4.0.2/lib/abstract_controller/rendering.rb:97:in `render'
/usr/lib/ruby/gems/1.9.1/gems/actionpack-4.0.2/lib/action_controller/metal/rendering.rb:16:in `render'
/usr/lib/ruby/gems/1.9.1/gems/actionpack-4.0.2/lib/action_controller/metal/instrumentation.rb:41:in `block (2 levels) in render'
/usr/lib/ruby/gems/1.9.1/gems/activesupport-4.0.2/lib/active_support/core_ext/benchmark.rb:12:in `block in ms'
/usr/lib/ruby/1.9.1/benchmark.rb:295:in `realtime'
/usr/lib/ruby/gems/1.9.1/gems/activesupport-4.0.2/lib/active_support/core_ext/benchmark.rb:12:in `ms'
/usr/lib/ruby/gems/1.9.1/gems/actionpack-4.0.2/lib/action_controller/metal/instrumentation.rb:41:in `block in render'
/usr/lib/ruby/gems/1.9.1/gems/actionpack-4.0.2/lib/action_controller/metal/instrumentation.rb:84:in `cleanup_view_runtime'
/usr/lib/ruby/gems/1.9.1/gems/activerecord-4.0.2/lib/active_record/railties/controller_runtime.rb:25:in `cleanup_view_runtime'
/usr/lib/ruby/gems/1.9.1/gems/actionpack-4.0.2/lib/action_controller/metal/instrumentation.rb:40:in `render'
/usr/lib/ruby/gems/1.9.1/gems/actionpack-4.0.2/lib/action_controller/metal/implicit_render.rb:10:in `default_render'
/usr/lib/ruby/gems/1.9.1/gems/actionpack-4.0.2/lib/action_controller/metal/implicit_render.rb:5:in `send_action'
/usr/lib/ruby/gems/1.9.1/gems/actionpack-4.0.2/lib/abstract_controller/base.rb:189:in `process_action'
/usr/lib/ruby/gems/1.9.1/gems/actionpack-4.0.2/lib/action_controller/metal/rendering.rb:10:in `process_action'
/usr/lib/ruby/gems/1.9.1/gems/actionpack-4.0.2/lib/abstract_controller/callbacks.rb:18:in `block in process_action'
/usr/lib/ruby/gems/1.9.1/gems/activesupport-4.0.2/lib/active_support/callbacks.rb:403:in `_run__3481664701339660436__process_action__callbacks'
/usr/lib/ruby/gems/1.9.1/gems/activesupport-4.0.2/lib/active_support/callbacks.rb:80:in `run_callbacks'
/usr/lib/ruby/gems/1.9.1/gems/actionpack-4.0.2/lib/abstract_controller/callbacks.rb:17:in `process_action'
/usr/lib/ruby/gems/1.9.1/gems/actionpack-4.0.2/lib/action_controller/metal/rescue.rb:29:in `process_action'
/usr/lib/ruby/gems/1.9.1/gems/actionpack-4.0.2/lib/action_controller/metal/instrumentation.rb:31:in `block in process_action'
/usr/lib/ruby/gems/1.9.1/gems/activesupport-4.0.2/lib/active_support/notifications.rb:159:in `block in instrument'
/usr/lib/ruby/gems/1.9.1/gems/activesupport-4.0.2/lib/active_support/notifications/instrumenter.rb:20:in `instrument'
/usr/lib/ruby/gems/1.9.1/gems/activesupport-4.0.2/lib/active_support/notifications.rb:159:in `instrument'
/usr/lib/ruby/gems/1.9.1/gems/actionpack-4.0.2/lib/action_controller/metal/instrumentation.rb:30:in `process_action'
/usr/lib/ruby/gems/1.9.1/gems/actionpack-4.0.2/lib/action_controller/metal/params_wrapper.rb:245:in `process_action'
/usr/lib/ruby/gems/1.9.1/gems/activerecord-4.0.2/lib/active_record/railties/controller_runtime.rb:18:in `process_action'
/usr/lib/ruby/gems/1.9.1/gems/actionpack-4.0.2/lib/abstract_controller/base.rb:136:in `process'
/usr/lib/ruby/gems/1.9.1/gems/actionpack-4.0.2/lib/abstract_controller/rendering.rb:44:in `process'
/usr/lib/ruby/gems/1.9.1/gems/actionpack-4.0.2/lib/action_controller/metal.rb:195:in `dispatch'
/usr/lib/ruby/gems/1.9.1/gems/actionpack-4.0.2/lib/action_controller/metal/rack_delegation.rb:13:in `dispatch'
/usr/lib/ruby/gems/1.9.1/gems/actionpack-4.0.2/lib/action_controller/metal.rb:231:in `block in action'
/usr/lib/ruby/gems/1.9.1/gems/actionpack-4.0.2/lib/action_dispatch/routing/route_set.rb:80:in `call'
/usr/lib/ruby/gems/1.9.1/gems/actionpack-4.0.2/lib/action_dispatch/routing/route_set.rb:80:in `dispatch'
/usr/lib/ruby/gems/1.9.1/gems/actionpack-4.0.2/lib/action_dispatch/routing/route_set.rb:48:in `call'
/usr/lib/ruby/gems/1.9.1/gems/actionpack-4.0.2/lib/action_dispatch/journey/router.rb:71:in `block in call'
/usr/lib/ruby/gems/1.9.1/gems/actionpack-4.0.2/lib/action_dispatch/journey/router.rb:59:in `each'
/usr/lib/ruby/gems/1.9.1/gems/actionpack-4.0.2/lib/action_dispatch/journey/router.rb:59:in `call'
/usr/lib/ruby/gems/1.9.1/gems/actionpack-4.0.2/lib/action_dispatch/routing/route_set.rb:680:in `call'
/usr/lib/ruby/gems/1.9.1/gems/rack-1.5.5/lib/rack/etag.rb:23:in `call'
/usr/lib/ruby/gems/1.9.1/gems/rack-1.5.5/lib/rack/conditionalget.rb:25:in `call'
/usr/lib/ruby/gems/1.9.1/gems/rack-1.5.5/lib/rack/head.rb:11:in `call'
/usr/lib/ruby/gems/1.9.1/gems/actionpack-4.0.2/lib/action_dispatch/middleware/params_parser.rb:27:in `call'
/usr/lib/ruby/gems/1.9.1/gems/actionpack-4.0.2/lib/action_dispatch/middleware/flash.rb:241:in `call'
/usr/lib/ruby/gems/1.9.1/gems/rack-1.5.5/lib/rack/session/abstract/id.rb:225:in `context'
/usr/lib/ruby/gems/1.9.1/gems/rack-1.5.5/lib/rack/session/abstract/id.rb:220:in `call'
/usr/lib/ruby/gems/1.9.1/gems/actionpack-4.0.2/lib/action_dispatch/middleware/cookies.rb:486:in `call'
/usr/lib/ruby/gems/1.9.1/gems/activerecord-4.0.2/lib/active_record/query_cache.rb:36:in `call'
/usr/lib/ruby/gems/1.9.1/gems/activerecord-4.0.2/lib/active_record/connection_adapters/abstract/connection_pool.rb:626:in `call'
/usr/lib/ruby/gems/1.9.1/gems/activerecord-4.0.2/lib/active_record/migration.rb:369:in `call'
/usr/lib/ruby/gems/1.9.1/gems/actionpack-4.0.2/lib/action_dispatch/middleware/callbacks.rb:29:in `block in call'
/usr/lib/ruby/gems/1.9.1/gems/activesupport-4.0.2/lib/active_support/callbacks.rb:373:in `_run__3754550678233619287__call__callbacks'
/usr/lib/ruby/gems/1.9.1/gems/activesupport-4.0.2/lib/active_support/callbacks.rb:80:in `run_callbacks'
/usr/lib/ruby/gems/1.9.1/gems/actionpack-4.0.2/lib/action_dispatch/middleware/callbacks.rb:27:in `call'
/usr/lib/ruby/gems/1.9.1/gems/actionpack-4.0.2/lib/action_dispatch/middleware/reloader.rb:64:in `call'
/usr/lib/ruby/gems/1.9.1/gems/actionpack-4.0.2/lib/action_dispatch/middleware/remote_ip.rb:76:in `call'
/usr/lib/ruby/gems/1.9.1/gems/actionpack-4.0.2/lib/action_dispatch/middleware/debug_exceptions.rb:17:in `call'
/usr/lib/ruby/gems/1.9.1/gems/actionpack-4.0.2/lib/action_dispatch/middleware/show_exceptions.rb:30:in `call'
/usr/lib/ruby/gems/1.9.1/gems/railties-4.0.2/lib/rails/rack/logger.rb:38:in `call_app'
/usr/lib/ruby/gems/1.9.1/gems/railties-4.0.2/lib/rails/rack/logger.rb:20:in `block in call'
/usr/lib/ruby/gems/1.9.1/gems/activesupport-4.0.2/lib/active_support/tagged_logging.rb:67:in `block in tagged'
/usr/lib/ruby/gems/1.9.1/gems/activesupport-4.0.2/lib/active_support/tagged_logging.rb:25:in `tagged'
/usr/lib/ruby/gems/1.9.1/gems/activesupport-4.0.2/lib/active_support/tagged_logging.rb:67:in `tagged'
/usr/lib/ruby/gems/1.9.1/gems/railties-4.0.2/lib/rails/rack/logger.rb:20:in `call'
/usr/lib/ruby/gems/1.9.1/gems/actionpack-4.0.2/lib/action_dispatch/middleware/request_id.rb:21:in `call'
/usr/lib/ruby/gems/1.9.1/gems/rack-1.5.5/lib/rack/methodoverride.rb:21:in `call'
/usr/lib/ruby/gems/1.9.1/gems/rack-1.5.5/lib/rack/runtime.rb:17:in `call'
/usr/lib/ruby/gems/1.9.1/gems/activesupport-4.0.2/lib/active_support/cache/strategy/local_cache.rb:83:in `call'
/usr/lib/ruby/gems/1.9.1/gems/rack-1.5.5/lib/rack/lock.rb:17:in `call'
/usr/lib/ruby/gems/1.9.1/gems/actionpack-4.0.2/lib/action_dispatch/middleware/static.rb:64:in `call'
/usr/lib/ruby/gems/1.9.1/gems/rack-1.5.5/lib/rack/sendfile.rb:112:in `call'
/usr/lib/ruby/gems/1.9.1/gems/railties-4.0.2/lib/rails/engine.rb:511:in `call'
/usr/lib/ruby/gems/1.9.1/gems/railties-4.0.2/lib/rails/application.rb:97:in `call'
/usr/lib/ruby/gems/1.9.1/gems/rack-1.5.5/lib/rack/lock.rb:17:in `call'
/usr/lib/ruby/gems/1.9.1/gems/rack-1.5.5/lib/rack/content_length.rb:14:in `call'
/usr/lib/ruby/gems/1.9.1/gems/rack-1.5.5/lib/rack/handler/webrick.rb:60:in `service'
/usr/lib/ruby/1.9.1/webrick/httpserver.rb:138:in `service'
/usr/lib/ruby/1.9.1/webrick/httpserver.rb:94:in `run'
/usr/lib/ruby/1.9.1/webrick/server.rb:191:in `block in start_thread'
  Rendered cats/index.html.erb within layouts/application (4.9ms)
Completed 500 Internal Server Error in 18ms

ActionView::Template::Error (/home/rehab/RoR/app/views/cats/index.html.erb:14: syntax error, unexpected tLPAREN_ARG, expecting keyword_do or '{' or '('
...=( link_to 'Show', cat_path   (cat) );@output_buffer.safe_ap...
...                               ^):
    11:     <tr>
    12:       <td><%= cat.category %></td>
    13:       <td><%= cat.title %></td>
    14: 	  <td><%= link_to 'Show', cat_path   (cat) %></td>
    15:       <td><%= link_to 'Edit', edit_cat_path(cat) %></td>
    16:     </tr>
    17:   <% end %>
  actionpack (4.0.2) lib/action_view/template.rb:299:in `module_eval'
  actionpack (4.0.2) lib/action_view/template.rb:299:in `compile'
  actionpack (4.0.2) lib/action_view/template.rb:248:in `block in compile!'
  <internal:prelude>:10:in `synchronize'
  actionpack (4.0.2) lib/action_view/template.rb:236:in `compile!'
  actionpack (4.0.2) lib/action_view/template.rb:142:in `block in render'
  activesupport (4.0.2) lib/active_support/notifications.rb:161:in `instrument'
  actionpack (4.0.2) lib/action_view/template.rb:141:in `render'
  actionpack (4.0.2) lib/action_view/renderer/template_renderer.rb:49:in `block (2 levels) in render_template'
  actionpack (4.0.2) lib/action_view/renderer/abstract_renderer.rb:38:in `block in instrument'
  activesupport (4.0.2) lib/active_support/notifications.rb:159:in `block in instrument'
  activesupport (4.0.2) lib/active_support/notifications/instrumenter.rb:20:in `instrument'
  activesupport (4.0.2) lib/active_support/notifications.rb:159:in `instrument'
  actionpack (4.0.2) lib/action_view/renderer/abstract_renderer.rb:38:in `instrument'
  actionpack (4.0.2) lib/action_view/renderer/template_renderer.rb:48:in `block in render_template'
  actionpack (4.0.2) lib/action_view/renderer/template_renderer.rb:56:in `render_with_layout'
  actionpack (4.0.2) lib/action_view/renderer/template_renderer.rb:47:in `render_template'
  actionpack (4.0.2) lib/action_view/renderer/template_renderer.rb:17:in `render'
  actionpack (4.0.2) lib/action_view/renderer/renderer.rb:42:in `render_template'
  actionpack (4.0.2) lib/action_view/renderer/renderer.rb:23:in `render'
  actionpack (4.0.2) lib/abstract_controller/rendering.rb:127:in `_render_template'
  actionpack (4.0.2) lib/action_controller/metal/streaming.rb:219:in `_render_template'
  actionpack (4.0.2) lib/abstract_controller/rendering.rb:120:in `render_to_body'
  actionpack (4.0.2) lib/action_controller/metal/rendering.rb:33:in `render_to_body'
  actionpack (4.0.2) lib/action_controller/metal/renderers.rb:26:in `render_to_body'
  actionpack (4.0.2) lib/abstract_controller/rendering.rb:97:in `render'
  actionpack (4.0.2) lib/action_controller/metal/rendering.rb:16:in `render'
  actionpack (4.0.2) lib/action_controller/metal/instrumentation.rb:41:in `block (2 levels) in render'
  activesupport (4.0.2) lib/active_support/core_ext/benchmark.rb:12:in `block in ms'
  /usr/lib/ruby/1.9.1/benchmark.rb:295:in `realtime'
  activesupport (4.0.2) lib/active_support/core_ext/benchmark.rb:12:in `ms'
  actionpack (4.0.2) lib/action_controller/metal/instrumentation.rb:41:in `block in render'
  actionpack (4.0.2) lib/action_controller/metal/instrumentation.rb:84:in `cleanup_view_runtime'
  activerecord (4.0.2) lib/active_record/railties/controller_runtime.rb:25:in `cleanup_view_runtime'
  actionpack (4.0.2) lib/action_controller/metal/instrumentation.rb:40:in `render'
  actionpack (4.0.2) lib/action_controller/metal/implicit_render.rb:10:in `default_render'
  actionpack (4.0.2) lib/action_controller/metal/implicit_render.rb:5:in `send_action'
  actionpack (4.0.2) lib/abstract_controller/base.rb:189:in `process_action'
  actionpack (4.0.2) lib/action_controller/metal/rendering.rb:10:in `process_action'
  actionpack (4.0.2) lib/abstract_controller/callbacks.rb:18:in `block in process_action'
  activesupport (4.0.2) lib/active_support/callbacks.rb:403:in `_run__3481664701339660436__process_action__callbacks'
  activesupport (4.0.2) lib/active_support/callbacks.rb:80:in `run_callbacks'
  actionpack (4.0.2) lib/abstract_controller/callbacks.rb:17:in `process_action'
  actionpack (4.0.2) lib/action_controller/metal/rescue.rb:29:in `process_action'
  actionpack (4.0.2) lib/action_controller/metal/instrumentation.rb:31:in `block in process_action'
  activesupport (4.0.2) lib/active_support/notifications.rb:159:in `block in instrument'
  activesupport (4.0.2) lib/active_support/notifications/instrumenter.rb:20:in `instrument'
  activesupport (4.0.2) lib/active_support/notifications.rb:159:in `instrument'
  actionpack (4.0.2) lib/action_controller/metal/instrumentation.rb:30:in `process_action'
  actionpack (4.0.2) lib/action_controller/metal/params_wrapper.rb:245:in `process_action'
  activerecord (4.0.2) lib/active_record/railties/controller_runtime.rb:18:in `process_action'
  actionpack (4.0.2) lib/abstract_controller/base.rb:136:in `process'
  actionpack (4.0.2) lib/abstract_controller/rendering.rb:44:in `process'
  actionpack (4.0.2) lib/action_controller/metal.rb:195:in `dispatch'
  actionpack (4.0.2) lib/action_controller/metal/rack_delegation.rb:13:in `dispatch'
  actionpack (4.0.2) lib/action_controller/metal.rb:231:in `block in action'
  actionpack (4.0.2) lib/action_dispatch/routing/route_set.rb:80:in `call'
  actionpack (4.0.2) lib/action_dispatch/routing/route_set.rb:80:in `dispatch'
  actionpack (4.0.2) lib/action_dispatch/routing/route_set.rb:48:in `call'
  actionpack (4.0.2) lib/action_dispatch/journey/router.rb:71:in `block in call'
  actionpack (4.0.2) lib/action_dispatch/journey/router.rb:59:in `each'
  actionpack (4.0.2) lib/action_dispatch/journey/router.rb:59:in `call'
  actionpack (4.0.2) lib/action_dispatch/routing/route_set.rb:680:in `call'
  rack (1.5.5) lib/rack/etag.rb:23:in `call'
  rack (1.5.5) lib/rack/conditionalget.rb:25:in `call'
  rack (1.5.5) lib/rack/head.rb:11:in `call'
  actionpack (4.0.2) lib/action_dispatch/middleware/params_parser.rb:27:in `call'
  actionpack (4.0.2) lib/action_dispatch/middleware/flash.rb:241:in `call'
  rack (1.5.5) lib/rack/session/abstract/id.rb:225:in `context'
  rack (1.5.5) lib/rack/session/abstract/id.rb:220:in `call'
  actionpack (4.0.2) lib/action_dispatch/middleware/cookies.rb:486:in `call'
  activerecord (4.0.2) lib/active_record/query_cache.rb:36:in `call'
  activerecord (4.0.2) lib/active_record/connection_adapters/abstract/connection_pool.rb:626:in `call'
  activerecord (4.0.2) lib/active_record/migration.rb:369:in `call'
  actionpack (4.0.2) lib/action_dispatch/middleware/callbacks.rb:29:in `block in call'
  activesupport (4.0.2) lib/active_support/callbacks.rb:373:in `_run__3754550678233619287__call__callbacks'
  activesupport (4.0.2) lib/active_support/callbacks.rb:80:in `run_callbacks'
  actionpack (4.0.2) lib/action_dispatch/middleware/callbacks.rb:27:in `call'
  actionpack (4.0.2) lib/action_dispatch/middleware/reloader.rb:64:in `call'
  actionpack (4.0.2) lib/action_dispatch/middleware/remote_ip.rb:76:in `call'
  actionpack (4.0.2) lib/action_dispatch/middleware/debug_exceptions.rb:17:in `call'
  actionpack (4.0.2) lib/action_dispatch/middleware/show_exceptions.rb:30:in `call'
  railties (4.0.2) lib/rails/rack/logger.rb:38:in `call_app'
  railties (4.0.2) lib/rails/rack/logger.rb:20:in `block in call'
  activesupport (4.0.2) lib/active_support/tagged_logging.rb:67:in `block in tagged'
  activesupport (4.0.2) lib/active_support/tagged_logging.rb:25:in `tagged'
  activesupport (4.0.2) lib/active_support/tagged_logging.rb:67:in `tagged'
  railties (4.0.2) lib/rails/rack/logger.rb:20:in `call'
  actionpack (4.0.2) lib/action_dispatch/middleware/request_id.rb:21:in `call'
  rack (1.5.5) lib/rack/methodoverride.rb:21:in `call'
  rack (1.5.5) lib/rack/runtime.rb:17:in `call'
  activesupport (4.0.2) lib/active_support/cache/strategy/local_cache.rb:83:in `call'
  rack (1.5.5) lib/rack/lock.rb:17:in `call'
  actionpack (4.0.2) lib/action_dispatch/middleware/static.rb:64:in `call'
  rack (1.5.5) lib/rack/sendfile.rb:112:in `call'
  railties (4.0.2) lib/rails/engine.rb:511:in `call'
  railties (4.0.2) lib/rails/application.rb:97:in `call'
  rack (1.5.5) lib/rack/lock.rb:17:in `call'
  rack (1.5.5) lib/rack/content_length.rb:14:in `call'
  rack (1.5.5) lib/rack/handler/webrick.rb:60:in `service'
  /usr/lib/ruby/1.9.1/webrick/httpserver.rb:138:in `service'
  /usr/lib/ruby/1.9.1/webrick/httpserver.rb:94:in `run'
  /usr/lib/ruby/1.9.1/webrick/server.rb:191:in `block in start_thread'


  Rendered /usr/lib/ruby/gems/1.9.1/gems/actionpack-4.0.2/lib/action_dispatch/middleware/templates/rescues/_trace.erb (3.4ms)
  Rendered /usr/lib/ruby/gems/1.9.1/gems/actionpack-4.0.2/lib/action_dispatch/middleware/templates/rescues/_request_and_response.erb (2.7ms)
  Rendered /usr/lib/ruby/gems/1.9.1/gems/actionpack-4.0.2/lib/action_dispatch/middleware/templates/rescues/template_error.erb within rescues/layout (24.0ms)


Started GET "/cats" for 127.0.0.1 at 2015-08-19 14:52:37 +0200
Processing by CatsController#index as HTML
ERROR: compiling _app_views_cats_index_html_erb___4050951937529889211_69850093812140 RAISED /home/rehab/RoR/app/views/cats/index.html.erb:14: syntax error, unexpected tLPAREN_ARG, expecting keyword_do or '{' or '('
...( link_to 'Show', cats_path   (cat) );@output_buffer.safe_ap...
...                               ^
Function body:           def _app_views_cats_index_html_erb___4050951937529889211_69850093812140(local_assigns, output_buffer)
            _old_virtual_path, @virtual_path = @virtual_path, "cats/index";_old_output_buffer = @output_buffer;;@output_buffer = output_buffer || ActionView::OutputBuffer.new;@output_buffer.safe_append='<h1> categories</h1>
 
<table>
  <tr>
    <th>category</th>
    <th>title</th>
	<th colspan="2"></th>
  </tr>
 
';   @cats.each do |cat| 
@output_buffer.safe_append='    <tr>
      <td>';@output_buffer.append=( cat.category );@output_buffer.safe_append='</td>
      <td>';@output_buffer.append=( cat.title );@output_buffer.safe_append='</td>
	  <td>';@output_buffer.append=( link_to 'Show', cats_path   (cat) );@output_buffer.safe_append='</td>
      <td>';@output_buffer.append=( link_to 'Edit', edit_cats_path(cat) );@output_buffer.safe_append='</td>
    </tr>
';   end 
@output_buffer.safe_append='</table>
';@output_buffer.to_s
          ensure
            @virtual_path, @output_buffer = _old_virtual_path, _old_output_buffer
          end

Backtrace: /usr/lib/ruby/gems/1.9.1/gems/actionpack-4.0.2/lib/action_view/template.rb:299:in `module_eval'
/usr/lib/ruby/gems/1.9.1/gems/actionpack-4.0.2/lib/action_view/template.rb:299:in `compile'
/usr/lib/ruby/gems/1.9.1/gems/actionpack-4.0.2/lib/action_view/template.rb:248:in `block in compile!'
<internal:prelude>:10:in `synchronize'
/usr/lib/ruby/gems/1.9.1/gems/actionpack-4.0.2/lib/action_view/template.rb:236:in `compile!'
/usr/lib/ruby/gems/1.9.1/gems/actionpack-4.0.2/lib/action_view/template.rb:142:in `block in render'
/usr/lib/ruby/gems/1.9.1/gems/activesupport-4.0.2/lib/active_support/notifications.rb:161:in `instrument'
/usr/lib/ruby/gems/1.9.1/gems/actionpack-4.0.2/lib/action_view/template.rb:141:in `render'
/usr/lib/ruby/gems/1.9.1/gems/actionpack-4.0.2/lib/action_view/renderer/template_renderer.rb:49:in `block (2 levels) in render_template'
/usr/lib/ruby/gems/1.9.1/gems/actionpack-4.0.2/lib/action_view/renderer/abstract_renderer.rb:38:in `block in instrument'
/usr/lib/ruby/gems/1.9.1/gems/activesupport-4.0.2/lib/active_support/notifications.rb:159:in `block in instrument'
/usr/lib/ruby/gems/1.9.1/gems/activesupport-4.0.2/lib/active_support/notifications/instrumenter.rb:20:in `instrument'
/usr/lib/ruby/gems/1.9.1/gems/activesupport-4.0.2/lib/active_support/notifications.rb:159:in `instrument'
/usr/lib/ruby/gems/1.9.1/gems/actionpack-4.0.2/lib/action_view/renderer/abstract_renderer.rb:38:in `instrument'
/usr/lib/ruby/gems/1.9.1/gems/actionpack-4.0.2/lib/action_view/renderer/template_renderer.rb:48:in `block in render_template'
/usr/lib/ruby/gems/1.9.1/gems/actionpack-4.0.2/lib/action_view/renderer/template_renderer.rb:56:in `render_with_layout'
/usr/lib/ruby/gems/1.9.1/gems/actionpack-4.0.2/lib/action_view/renderer/template_renderer.rb:47:in `render_template'
/usr/lib/ruby/gems/1.9.1/gems/actionpack-4.0.2/lib/action_view/renderer/template_renderer.rb:17:in `render'
/usr/lib/ruby/gems/1.9.1/gems/actionpack-4.0.2/lib/action_view/renderer/renderer.rb:42:in `render_template'
/usr/lib/ruby/gems/1.9.1/gems/actionpack-4.0.2/lib/action_view/renderer/renderer.rb:23:in `render'
/usr/lib/ruby/gems/1.9.1/gems/actionpack-4.0.2/lib/abstract_controller/rendering.rb:127:in `_render_template'
/usr/lib/ruby/gems/1.9.1/gems/actionpack-4.0.2/lib/action_controller/metal/streaming.rb:219:in `_render_template'
/usr/lib/ruby/gems/1.9.1/gems/actionpack-4.0.2/lib/abstract_controller/rendering.rb:120:in `render_to_body'
/usr/lib/ruby/gems/1.9.1/gems/actionpack-4.0.2/lib/action_controller/metal/rendering.rb:33:in `render_to_body'
/usr/lib/ruby/gems/1.9.1/gems/actionpack-4.0.2/lib/action_controller/metal/renderers.rb:26:in `render_to_body'
/usr/lib/ruby/gems/1.9.1/gems/actionpack-4.0.2/lib/abstract_controller/rendering.rb:97:in `render'
/usr/lib/ruby/gems/1.9.1/gems/actionpack-4.0.2/lib/action_controller/metal/rendering.rb:16:in `render'
/usr/lib/ruby/gems/1.9.1/gems/actionpack-4.0.2/lib/action_controller/metal/instrumentation.rb:41:in `block (2 levels) in render'
/usr/lib/ruby/gems/1.9.1/gems/activesupport-4.0.2/lib/active_support/core_ext/benchmark.rb:12:in `block in ms'
/usr/lib/ruby/1.9.1/benchmark.rb:295:in `realtime'
/usr/lib/ruby/gems/1.9.1/gems/activesupport-4.0.2/lib/active_support/core_ext/benchmark.rb:12:in `ms'
/usr/lib/ruby/gems/1.9.1/gems/actionpack-4.0.2/lib/action_controller/metal/instrumentation.rb:41:in `block in render'
/usr/lib/ruby/gems/1.9.1/gems/actionpack-4.0.2/lib/action_controller/metal/instrumentation.rb:84:in `cleanup_view_runtime'
/usr/lib/ruby/gems/1.9.1/gems/activerecord-4.0.2/lib/active_record/railties/controller_runtime.rb:25:in `cleanup_view_runtime'
/usr/lib/ruby/gems/1.9.1/gems/actionpack-4.0.2/lib/action_controller/metal/instrumentation.rb:40:in `render'
/usr/lib/ruby/gems/1.9.1/gems/actionpack-4.0.2/lib/action_controller/metal/implicit_render.rb:10:in `default_render'
/usr/lib/ruby/gems/1.9.1/gems/actionpack-4.0.2/lib/action_controller/metal/implicit_render.rb:5:in `send_action'
/usr/lib/ruby/gems/1.9.1/gems/actionpack-4.0.2/lib/abstract_controller/base.rb:189:in `process_action'
/usr/lib/ruby/gems/1.9.1/gems/actionpack-4.0.2/lib/action_controller/metal/rendering.rb:10:in `process_action'
/usr/lib/ruby/gems/1.9.1/gems/actionpack-4.0.2/lib/abstract_controller/callbacks.rb:18:in `block in process_action'
/usr/lib/ruby/gems/1.9.1/gems/activesupport-4.0.2/lib/active_support/callbacks.rb:403:in `_run__3481664701339660436__process_action__callbacks'
/usr/lib/ruby/gems/1.9.1/gems/activesupport-4.0.2/lib/active_support/callbacks.rb:80:in `run_callbacks'
/usr/lib/ruby/gems/1.9.1/gems/actionpack-4.0.2/lib/abstract_controller/callbacks.rb:17:in `process_action'
/usr/lib/ruby/gems/1.9.1/gems/actionpack-4.0.2/lib/action_controller/metal/rescue.rb:29:in `process_action'
/usr/lib/ruby/gems/1.9.1/gems/actionpack-4.0.2/lib/action_controller/metal/instrumentation.rb:31:in `block in process_action'
/usr/lib/ruby/gems/1.9.1/gems/activesupport-4.0.2/lib/active_support/notifications.rb:159:in `block in instrument'
/usr/lib/ruby/gems/1.9.1/gems/activesupport-4.0.2/lib/active_support/notifications/instrumenter.rb:20:in `instrument'
/usr/lib/ruby/gems/1.9.1/gems/activesupport-4.0.2/lib/active_support/notifications.rb:159:in `instrument'
/usr/lib/ruby/gems/1.9.1/gems/actionpack-4.0.2/lib/action_controller/metal/instrumentation.rb:30:in `process_action'
/usr/lib/ruby/gems/1.9.1/gems/actionpack-4.0.2/lib/action_controller/metal/params_wrapper.rb:245:in `process_action'
/usr/lib/ruby/gems/1.9.1/gems/activerecord-4.0.2/lib/active_record/railties/controller_runtime.rb:18:in `process_action'
/usr/lib/ruby/gems/1.9.1/gems/actionpack-4.0.2/lib/abstract_controller/base.rb:136:in `process'
/usr/lib/ruby/gems/1.9.1/gems/actionpack-4.0.2/lib/abstract_controller/rendering.rb:44:in `process'
/usr/lib/ruby/gems/1.9.1/gems/actionpack-4.0.2/lib/action_controller/metal.rb:195:in `dispatch'
/usr/lib/ruby/gems/1.9.1/gems/actionpack-4.0.2/lib/action_controller/metal/rack_delegation.rb:13:in `dispatch'
/usr/lib/ruby/gems/1.9.1/gems/actionpack-4.0.2/lib/action_controller/metal.rb:231:in `block in action'
/usr/lib/ruby/gems/1.9.1/gems/actionpack-4.0.2/lib/action_dispatch/routing/route_set.rb:80:in `call'
/usr/lib/ruby/gems/1.9.1/gems/actionpack-4.0.2/lib/action_dispatch/routing/route_set.rb:80:in `dispatch'
/usr/lib/ruby/gems/1.9.1/gems/actionpack-4.0.2/lib/action_dispatch/routing/route_set.rb:48:in `call'
/usr/lib/ruby/gems/1.9.1/gems/actionpack-4.0.2/lib/action_dispatch/journey/router.rb:71:in `block in call'
/usr/lib/ruby/gems/1.9.1/gems/actionpack-4.0.2/lib/action_dispatch/journey/router.rb:59:in `each'
/usr/lib/ruby/gems/1.9.1/gems/actionpack-4.0.2/lib/action_dispatch/journey/router.rb:59:in `call'
/usr/lib/ruby/gems/1.9.1/gems/actionpack-4.0.2/lib/action_dispatch/routing/route_set.rb:680:in `call'
/usr/lib/ruby/gems/1.9.1/gems/rack-1.5.5/lib/rack/etag.rb:23:in `call'
/usr/lib/ruby/gems/1.9.1/gems/rack-1.5.5/lib/rack/conditionalget.rb:25:in `call'
/usr/lib/ruby/gems/1.9.1/gems/rack-1.5.5/lib/rack/head.rb:11:in `call'
/usr/lib/ruby/gems/1.9.1/gems/actionpack-4.0.2/lib/action_dispatch/middleware/params_parser.rb:27:in `call'
/usr/lib/ruby/gems/1.9.1/gems/actionpack-4.0.2/lib/action_dispatch/middleware/flash.rb:241:in `call'
/usr/lib/ruby/gems/1.9.1/gems/rack-1.5.5/lib/rack/session/abstract/id.rb:225:in `context'
/usr/lib/ruby/gems/1.9.1/gems/rack-1.5.5/lib/rack/session/abstract/id.rb:220:in `call'
/usr/lib/ruby/gems/1.9.1/gems/actionpack-4.0.2/lib/action_dispatch/middleware/cookies.rb:486:in `call'
/usr/lib/ruby/gems/1.9.1/gems/activerecord-4.0.2/lib/active_record/query_cache.rb:36:in `call'
/usr/lib/ruby/gems/1.9.1/gems/activerecord-4.0.2/lib/active_record/connection_adapters/abstract/connection_pool.rb:626:in `call'
/usr/lib/ruby/gems/1.9.1/gems/activerecord-4.0.2/lib/active_record/migration.rb:369:in `call'
/usr/lib/ruby/gems/1.9.1/gems/actionpack-4.0.2/lib/action_dispatch/middleware/callbacks.rb:29:in `block in call'
/usr/lib/ruby/gems/1.9.1/gems/activesupport-4.0.2/lib/active_support/callbacks.rb:373:in `_run__3754550678233619287__call__callbacks'
/usr/lib/ruby/gems/1.9.1/gems/activesupport-4.0.2/lib/active_support/callbacks.rb:80:in `run_callbacks'
/usr/lib/ruby/gems/1.9.1/gems/actionpack-4.0.2/lib/action_dispatch/middleware/callbacks.rb:27:in `call'
/usr/lib/ruby/gems/1.9.1/gems/actionpack-4.0.2/lib/action_dispatch/middleware/reloader.rb:64:in `call'
/usr/lib/ruby/gems/1.9.1/gems/actionpack-4.0.2/lib/action_dispatch/middleware/remote_ip.rb:76:in `call'
/usr/lib/ruby/gems/1.9.1/gems/actionpack-4.0.2/lib/action_dispatch/middleware/debug_exceptions.rb:17:in `call'
/usr/lib/ruby/gems/1.9.1/gems/actionpack-4.0.2/lib/action_dispatch/middleware/show_exceptions.rb:30:in `call'
/usr/lib/ruby/gems/1.9.1/gems/railties-4.0.2/lib/rails/rack/logger.rb:38:in `call_app'
/usr/lib/ruby/gems/1.9.1/gems/railties-4.0.2/lib/rails/rack/logger.rb:20:in `block in call'
/usr/lib/ruby/gems/1.9.1/gems/activesupport-4.0.2/lib/active_support/tagged_logging.rb:67:in `block in tagged'
/usr/lib/ruby/gems/1.9.1/gems/activesupport-4.0.2/lib/active_support/tagged_logging.rb:25:in `tagged'
/usr/lib/ruby/gems/1.9.1/gems/activesupport-4.0.2/lib/active_support/tagged_logging.rb:67:in `tagged'
/usr/lib/ruby/gems/1.9.1/gems/railties-4.0.2/lib/rails/rack/logger.rb:20:in `call'
/usr/lib/ruby/gems/1.9.1/gems/actionpack-4.0.2/lib/action_dispatch/middleware/request_id.rb:21:in `call'
/usr/lib/ruby/gems/1.9.1/gems/rack-1.5.5/lib/rack/methodoverride.rb:21:in `call'
/usr/lib/ruby/gems/1.9.1/gems/rack-1.5.5/lib/rack/runtime.rb:17:in `call'
/usr/lib/ruby/gems/1.9.1/gems/activesupport-4.0.2/lib/active_support/cache/strategy/local_cache.rb:83:in `call'
/usr/lib/ruby/gems/1.9.1/gems/rack-1.5.5/lib/rack/lock.rb:17:in `call'
/usr/lib/ruby/gems/1.9.1/gems/actionpack-4.0.2/lib/action_dispatch/middleware/static.rb:64:in `call'
/usr/lib/ruby/gems/1.9.1/gems/rack-1.5.5/lib/rack/sendfile.rb:112:in `call'
/usr/lib/ruby/gems/1.9.1/gems/railties-4.0.2/lib/rails/engine.rb:511:in `call'
/usr/lib/ruby/gems/1.9.1/gems/railties-4.0.2/lib/rails/application.rb:97:in `call'
/usr/lib/ruby/gems/1.9.1/gems/rack-1.5.5/lib/rack/lock.rb:17:in `call'
/usr/lib/ruby/gems/1.9.1/gems/rack-1.5.5/lib/rack/content_length.rb:14:in `call'
/usr/lib/ruby/gems/1.9.1/gems/rack-1.5.5/lib/rack/handler/webrick.rb:60:in `service'
/usr/lib/ruby/1.9.1/webrick/httpserver.rb:138:in `service'
/usr/lib/ruby/1.9.1/webrick/httpserver.rb:94:in `run'
/usr/lib/ruby/1.9.1/webrick/server.rb:191:in `block in start_thread'
  Rendered cats/index.html.erb within layouts/application (10.2ms)
Completed 500 Internal Server Error in 17ms

ActionView::Template::Error (/home/rehab/RoR/app/views/cats/index.html.erb:14: syntax error, unexpected tLPAREN_ARG, expecting keyword_do or '{' or '('
...( link_to 'Show', cats_path   (cat) );@output_buffer.safe_ap...
...                               ^):
    11:     <tr>
    12:       <td><%= cat.category %></td>
    13:       <td><%= cat.title %></td>
    14: 	  <td><%= link_to 'Show', cats_path   (cat) %></td>
    15:       <td><%= link_to 'Edit', edit_cats_path(cat) %></td>
    16:     </tr>
    17:   <% end %>
  actionpack (4.0.2) lib/action_view/template.rb:299:in `module_eval'
  actionpack (4.0.2) lib/action_view/template.rb:299:in `compile'
  actionpack (4.0.2) lib/action_view/template.rb:248:in `block in compile!'
  <internal:prelude>:10:in `synchronize'
  actionpack (4.0.2) lib/action_view/template.rb:236:in `compile!'
  actionpack (4.0.2) lib/action_view/template.rb:142:in `block in render'
  activesupport (4.0.2) lib/active_support/notifications.rb:161:in `instrument'
  actionpack (4.0.2) lib/action_view/template.rb:141:in `render'
  actionpack (4.0.2) lib/action_view/renderer/template_renderer.rb:49:in `block (2 levels) in render_template'
  actionpack (4.0.2) lib/action_view/renderer/abstract_renderer.rb:38:in `block in instrument'
  activesupport (4.0.2) lib/active_support/notifications.rb:159:in `block in instrument'
  activesupport (4.0.2) lib/active_support/notifications/instrumenter.rb:20:in `instrument'
  activesupport (4.0.2) lib/active_support/notifications.rb:159:in `instrument'
  actionpack (4.0.2) lib/action_view/renderer/abstract_renderer.rb:38:in `instrument'
  actionpack (4.0.2) lib/action_view/renderer/template_renderer.rb:48:in `block in render_template'
  actionpack (4.0.2) lib/action_view/renderer/template_renderer.rb:56:in `render_with_layout'
  actionpack (4.0.2) lib/action_view/renderer/template_renderer.rb:47:in `render_template'
  actionpack (4.0.2) lib/action_view/renderer/template_renderer.rb:17:in `render'
  actionpack (4.0.2) lib/action_view/renderer/renderer.rb:42:in `render_template'
  actionpack (4.0.2) lib/action_view/renderer/renderer.rb:23:in `render'
  actionpack (4.0.2) lib/abstract_controller/rendering.rb:127:in `_render_template'
  actionpack (4.0.2) lib/action_controller/metal/streaming.rb:219:in `_render_template'
  actionpack (4.0.2) lib/abstract_controller/rendering.rb:120:in `render_to_body'
  actionpack (4.0.2) lib/action_controller/metal/rendering.rb:33:in `render_to_body'
  actionpack (4.0.2) lib/action_controller/metal/renderers.rb:26:in `render_to_body'
  actionpack (4.0.2) lib/abstract_controller/rendering.rb:97:in `render'
  actionpack (4.0.2) lib/action_controller/metal/rendering.rb:16:in `render'
  actionpack (4.0.2) lib/action_controller/metal/instrumentation.rb:41:in `block (2 levels) in render'
  activesupport (4.0.2) lib/active_support/core_ext/benchmark.rb:12:in `block in ms'
  /usr/lib/ruby/1.9.1/benchmark.rb:295:in `realtime'
  activesupport (4.0.2) lib/active_support/core_ext/benchmark.rb:12:in `ms'
  actionpack (4.0.2) lib/action_controller/metal/instrumentation.rb:41:in `block in render'
  actionpack (4.0.2) lib/action_controller/metal/instrumentation.rb:84:in `cleanup_view_runtime'
  activerecord (4.0.2) lib/active_record/railties/controller_runtime.rb:25:in `cleanup_view_runtime'
  actionpack (4.0.2) lib/action_controller/metal/instrumentation.rb:40:in `render'
  actionpack (4.0.2) lib/action_controller/metal/implicit_render.rb:10:in `default_render'
  actionpack (4.0.2) lib/action_controller/metal/implicit_render.rb:5:in `send_action'
  actionpack (4.0.2) lib/abstract_controller/base.rb:189:in `process_action'
  actionpack (4.0.2) lib/action_controller/metal/rendering.rb:10:in `process_action'
  actionpack (4.0.2) lib/abstract_controller/callbacks.rb:18:in `block in process_action'
  activesupport (4.0.2) lib/active_support/callbacks.rb:403:in `_run__3481664701339660436__process_action__callbacks'
  activesupport (4.0.2) lib/active_support/callbacks.rb:80:in `run_callbacks'
  actionpack (4.0.2) lib/abstract_controller/callbacks.rb:17:in `process_action'
  actionpack (4.0.2) lib/action_controller/metal/rescue.rb:29:in `process_action'
  actionpack (4.0.2) lib/action_controller/metal/instrumentation.rb:31:in `block in process_action'
  activesupport (4.0.2) lib/active_support/notifications.rb:159:in `block in instrument'
  activesupport (4.0.2) lib/active_support/notifications/instrumenter.rb:20:in `instrument'
  activesupport (4.0.2) lib/active_support/notifications.rb:159:in `instrument'
  actionpack (4.0.2) lib/action_controller/metal/instrumentation.rb:30:in `process_action'
  actionpack (4.0.2) lib/action_controller/metal/params_wrapper.rb:245:in `process_action'
  activerecord (4.0.2) lib/active_record/railties/controller_runtime.rb:18:in `process_action'
  actionpack (4.0.2) lib/abstract_controller/base.rb:136:in `process'
  actionpack (4.0.2) lib/abstract_controller/rendering.rb:44:in `process'
  actionpack (4.0.2) lib/action_controller/metal.rb:195:in `dispatch'
  actionpack (4.0.2) lib/action_controller/metal/rack_delegation.rb:13:in `dispatch'
  actionpack (4.0.2) lib/action_controller/metal.rb:231:in `block in action'
  actionpack (4.0.2) lib/action_dispatch/routing/route_set.rb:80:in `call'
  actionpack (4.0.2) lib/action_dispatch/routing/route_set.rb:80:in `dispatch'
  actionpack (4.0.2) lib/action_dispatch/routing/route_set.rb:48:in `call'
  actionpack (4.0.2) lib/action_dispatch/journey/router.rb:71:in `block in call'
  actionpack (4.0.2) lib/action_dispatch/journey/router.rb:59:in `each'
  actionpack (4.0.2) lib/action_dispatch/journey/router.rb:59:in `call'
  actionpack (4.0.2) lib/action_dispatch/routing/route_set.rb:680:in `call'
  rack (1.5.5) lib/rack/etag.rb:23:in `call'
  rack (1.5.5) lib/rack/conditionalget.rb:25:in `call'
  rack (1.5.5) lib/rack/head.rb:11:in `call'
  actionpack (4.0.2) lib/action_dispatch/middleware/params_parser.rb:27:in `call'
  actionpack (4.0.2) lib/action_dispatch/middleware/flash.rb:241:in `call'
  rack (1.5.5) lib/rack/session/abstract/id.rb:225:in `context'
  rack (1.5.5) lib/rack/session/abstract/id.rb:220:in `call'
  actionpack (4.0.2) lib/action_dispatch/middleware/cookies.rb:486:in `call'
  activerecord (4.0.2) lib/active_record/query_cache.rb:36:in `call'
  activerecord (4.0.2) lib/active_record/connection_adapters/abstract/connection_pool.rb:626:in `call'
  activerecord (4.0.2) lib/active_record/migration.rb:369:in `call'
  actionpack (4.0.2) lib/action_dispatch/middleware/callbacks.rb:29:in `block in call'
  activesupport (4.0.2) lib/active_support/callbacks.rb:373:in `_run__3754550678233619287__call__callbacks'
  activesupport (4.0.2) lib/active_support/callbacks.rb:80:in `run_callbacks'
  actionpack (4.0.2) lib/action_dispatch/middleware/callbacks.rb:27:in `call'
  actionpack (4.0.2) lib/action_dispatch/middleware/reloader.rb:64:in `call'
  actionpack (4.0.2) lib/action_dispatch/middleware/remote_ip.rb:76:in `call'
  actionpack (4.0.2) lib/action_dispatch/middleware/debug_exceptions.rb:17:in `call'
  actionpack (4.0.2) lib/action_dispatch/middleware/show_exceptions.rb:30:in `call'
  railties (4.0.2) lib/rails/rack/logger.rb:38:in `call_app'
  railties (4.0.2) lib/rails/rack/logger.rb:20:in `block in call'
  activesupport (4.0.2) lib/active_support/tagged_logging.rb:67:in `block in tagged'
  activesupport (4.0.2) lib/active_support/tagged_logging.rb:25:in `tagged'
  activesupport (4.0.2) lib/active_support/tagged_logging.rb:67:in `tagged'
  railties (4.0.2) lib/rails/rack/logger.rb:20:in `call'
  actionpack (4.0.2) lib/action_dispatch/middleware/request_id.rb:21:in `call'
  rack (1.5.5) lib/rack/methodoverride.rb:21:in `call'
  rack (1.5.5) lib/rack/runtime.rb:17:in `call'
  activesupport (4.0.2) lib/active_support/cache/strategy/local_cache.rb:83:in `call'
  rack (1.5.5) lib/rack/lock.rb:17:in `call'
  actionpack (4.0.2) lib/action_dispatch/middleware/static.rb:64:in `call'
  rack (1.5.5) lib/rack/sendfile.rb:112:in `call'
  railties (4.0.2) lib/rails/engine.rb:511:in `call'
  railties (4.0.2) lib/rails/application.rb:97:in `call'
  rack (1.5.5) lib/rack/lock.rb:17:in `call'
  rack (1.5.5) lib/rack/content_length.rb:14:in `call'
  rack (1.5.5) lib/rack/handler/webrick.rb:60:in `service'
  /usr/lib/ruby/1.9.1/webrick/httpserver.rb:138:in `service'
  /usr/lib/ruby/1.9.1/webrick/httpserver.rb:94:in `run'
  /usr/lib/ruby/1.9.1/webrick/server.rb:191:in `block in start_thread'


  Rendered /usr/lib/ruby/gems/1.9.1/gems/actionpack-4.0.2/lib/action_dispatch/middleware/templates/rescues/_trace.erb (4.0ms)
  Rendered /usr/lib/ruby/gems/1.9.1/gems/actionpack-4.0.2/lib/action_dispatch/middleware/templates/rescues/_request_and_response.erb (2.9ms)
  Rendered /usr/lib/ruby/gems/1.9.1/gems/actionpack-4.0.2/lib/action_dispatch/middleware/templates/rescues/template_error.erb within rescues/layout (25.9ms)


Started GET "/cats" for 127.0.0.1 at 2015-08-19 14:52:54 +0200
Processing by CatsController#index as HTML
ERROR: compiling _app_views_cats_index_html_erb___4050951937529889211_69850230759160 RAISED /home/rehab/RoR/app/views/cats/index.html.erb:14: syntax error, unexpected tLPAREN_ARG, expecting keyword_do or '{' or '('
...( link_to 'Show', cats_path   (cats) );@output_buffer.safe_a...
...                               ^
Function body:           def _app_views_cats_index_html_erb___4050951937529889211_69850230759160(local_assigns, output_buffer)
            _old_virtual_path, @virtual_path = @virtual_path, "cats/index";_old_output_buffer = @output_buffer;;@output_buffer = output_buffer || ActionView::OutputBuffer.new;@output_buffer.safe_append='<h1> categories</h1>
 
<table>
  <tr>
    <th>category</th>
    <th>title</th>
	<th colspan="2"></th>
  </tr>
 
';   @cats.each do |cat| 
@output_buffer.safe_append='    <tr>
      <td>';@output_buffer.append=( cat.category );@output_buffer.safe_append='</td>
      <td>';@output_buffer.append=( cat.title );@output_buffer.safe_append='</td>
	  <td>';@output_buffer.append=( link_to 'Show', cats_path   (cats) );@output_buffer.safe_append='</td>
      <td>';@output_buffer.append=( link_to 'Edit', edit_cats_path(cats) );@output_buffer.safe_append='</td>
    </tr>
';   end 
@output_buffer.safe_append='</table>
';@output_buffer.to_s
          ensure
            @virtual_path, @output_buffer = _old_virtual_path, _old_output_buffer
          end

Backtrace: /usr/lib/ruby/gems/1.9.1/gems/actionpack-4.0.2/lib/action_view/template.rb:299:in `module_eval'
/usr/lib/ruby/gems/1.9.1/gems/actionpack-4.0.2/lib/action_view/template.rb:299:in `compile'
/usr/lib/ruby/gems/1.9.1/gems/actionpack-4.0.2/lib/action_view/template.rb:248:in `block in compile!'
<internal:prelude>:10:in `synchronize'
/usr/lib/ruby/gems/1.9.1/gems/actionpack-4.0.2/lib/action_view/template.rb:236:in `compile!'
/usr/lib/ruby/gems/1.9.1/gems/actionpack-4.0.2/lib/action_view/template.rb:142:in `block in render'
/usr/lib/ruby/gems/1.9.1/gems/activesupport-4.0.2/lib/active_support/notifications.rb:161:in `instrument'
/usr/lib/ruby/gems/1.9.1/gems/actionpack-4.0.2/lib/action_view/template.rb:141:in `render'
/usr/lib/ruby/gems/1.9.1/gems/actionpack-4.0.2/lib/action_view/renderer/template_renderer.rb:49:in `block (2 levels) in render_template'
/usr/lib/ruby/gems/1.9.1/gems/actionpack-4.0.2/lib/action_view/renderer/abstract_renderer.rb:38:in `block in instrument'
/usr/lib/ruby/gems/1.9.1/gems/activesupport-4.0.2/lib/active_support/notifications.rb:159:in `block in instrument'
/usr/lib/ruby/gems/1.9.1/gems/activesupport-4.0.2/lib/active_support/notifications/instrumenter.rb:20:in `instrument'
/usr/lib/ruby/gems/1.9.1/gems/activesupport-4.0.2/lib/active_support/notifications.rb:159:in `instrument'
/usr/lib/ruby/gems/1.9.1/gems/actionpack-4.0.2/lib/action_view/renderer/abstract_renderer.rb:38:in `instrument'
/usr/lib/ruby/gems/1.9.1/gems/actionpack-4.0.2/lib/action_view/renderer/template_renderer.rb:48:in `block in render_template'
/usr/lib/ruby/gems/1.9.1/gems/actionpack-4.0.2/lib/action_view/renderer/template_renderer.rb:56:in `render_with_layout'
/usr/lib/ruby/gems/1.9.1/gems/actionpack-4.0.2/lib/action_view/renderer/template_renderer.rb:47:in `render_template'
/usr/lib/ruby/gems/1.9.1/gems/actionpack-4.0.2/lib/action_view/renderer/template_renderer.rb:17:in `render'
/usr/lib/ruby/gems/1.9.1/gems/actionpack-4.0.2/lib/action_view/renderer/renderer.rb:42:in `render_template'
/usr/lib/ruby/gems/1.9.1/gems/actionpack-4.0.2/lib/action_view/renderer/renderer.rb:23:in `render'
/usr/lib/ruby/gems/1.9.1/gems/actionpack-4.0.2/lib/abstract_controller/rendering.rb:127:in `_render_template'
/usr/lib/ruby/gems/1.9.1/gems/actionpack-4.0.2/lib/action_controller/metal/streaming.rb:219:in `_render_template'
/usr/lib/ruby/gems/1.9.1/gems/actionpack-4.0.2/lib/abstract_controller/rendering.rb:120:in `render_to_body'
/usr/lib/ruby/gems/1.9.1/gems/actionpack-4.0.2/lib/action_controller/metal/rendering.rb:33:in `render_to_body'
/usr/lib/ruby/gems/1.9.1/gems/actionpack-4.0.2/lib/action_controller/metal/renderers.rb:26:in `render_to_body'
/usr/lib/ruby/gems/1.9.1/gems/actionpack-4.0.2/lib/abstract_controller/rendering.rb:97:in `render'
/usr/lib/ruby/gems/1.9.1/gems/actionpack-4.0.2/lib/action_controller/metal/rendering.rb:16:in `render'
/usr/lib/ruby/gems/1.9.1/gems/actionpack-4.0.2/lib/action_controller/metal/instrumentation.rb:41:in `block (2 levels) in render'
/usr/lib/ruby/gems/1.9.1/gems/activesupport-4.0.2/lib/active_support/core_ext/benchmark.rb:12:in `block in ms'
/usr/lib/ruby/1.9.1/benchmark.rb:295:in `realtime'
/usr/lib/ruby/gems/1.9.1/gems/activesupport-4.0.2/lib/active_support/core_ext/benchmark.rb:12:in `ms'
/usr/lib/ruby/gems/1.9.1/gems/actionpack-4.0.2/lib/action_controller/metal/instrumentation.rb:41:in `block in render'
/usr/lib/ruby/gems/1.9.1/gems/actionpack-4.0.2/lib/action_controller/metal/instrumentation.rb:84:in `cleanup_view_runtime'
/usr/lib/ruby/gems/1.9.1/gems/activerecord-4.0.2/lib/active_record/railties/controller_runtime.rb:25:in `cleanup_view_runtime'
/usr/lib/ruby/gems/1.9.1/gems/actionpack-4.0.2/lib/action_controller/metal/instrumentation.rb:40:in `render'
/usr/lib/ruby/gems/1.9.1/gems/actionpack-4.0.2/lib/action_controller/metal/implicit_render.rb:10:in `default_render'
/usr/lib/ruby/gems/1.9.1/gems/actionpack-4.0.2/lib/action_controller/metal/implicit_render.rb:5:in `send_action'
/usr/lib/ruby/gems/1.9.1/gems/actionpack-4.0.2/lib/abstract_controller/base.rb:189:in `process_action'
/usr/lib/ruby/gems/1.9.1/gems/actionpack-4.0.2/lib/action_controller/metal/rendering.rb:10:in `process_action'
/usr/lib/ruby/gems/1.9.1/gems/actionpack-4.0.2/lib/abstract_controller/callbacks.rb:18:in `block in process_action'
/usr/lib/ruby/gems/1.9.1/gems/activesupport-4.0.2/lib/active_support/callbacks.rb:403:in `_run__3481664701339660436__process_action__callbacks'
/usr/lib/ruby/gems/1.9.1/gems/activesupport-4.0.2/lib/active_support/callbacks.rb:80:in `run_callbacks'
/usr/lib/ruby/gems/1.9.1/gems/actionpack-4.0.2/lib/abstract_controller/callbacks.rb:17:in `process_action'
/usr/lib/ruby/gems/1.9.1/gems/actionpack-4.0.2/lib/action_controller/metal/rescue.rb:29:in `process_action'
/usr/lib/ruby/gems/1.9.1/gems/actionpack-4.0.2/lib/action_controller/metal/instrumentation.rb:31:in `block in process_action'
/usr/lib/ruby/gems/1.9.1/gems/activesupport-4.0.2/lib/active_support/notifications.rb:159:in `block in instrument'
/usr/lib/ruby/gems/1.9.1/gems/activesupport-4.0.2/lib/active_support/notifications/instrumenter.rb:20:in `instrument'
/usr/lib/ruby/gems/1.9.1/gems/activesupport-4.0.2/lib/active_support/notifications.rb:159:in `instrument'
/usr/lib/ruby/gems/1.9.1/gems/actionpack-4.0.2/lib/action_controller/metal/instrumentation.rb:30:in `process_action'
/usr/lib/ruby/gems/1.9.1/gems/actionpack-4.0.2/lib/action_controller/metal/params_wrapper.rb:245:in `process_action'
/usr/lib/ruby/gems/1.9.1/gems/activerecord-4.0.2/lib/active_record/railties/controller_runtime.rb:18:in `process_action'
/usr/lib/ruby/gems/1.9.1/gems/actionpack-4.0.2/lib/abstract_controller/base.rb:136:in `process'
/usr/lib/ruby/gems/1.9.1/gems/actionpack-4.0.2/lib/abstract_controller/rendering.rb:44:in `process'
/usr/lib/ruby/gems/1.9.1/gems/actionpack-4.0.2/lib/action_controller/metal.rb:195:in `dispatch'
/usr/lib/ruby/gems/1.9.1/gems/actionpack-4.0.2/lib/action_controller/metal/rack_delegation.rb:13:in `dispatch'
/usr/lib/ruby/gems/1.9.1/gems/actionpack-4.0.2/lib/action_controller/metal.rb:231:in `block in action'
/usr/lib/ruby/gems/1.9.1/gems/actionpack-4.0.2/lib/action_dispatch/routing/route_set.rb:80:in `call'
/usr/lib/ruby/gems/1.9.1/gems/actionpack-4.0.2/lib/action_dispatch/routing/route_set.rb:80:in `dispatch'
/usr/lib/ruby/gems/1.9.1/gems/actionpack-4.0.2/lib/action_dispatch/routing/route_set.rb:48:in `call'
/usr/lib/ruby/gems/1.9.1/gems/actionpack-4.0.2/lib/action_dispatch/journey/router.rb:71:in `block in call'
/usr/lib/ruby/gems/1.9.1/gems/actionpack-4.0.2/lib/action_dispatch/journey/router.rb:59:in `each'
/usr/lib/ruby/gems/1.9.1/gems/actionpack-4.0.2/lib/action_dispatch/journey/router.rb:59:in `call'
/usr/lib/ruby/gems/1.9.1/gems/actionpack-4.0.2/lib/action_dispatch/routing/route_set.rb:680:in `call'
/usr/lib/ruby/gems/1.9.1/gems/rack-1.5.5/lib/rack/etag.rb:23:in `call'
/usr/lib/ruby/gems/1.9.1/gems/rack-1.5.5/lib/rack/conditionalget.rb:25:in `call'
/usr/lib/ruby/gems/1.9.1/gems/rack-1.5.5/lib/rack/head.rb:11:in `call'
/usr/lib/ruby/gems/1.9.1/gems/actionpack-4.0.2/lib/action_dispatch/middleware/params_parser.rb:27:in `call'
/usr/lib/ruby/gems/1.9.1/gems/actionpack-4.0.2/lib/action_dispatch/middleware/flash.rb:241:in `call'
/usr/lib/ruby/gems/1.9.1/gems/rack-1.5.5/lib/rack/session/abstract/id.rb:225:in `context'
/usr/lib/ruby/gems/1.9.1/gems/rack-1.5.5/lib/rack/session/abstract/id.rb:220:in `call'
/usr/lib/ruby/gems/1.9.1/gems/actionpack-4.0.2/lib/action_dispatch/middleware/cookies.rb:486:in `call'
/usr/lib/ruby/gems/1.9.1/gems/activerecord-4.0.2/lib/active_record/query_cache.rb:36:in `call'
/usr/lib/ruby/gems/1.9.1/gems/activerecord-4.0.2/lib/active_record/connection_adapters/abstract/connection_pool.rb:626:in `call'
/usr/lib/ruby/gems/1.9.1/gems/activerecord-4.0.2/lib/active_record/migration.rb:369:in `call'
/usr/lib/ruby/gems/1.9.1/gems/actionpack-4.0.2/lib/action_dispatch/middleware/callbacks.rb:29:in `block in call'
/usr/lib/ruby/gems/1.9.1/gems/activesupport-4.0.2/lib/active_support/callbacks.rb:373:in `_run__3754550678233619287__call__callbacks'
/usr/lib/ruby/gems/1.9.1/gems/activesupport-4.0.2/lib/active_support/callbacks.rb:80:in `run_callbacks'
/usr/lib/ruby/gems/1.9.1/gems/actionpack-4.0.2/lib/action_dispatch/middleware/callbacks.rb:27:in `call'
/usr/lib/ruby/gems/1.9.1/gems/actionpack-4.0.2/lib/action_dispatch/middleware/reloader.rb:64:in `call'
/usr/lib/ruby/gems/1.9.1/gems/actionpack-4.0.2/lib/action_dispatch/middleware/remote_ip.rb:76:in `call'
/usr/lib/ruby/gems/1.9.1/gems/actionpack-4.0.2/lib/action_dispatch/middleware/debug_exceptions.rb:17:in `call'
/usr/lib/ruby/gems/1.9.1/gems/actionpack-4.0.2/lib/action_dispatch/middleware/show_exceptions.rb:30:in `call'
/usr/lib/ruby/gems/1.9.1/gems/railties-4.0.2/lib/rails/rack/logger.rb:38:in `call_app'
/usr/lib/ruby/gems/1.9.1/gems/railties-4.0.2/lib/rails/rack/logger.rb:20:in `block in call'
/usr/lib/ruby/gems/1.9.1/gems/activesupport-4.0.2/lib/active_support/tagged_logging.rb:67:in `block in tagged'
/usr/lib/ruby/gems/1.9.1/gems/activesupport-4.0.2/lib/active_support/tagged_logging.rb:25:in `tagged'
/usr/lib/ruby/gems/1.9.1/gems/activesupport-4.0.2/lib/active_support/tagged_logging.rb:67:in `tagged'
/usr/lib/ruby/gems/1.9.1/gems/railties-4.0.2/lib/rails/rack/logger.rb:20:in `call'
/usr/lib/ruby/gems/1.9.1/gems/actionpack-4.0.2/lib/action_dispatch/middleware/request_id.rb:21:in `call'
/usr/lib/ruby/gems/1.9.1/gems/rack-1.5.5/lib/rack/methodoverride.rb:21:in `call'
/usr/lib/ruby/gems/1.9.1/gems/rack-1.5.5/lib/rack/runtime.rb:17:in `call'
/usr/lib/ruby/gems/1.9.1/gems/activesupport-4.0.2/lib/active_support/cache/strategy/local_cache.rb:83:in `call'
/usr/lib/ruby/gems/1.9.1/gems/rack-1.5.5/lib/rack/lock.rb:17:in `call'
/usr/lib/ruby/gems/1.9.1/gems/actionpack-4.0.2/lib/action_dispatch/middleware/static.rb:64:in `call'
/usr/lib/ruby/gems/1.9.1/gems/rack-1.5.5/lib/rack/sendfile.rb:112:in `call'
/usr/lib/ruby/gems/1.9.1/gems/railties-4.0.2/lib/rails/engine.rb:511:in `call'
/usr/lib/ruby/gems/1.9.1/gems/railties-4.0.2/lib/rails/application.rb:97:in `call'
/usr/lib/ruby/gems/1.9.1/gems/rack-1.5.5/lib/rack/lock.rb:17:in `call'
/usr/lib/ruby/gems/1.9.1/gems/rack-1.5.5/lib/rack/content_length.rb:14:in `call'
/usr/lib/ruby/gems/1.9.1/gems/rack-1.5.5/lib/rack/handler/webrick.rb:60:in `service'
/usr/lib/ruby/1.9.1/webrick/httpserver.rb:138:in `service'
/usr/lib/ruby/1.9.1/webrick/httpserver.rb:94:in `run'
/usr/lib/ruby/1.9.1/webrick/server.rb:191:in `block in start_thread'
  Rendered cats/index.html.erb within layouts/application (5.5ms)
Completed 500 Internal Server Error in 16ms

ActionView::Template::Error (/home/rehab/RoR/app/views/cats/index.html.erb:14: syntax error, unexpected tLPAREN_ARG, expecting keyword_do or '{' or '('
...( link_to 'Show', cats_path   (cats) );@output_buffer.safe_a...
...                               ^):
    11:     <tr>
    12:       <td><%= cat.category %></td>
    13:       <td><%= cat.title %></td>
    14: 	  <td><%= link_to 'Show', cats_path   (cats) %></td>
    15:       <td><%= link_to 'Edit', edit_cats_path(cats) %></td>
    16:     </tr>
    17:   <% end %>
  actionpack (4.0.2) lib/action_view/template.rb:299:in `module_eval'
  actionpack (4.0.2) lib/action_view/template.rb:299:in `compile'
  actionpack (4.0.2) lib/action_view/template.rb:248:in `block in compile!'
  <internal:prelude>:10:in `synchronize'
  actionpack (4.0.2) lib/action_view/template.rb:236:in `compile!'
  actionpack (4.0.2) lib/action_view/template.rb:142:in `block in render'
  activesupport (4.0.2) lib/active_support/notifications.rb:161:in `instrument'
  actionpack (4.0.2) lib/action_view/template.rb:141:in `render'
  actionpack (4.0.2) lib/action_view/renderer/template_renderer.rb:49:in `block (2 levels) in render_template'
  actionpack (4.0.2) lib/action_view/renderer/abstract_renderer.rb:38:in `block in instrument'
  activesupport (4.0.2) lib/active_support/notifications.rb:159:in `block in instrument'
  activesupport (4.0.2) lib/active_support/notifications/instrumenter.rb:20:in `instrument'
  activesupport (4.0.2) lib/active_support/notifications.rb:159:in `instrument'
  actionpack (4.0.2) lib/action_view/renderer/abstract_renderer.rb:38:in `instrument'
  actionpack (4.0.2) lib/action_view/renderer/template_renderer.rb:48:in `block in render_template'
  actionpack (4.0.2) lib/action_view/renderer/template_renderer.rb:56:in `render_with_layout'
  actionpack (4.0.2) lib/action_view/renderer/template_renderer.rb:47:in `render_template'
  actionpack (4.0.2) lib/action_view/renderer/template_renderer.rb:17:in `render'
  actionpack (4.0.2) lib/action_view/renderer/renderer.rb:42:in `render_template'
  actionpack (4.0.2) lib/action_view/renderer/renderer.rb:23:in `render'
  actionpack (4.0.2) lib/abstract_controller/rendering.rb:127:in `_render_template'
  actionpack (4.0.2) lib/action_controller/metal/streaming.rb:219:in `_render_template'
  actionpack (4.0.2) lib/abstract_controller/rendering.rb:120:in `render_to_body'
  actionpack (4.0.2) lib/action_controller/metal/rendering.rb:33:in `render_to_body'
  actionpack (4.0.2) lib/action_controller/metal/renderers.rb:26:in `render_to_body'
  actionpack (4.0.2) lib/abstract_controller/rendering.rb:97:in `render'
  actionpack (4.0.2) lib/action_controller/metal/rendering.rb:16:in `render'
  actionpack (4.0.2) lib/action_controller/metal/instrumentation.rb:41:in `block (2 levels) in render'
  activesupport (4.0.2) lib/active_support/core_ext/benchmark.rb:12:in `block in ms'
  /usr/lib/ruby/1.9.1/benchmark.rb:295:in `realtime'
  activesupport (4.0.2) lib/active_support/core_ext/benchmark.rb:12:in `ms'
  actionpack (4.0.2) lib/action_controller/metal/instrumentation.rb:41:in `block in render'
  actionpack (4.0.2) lib/action_controller/metal/instrumentation.rb:84:in `cleanup_view_runtime'
  activerecord (4.0.2) lib/active_record/railties/controller_runtime.rb:25:in `cleanup_view_runtime'
  actionpack (4.0.2) lib/action_controller/metal/instrumentation.rb:40:in `render'
  actionpack (4.0.2) lib/action_controller/metal/implicit_render.rb:10:in `default_render'
  actionpack (4.0.2) lib/action_controller/metal/implicit_render.rb:5:in `send_action'
  actionpack (4.0.2) lib/abstract_controller/base.rb:189:in `process_action'
  actionpack (4.0.2) lib/action_controller/metal/rendering.rb:10:in `process_action'
  actionpack (4.0.2) lib/abstract_controller/callbacks.rb:18:in `block in process_action'
  activesupport (4.0.2) lib/active_support/callbacks.rb:403:in `_run__3481664701339660436__process_action__callbacks'
  activesupport (4.0.2) lib/active_support/callbacks.rb:80:in `run_callbacks'
  actionpack (4.0.2) lib/abstract_controller/callbacks.rb:17:in `process_action'
  actionpack (4.0.2) lib/action_controller/metal/rescue.rb:29:in `process_action'
  actionpack (4.0.2) lib/action_controller/metal/instrumentation.rb:31:in `block in process_action'
  activesupport (4.0.2) lib/active_support/notifications.rb:159:in `block in instrument'
  activesupport (4.0.2) lib/active_support/notifications/instrumenter.rb:20:in `instrument'
  activesupport (4.0.2) lib/active_support/notifications.rb:159:in `instrument'
  actionpack (4.0.2) lib/action_controller/metal/instrumentation.rb:30:in `process_action'
  actionpack (4.0.2) lib/action_controller/metal/params_wrapper.rb:245:in `process_action'
  activerecord (4.0.2) lib/active_record/railties/controller_runtime.rb:18:in `process_action'
  actionpack (4.0.2) lib/abstract_controller/base.rb:136:in `process'
  actionpack (4.0.2) lib/abstract_controller/rendering.rb:44:in `process'
  actionpack (4.0.2) lib/action_controller/metal.rb:195:in `dispatch'
  actionpack (4.0.2) lib/action_controller/metal/rack_delegation.rb:13:in `dispatch'
  actionpack (4.0.2) lib/action_controller/metal.rb:231:in `block in action'
  actionpack (4.0.2) lib/action_dispatch/routing/route_set.rb:80:in `call'
  actionpack (4.0.2) lib/action_dispatch/routing/route_set.rb:80:in `dispatch'
  actionpack (4.0.2) lib/action_dispatch/routing/route_set.rb:48:in `call'
  actionpack (4.0.2) lib/action_dispatch/journey/router.rb:71:in `block in call'
  actionpack (4.0.2) lib/action_dispatch/journey/router.rb:59:in `each'
  actionpack (4.0.2) lib/action_dispatch/journey/router.rb:59:in `call'
  actionpack (4.0.2) lib/action_dispatch/routing/route_set.rb:680:in `call'
  rack (1.5.5) lib/rack/etag.rb:23:in `call'
  rack (1.5.5) lib/rack/conditionalget.rb:25:in `call'
  rack (1.5.5) lib/rack/head.rb:11:in `call'
  actionpack (4.0.2) lib/action_dispatch/middleware/params_parser.rb:27:in `call'
  actionpack (4.0.2) lib/action_dispatch/middleware/flash.rb:241:in `call'
  rack (1.5.5) lib/rack/session/abstract/id.rb:225:in `context'
  rack (1.5.5) lib/rack/session/abstract/id.rb:220:in `call'
  actionpack (4.0.2) lib/action_dispatch/middleware/cookies.rb:486:in `call'
  activerecord (4.0.2) lib/active_record/query_cache.rb:36:in `call'
  activerecord (4.0.2) lib/active_record/connection_adapters/abstract/connection_pool.rb:626:in `call'
  activerecord (4.0.2) lib/active_record/migration.rb:369:in `call'
  actionpack (4.0.2) lib/action_dispatch/middleware/callbacks.rb:29:in `block in call'
  activesupport (4.0.2) lib/active_support/callbacks.rb:373:in `_run__3754550678233619287__call__callbacks'
  activesupport (4.0.2) lib/active_support/callbacks.rb:80:in `run_callbacks'
  actionpack (4.0.2) lib/action_dispatch/middleware/callbacks.rb:27:in `call'
  actionpack (4.0.2) lib/action_dispatch/middleware/reloader.rb:64:in `call'
  actionpack (4.0.2) lib/action_dispatch/middleware/remote_ip.rb:76:in `call'
  actionpack (4.0.2) lib/action_dispatch/middleware/debug_exceptions.rb:17:in `call'
  actionpack (4.0.2) lib/action_dispatch/middleware/show_exceptions.rb:30:in `call'
  railties (4.0.2) lib/rails/rack/logger.rb:38:in `call_app'
  railties (4.0.2) lib/rails/rack/logger.rb:20:in `block in call'
  activesupport (4.0.2) lib/active_support/tagged_logging.rb:67:in `block in tagged'
  activesupport (4.0.2) lib/active_support/tagged_logging.rb:25:in `tagged'
  activesupport (4.0.2) lib/active_support/tagged_logging.rb:67:in `tagged'
  railties (4.0.2) lib/rails/rack/logger.rb:20:in `call'
  actionpack (4.0.2) lib/action_dispatch/middleware/request_id.rb:21:in `call'
  rack (1.5.5) lib/rack/methodoverride.rb:21:in `call'
  rack (1.5.5) lib/rack/runtime.rb:17:in `call'
  activesupport (4.0.2) lib/active_support/cache/strategy/local_cache.rb:83:in `call'
  rack (1.5.5) lib/rack/lock.rb:17:in `call'
  actionpack (4.0.2) lib/action_dispatch/middleware/static.rb:64:in `call'
  rack (1.5.5) lib/rack/sendfile.rb:112:in `call'
  railties (4.0.2) lib/rails/engine.rb:511:in `call'
  railties (4.0.2) lib/rails/application.rb:97:in `call'
  rack (1.5.5) lib/rack/lock.rb:17:in `call'
  rack (1.5.5) lib/rack/content_length.rb:14:in `call'
  rack (1.5.5) lib/rack/handler/webrick.rb:60:in `service'
  /usr/lib/ruby/1.9.1/webrick/httpserver.rb:138:in `service'
  /usr/lib/ruby/1.9.1/webrick/httpserver.rb:94:in `run'
  /usr/lib/ruby/1.9.1/webrick/server.rb:191:in `block in start_thread'


  Rendered /usr/lib/ruby/gems/1.9.1/gems/actionpack-4.0.2/lib/action_dispatch/middleware/templates/rescues/_trace.erb (3.5ms)
  Rendered /usr/lib/ruby/gems/1.9.1/gems/actionpack-4.0.2/lib/action_dispatch/middleware/templates/rescues/_request_and_response.erb (2.7ms)
  Rendered /usr/lib/ruby/gems/1.9.1/gems/actionpack-4.0.2/lib/action_dispatch/middleware/templates/rescues/template_error.erb within rescues/layout (25.2ms)


Started GET "/cats" for 127.0.0.1 at 2015-08-19 14:53:54 +0200
Processing by CatsController#index as HTML
  [1m[36mCats Load (0.9ms)[0m  [1mSELECT "cats".* FROM "cats"[0m
  Rendered cats/index.html.erb within layouts/application (55.5ms)
Completed 500 Internal Server Error in 75ms

ActionView::Template::Error (undefined local variable or method `cats' for #<#<Class:0x007f0e8c06d4b0>:0x00000002e19798>):
    11:     <tr>
    12:       <td><%= cat.category %></td>
    13:       <td><%= cat.title %></td>
    14: 	  <td><%= link_to 'Show', cats_path(cats) %></td>
    15:       <td><%= link_to 'Edit', edit_cats_path(cats) %></td>
    16:     </tr>
    17:   <% end %>
  app/views/cats/index.html.erb:14:in `block in _app_views_cats_index_html_erb___4050951937529889211_29996640'
  app/views/cats/index.html.erb:10:in `_app_views_cats_index_html_erb___4050951937529889211_29996640'


  Rendered /usr/lib/ruby/gems/1.9.1/gems/actionpack-4.0.2/lib/action_dispatch/middleware/templates/rescues/_trace.erb (3.4ms)
  Rendered /usr/lib/ruby/gems/1.9.1/gems/actionpack-4.0.2/lib/action_dispatch/middleware/templates/rescues/_request_and_response.erb (2.8ms)
  Rendered /usr/lib/ruby/gems/1.9.1/gems/actionpack-4.0.2/lib/action_dispatch/middleware/templates/rescues/template_error.erb within rescues/layout (24.8ms)


Started GET "/cats" for 127.0.0.1 at 2015-08-19 14:54:11 +0200
Processing by CatsController#index as HTML
  [1m[35mCats Load (0.6ms)[0m  SELECT "cats".* FROM "cats"
  Rendered cats/index.html.erb within layouts/application (41.7ms)
Completed 500 Internal Server Error in 50ms

ActionView::Template::Error (undefined local variable or method `cats' for #<#<Class:0x007f0e8c06d4b0>:0x007f0e98009580>):
    12:       <td><%= cat.category %></td>
    13:       <td><%= cat.title %></td>
    14: 	  <td><%= link_to 'Show', cats_path(cat) %></td>
    15:       <td><%= link_to 'Edit', edit_cats_path(cats) %></td>
    16:     </tr>
    17:   <% end %>
    18: </table>
  app/views/cats/index.html.erb:15:in `block in _app_views_cats_index_html_erb___4050951937529889211_69850328219540'
  app/views/cats/index.html.erb:10:in `_app_views_cats_index_html_erb___4050951937529889211_69850328219540'


  Rendered /usr/lib/ruby/gems/1.9.1/gems/actionpack-4.0.2/lib/action_dispatch/middleware/templates/rescues/_trace.erb (3.6ms)
  Rendered /usr/lib/ruby/gems/1.9.1/gems/actionpack-4.0.2/lib/action_dispatch/middleware/templates/rescues/_request_and_response.erb (2.7ms)
  Rendered /usr/lib/ruby/gems/1.9.1/gems/actionpack-4.0.2/lib/action_dispatch/middleware/templates/rescues/template_error.erb within rescues/layout (26.4ms)


Started GET "/cats" for 127.0.0.1 at 2015-08-19 14:54:22 +0200
Processing by CatsController#index as HTML
  [1m[36mCats Load (0.6ms)[0m  [1mSELECT "cats".* FROM "cats"[0m
  Rendered cats/index.html.erb within layouts/application (33.4ms)
Completed 500 Internal Server Error in 46ms

ActionView::Template::Error (undefined method `edit_cats_path' for #<#<Class:0x007f0e8c06d4b0>:0x007f0e9caf29e8>):
    12:       <td><%= cat.category %></td>
    13:       <td><%= cat.title %></td>
    14: 	  <td><%= link_to 'Show', cats_path(cat) %></td>
    15:       <td><%= link_to 'Edit', edit_cats_path(cat) %></td>
    16:     </tr>
    17:   <% end %>
    18: </table>
  app/views/cats/index.html.erb:15:in `block in _app_views_cats_index_html_erb___4050951937529889211_69850367494780'
  app/views/cats/index.html.erb:10:in `_app_views_cats_index_html_erb___4050951937529889211_69850367494780'


  Rendered /usr/lib/ruby/gems/1.9.1/gems/actionpack-4.0.2/lib/action_dispatch/middleware/templates/rescues/_trace.erb (3.9ms)
  Rendered /usr/lib/ruby/gems/1.9.1/gems/actionpack-4.0.2/lib/action_dispatch/middleware/templates/rescues/_request_and_response.erb (3.3ms)
  Rendered /usr/lib/ruby/gems/1.9.1/gems/actionpack-4.0.2/lib/action_dispatch/middleware/templates/rescues/template_error.erb within rescues/layout (26.1ms)


Started GET "/cats" for 127.0.0.1 at 2015-08-19 14:54:43 +0200
Processing by CatsController#index as HTML
  [1m[35mCats Load (0.7ms)[0m  SELECT "cats".* FROM "cats"
  Rendered cats/index.html.erb within layouts/application (9.2ms)
Completed 200 OK in 30ms (Views: 26.8ms | ActiveRecord: 0.7ms)


Started GET "/assets/application.css?body=1" for 127.0.0.1 at 2015-08-19 14:54:43 +0200


Started GET "/assets/cats.css?body=1" for 127.0.0.1 at 2015-08-19 14:54:43 +0200


Started GET "/assets/welcome.css?body=1" for 127.0.0.1 at 2015-08-19 14:54:43 +0200


Started GET "/assets/jquery.js?body=1" for 127.0.0.1 at 2015-08-19 14:54:43 +0200


Started GET "/assets/jquery_ujs.js?body=1" for 127.0.0.1 at 2015-08-19 14:54:43 +0200


Started GET "/assets/welcome.js?body=1" for 127.0.0.1 at 2015-08-19 14:54:43 +0200


Started GET "/assets/turbolinks.js?body=1" for 127.0.0.1 at 2015-08-19 14:54:43 +0200


Started GET "/assets/cats.js?body=1" for 127.0.0.1 at 2015-08-19 14:54:43 +0200


Started GET "/assets/application.js?body=1" for 127.0.0.1 at 2015-08-19 14:54:43 +0200


Started GET "/cats.1" for 127.0.0.1 at 2015-08-19 14:54:47 +0200
Processing by CatsController#index as 
  [1m[36mCats Load (0.6ms)[0m  [1mSELECT "cats".* FROM "cats"[0m
  Rendered cats/index.html.erb within layouts/application (7.6ms)
Completed 200 OK in 26ms (Views: 22.2ms | ActiveRecord: 0.6ms)


Started GET "/cats/1/edit" for 127.0.0.1 at 2015-08-19 14:54:51 +0200
Processing by CatsController#edit as HTML
  Parameters: {"id"=>"1"}
  [1m[35mCats Load (0.6ms)[0m  SELECT "cats".* FROM "cats" WHERE "cats"."id" = ? LIMIT 1  [["id", "1"]]
  Rendered cats/edit.html.erb within layouts/application (14.3ms)
Completed 200 OK in 33ms (Views: 27.1ms | ActiveRecord: 0.6ms)


Started PATCH "/cats.1" for 127.0.0.1 at 2015-08-19 14:54:57 +0200

ActionController::RoutingError (No route matches [PATCH] "/cats.1"):
  actionpack (4.0.2) lib/action_dispatch/middleware/debug_exceptions.rb:21:in `call'
  actionpack (4.0.2) lib/action_dispatch/middleware/show_exceptions.rb:30:in `call'
  railties (4.0.2) lib/rails/rack/logger.rb:38:in `call_app'
  railties (4.0.2) lib/rails/rack/logger.rb:20:in `block in call'
  activesupport (4.0.2) lib/active_support/tagged_logging.rb:67:in `block in tagged'
  activesupport (4.0.2) lib/active_support/tagged_logging.rb:25:in `tagged'
  activesupport (4.0.2) lib/active_support/tagged_logging.rb:67:in `tagged'
  railties (4.0.2) lib/rails/rack/logger.rb:20:in `call'
  actionpack (4.0.2) lib/action_dispatch/middleware/request_id.rb:21:in `call'
  rack (1.5.5) lib/rack/methodoverride.rb:21:in `call'
  rack (1.5.5) lib/rack/runtime.rb:17:in `call'
  activesupport (4.0.2) lib/active_support/cache/strategy/local_cache.rb:83:in `call'
  rack (1.5.5) lib/rack/lock.rb:17:in `call'
  actionpack (4.0.2) lib/action_dispatch/middleware/static.rb:64:in `call'
  rack (1.5.5) lib/rack/sendfile.rb:112:in `call'
  railties (4.0.2) lib/rails/engine.rb:511:in `call'
  railties (4.0.2) lib/rails/application.rb:97:in `call'
  rack (1.5.5) lib/rack/lock.rb:17:in `call'
  rack (1.5.5) lib/rack/content_length.rb:14:in `call'
  rack (1.5.5) lib/rack/handler/webrick.rb:60:in `service'
  /usr/lib/ruby/1.9.1/webrick/httpserver.rb:138:in `service'
  /usr/lib/ruby/1.9.1/webrick/httpserver.rb:94:in `run'
  /usr/lib/ruby/1.9.1/webrick/server.rb:191:in `block in start_thread'


  Rendered /usr/lib/ruby/gems/1.9.1/gems/actionpack-4.0.2/lib/action_dispatch/middleware/templates/rescues/_trace.erb (3.9ms)
  Rendered /usr/lib/ruby/gems/1.9.1/gems/actionpack-4.0.2/lib/action_dispatch/middleware/templates/routes/_route.html.erb (3.5ms)
  Rendered /usr/lib/ruby/gems/1.9.1/gems/actionpack-4.0.2/lib/action_dispatch/middleware/templates/routes/_table.html.erb (3.3ms)
  Rendered /usr/lib/ruby/gems/1.9.1/gems/actionpack-4.0.2/lib/action_dispatch/middleware/templates/rescues/routing_error.erb within rescues/layout (47.7ms)


Started GET "/cats" for 127.0.0.1 at 2015-08-19 14:55:08 +0200
Processing by CatsController#index as HTML
  [1m[36mCats Load (0.5ms)[0m  [1mSELECT "cats".* FROM "cats"[0m
  Rendered cats/index.html.erb within layouts/application (9.6ms)
Completed 200 OK in 33ms (Views: 29.8ms | ActiveRecord: 0.5ms)


Started GET "/assets/application.css?body=1" for 127.0.0.1 at 2015-08-19 14:55:08 +0200


Started GET "/assets/cats.css?body=1" for 127.0.0.1 at 2015-08-19 14:55:08 +0200


Started GET "/assets/welcome.css?body=1" for 127.0.0.1 at 2015-08-19 14:55:08 +0200


Started GET "/assets/jquery.js?body=1" for 127.0.0.1 at 2015-08-19 14:55:08 +0200


Started GET "/assets/cats.js?body=1" for 127.0.0.1 at 2015-08-19 14:55:08 +0200


Started GET "/assets/turbolinks.js?body=1" for 127.0.0.1 at 2015-08-19 14:55:08 +0200


Started GET "/assets/jquery_ujs.js?body=1" for 127.0.0.1 at 2015-08-19 14:55:08 +0200


Started GET "/assets/welcome.js?body=1" for 127.0.0.1 at 2015-08-19 14:55:08 +0200


Started GET "/assets/application.js?body=1" for 127.0.0.1 at 2015-08-19 14:55:08 +0200


Started GET "/cats/1/edit" for 127.0.0.1 at 2015-08-19 14:56:06 +0200
Processing by CatsController#edit as HTML
  Parameters: {"id"=>"1"}
  [1m[35mCats Load (0.4ms)[0m  SELECT "cats".* FROM "cats" WHERE "cats"."id" = ? LIMIT 1  [["id", "1"]]
  Rendered cats/edit.html.erb within layouts/application (7.0ms)
Completed 200 OK in 22ms (Views: 17.8ms | ActiveRecord: 0.4ms)


Started PATCH "/cats.1" for 127.0.0.1 at 2015-08-19 14:56:11 +0200

ActionController::RoutingError (No route matches [PATCH] "/cats.1"):
  actionpack (4.0.2) lib/action_dispatch/middleware/debug_exceptions.rb:21:in `call'
  actionpack (4.0.2) lib/action_dispatch/middleware/show_exceptions.rb:30:in `call'
  railties (4.0.2) lib/rails/rack/logger.rb:38:in `call_app'
  railties (4.0.2) lib/rails/rack/logger.rb:20:in `block in call'
  activesupport (4.0.2) lib/active_support/tagged_logging.rb:67:in `block in tagged'
  activesupport (4.0.2) lib/active_support/tagged_logging.rb:25:in `tagged'
  activesupport (4.0.2) lib/active_support/tagged_logging.rb:67:in `tagged'
  railties (4.0.2) lib/rails/rack/logger.rb:20:in `call'
  actionpack (4.0.2) lib/action_dispatch/middleware/request_id.rb:21:in `call'
  rack (1.5.5) lib/rack/methodoverride.rb:21:in `call'
  rack (1.5.5) lib/rack/runtime.rb:17:in `call'
  activesupport (4.0.2) lib/active_support/cache/strategy/local_cache.rb:83:in `call'
  rack (1.5.5) lib/rack/lock.rb:17:in `call'
  actionpack (4.0.2) lib/action_dispatch/middleware/static.rb:64:in `call'
  rack (1.5.5) lib/rack/sendfile.rb:112:in `call'
  railties (4.0.2) lib/rails/engine.rb:511:in `call'
  railties (4.0.2) lib/rails/application.rb:97:in `call'
  rack (1.5.5) lib/rack/lock.rb:17:in `call'
  rack (1.5.5) lib/rack/content_length.rb:14:in `call'
  rack (1.5.5) lib/rack/handler/webrick.rb:60:in `service'
  /usr/lib/ruby/1.9.1/webrick/httpserver.rb:138:in `service'
  /usr/lib/ruby/1.9.1/webrick/httpserver.rb:94:in `run'
  /usr/lib/ruby/1.9.1/webrick/server.rb:191:in `block in start_thread'


  Rendered /usr/lib/ruby/gems/1.9.1/gems/actionpack-4.0.2/lib/action_dispatch/middleware/templates/rescues/_trace.erb (3.3ms)
  Rendered /usr/lib/ruby/gems/1.9.1/gems/actionpack-4.0.2/lib/action_dispatch/middleware/templates/routes/_route.html.erb (3.7ms)
  Rendered /usr/lib/ruby/gems/1.9.1/gems/actionpack-4.0.2/lib/action_dispatch/middleware/templates/routes/_table.html.erb (3.2ms)
  Rendered /usr/lib/ruby/gems/1.9.1/gems/actionpack-4.0.2/lib/action_dispatch/middleware/templates/rescues/routing_error.erb within rescues/layout (44.0ms)


Started PATCH "/cats.1" for 127.0.0.1 at 2015-08-19 15:01:47 +0200

ActionController::RoutingError (No route matches [PATCH] "/cats.1"):
  actionpack (4.0.2) lib/action_dispatch/middleware/debug_exceptions.rb:21:in `call'
  actionpack (4.0.2) lib/action_dispatch/middleware/show_exceptions.rb:30:in `call'
  railties (4.0.2) lib/rails/rack/logger.rb:38:in `call_app'
  railties (4.0.2) lib/rails/rack/logger.rb:20:in `block in call'
  activesupport (4.0.2) lib/active_support/tagged_logging.rb:67:in `block in tagged'
  activesupport (4.0.2) lib/active_support/tagged_logging.rb:25:in `tagged'
  activesupport (4.0.2) lib/active_support/tagged_logging.rb:67:in `tagged'
  railties (4.0.2) lib/rails/rack/logger.rb:20:in `call'
  actionpack (4.0.2) lib/action_dispatch/middleware/request_id.rb:21:in `call'
  rack (1.5.5) lib/rack/methodoverride.rb:21:in `call'
  rack (1.5.5) lib/rack/runtime.rb:17:in `call'
  activesupport (4.0.2) lib/active_support/cache/strategy/local_cache.rb:83:in `call'
  rack (1.5.5) lib/rack/lock.rb:17:in `call'
  actionpack (4.0.2) lib/action_dispatch/middleware/static.rb:64:in `call'
  rack (1.5.5) lib/rack/sendfile.rb:112:in `call'
  railties (4.0.2) lib/rails/engine.rb:511:in `call'
  railties (4.0.2) lib/rails/application.rb:97:in `call'
  rack (1.5.5) lib/rack/lock.rb:17:in `call'
  rack (1.5.5) lib/rack/content_length.rb:14:in `call'
  rack (1.5.5) lib/rack/handler/webrick.rb:60:in `service'
  /usr/lib/ruby/1.9.1/webrick/httpserver.rb:138:in `service'
  /usr/lib/ruby/1.9.1/webrick/httpserver.rb:94:in `run'
  /usr/lib/ruby/1.9.1/webrick/server.rb:191:in `block in start_thread'


  Rendered /usr/lib/ruby/gems/1.9.1/gems/actionpack-4.0.2/lib/action_dispatch/middleware/templates/rescues/_trace.erb (3.2ms)
  Rendered /usr/lib/ruby/gems/1.9.1/gems/actionpack-4.0.2/lib/action_dispatch/middleware/templates/routes/_route.html.erb (3.3ms)
  Rendered /usr/lib/ruby/gems/1.9.1/gems/actionpack-4.0.2/lib/action_dispatch/middleware/templates/routes/_table.html.erb (3.1ms)
  Rendered /usr/lib/ruby/gems/1.9.1/gems/actionpack-4.0.2/lib/action_dispatch/middleware/templates/rescues/routing_error.erb within rescues/layout (60.3ms)


Started GET "/cats/new" for 127.0.0.1 at 2015-08-19 15:01:53 +0200
Processing by CatsController#new as HTML
  Rendered cats/new.html.erb within layouts/application (9.5ms)
Completed 200 OK in 30ms (Views: 26.7ms | ActiveRecord: 0.0ms)


Started GET "/assets/application.css?body=1" for 127.0.0.1 at 2015-08-19 15:01:53 +0200


Started GET "/assets/cats.css?body=1" for 127.0.0.1 at 2015-08-19 15:01:53 +0200


Started GET "/assets/welcome.css?body=1" for 127.0.0.1 at 2015-08-19 15:01:53 +0200


Started GET "/assets/jquery.js?body=1" for 127.0.0.1 at 2015-08-19 15:01:53 +0200


Started GET "/assets/jquery_ujs.js?body=1" for 127.0.0.1 at 2015-08-19 15:01:53 +0200


Started GET "/assets/welcome.js?body=1" for 127.0.0.1 at 2015-08-19 15:01:53 +0200


Started GET "/assets/cats.js?body=1" for 127.0.0.1 at 2015-08-19 15:01:53 +0200


Started GET "/assets/turbolinks.js?body=1" for 127.0.0.1 at 2015-08-19 15:01:53 +0200


Started GET "/assets/application.js?body=1" for 127.0.0.1 at 2015-08-19 15:01:53 +0200


Started POST "/cats" for 127.0.0.1 at 2015-08-19 15:01:55 +0200
Processing by CatsController#create as HTML
  Parameters: {"utf8"=>"âœ“", "authenticity_token"=>"049o8tTGq5wyvPOW8Zp7eKPLlEfE/DMzhFHyOeXEEXs=", "cat"=>{"category"=>"", "title"=>""}, "commit"=>"Save Cat"}
  [1m[36m (0.3ms)[0m  [1mbegin transaction[0m
  [1m[35m (0.3ms)[0m  rollback transaction
  Rendered cats/new.html.erb within layouts/application (16.6ms)
Completed 200 OK in 49ms (Views: 29.1ms | ActiveRecord: 0.6ms)


Started GET "/assets/application.css?body=1" for 127.0.0.1 at 2015-08-19 15:01:56 +0200


Started GET "/assets/welcome.css?body=1" for 127.0.0.1 at 2015-08-19 15:01:56 +0200


Started GET "/assets/cats.css?body=1" for 127.0.0.1 at 2015-08-19 15:01:56 +0200


Started GET "/assets/jquery_ujs.js?body=1" for 127.0.0.1 at 2015-08-19 15:01:56 +0200


Started GET "/assets/turbolinks.js?body=1" for 127.0.0.1 at 2015-08-19 15:01:56 +0200


Started GET "/assets/jquery.js?body=1" for 127.0.0.1 at 2015-08-19 15:01:56 +0200


Started GET "/assets/cats.js?body=1" for 127.0.0.1 at 2015-08-19 15:01:56 +0200


Started GET "/assets/application.js?body=1" for 127.0.0.1 at 2015-08-19 15:01:56 +0200


Started GET "/assets/welcome.js?body=1" for 127.0.0.1 at 2015-08-19 15:01:56 +0200


Started POST "/cats" for 127.0.0.1 at 2015-08-19 15:02:03 +0200
Processing by CatsController#create as HTML
  Parameters: {"utf8"=>"âœ“", "authenticity_token"=>"049o8tTGq5wyvPOW8Zp7eKPLlEfE/DMzhFHyOeXEEXs=", "cat"=>{"category"=>"rrr", "title"=>"eee"}, "commit"=>"Save Cat"}
  [1m[36m (0.2ms)[0m  [1mbegin transaction[0m
  [1m[35mSQL (2.8ms)[0m  INSERT INTO "cats" ("category", "created_at", "title", "updated_at") VALUES (?, ?, ?, ?)  [["category", "rrr"], ["created_at", Wed, 19 Aug 2015 13:02:03 UTC +00:00], ["title", "eee"], ["updated_at", Wed, 19 Aug 2015 13:02:03 UTC +00:00]]
  [1m[36m (181.2ms)[0m  [1mcommit transaction[0m
Redirected to http://localhost:3000/cats/3
Completed 302 Found in 199ms (ActiveRecord: 184.3ms)


Started GET "/cats/3" for 127.0.0.1 at 2015-08-19 15:02:03 +0200
Processing by CatsController#show as HTML
  Parameters: {"id"=>"3"}
  [1m[35mCats Load (0.4ms)[0m  SELECT "cats".* FROM "cats" WHERE "cats"."id" = ? LIMIT 1  [["id", "3"]]
  Rendered cats/show.html.erb within layouts/application (1.7ms)
Completed 200 OK in 22ms (Views: 17.2ms | ActiveRecord: 0.4ms)


Started GET "/assets/application.css?body=1" for 127.0.0.1 at 2015-08-19 15:02:03 +0200


Started GET "/assets/cats.css?body=1" for 127.0.0.1 at 2015-08-19 15:02:03 +0200


Started GET "/assets/jquery.js?body=1" for 127.0.0.1 at 2015-08-19 15:02:03 +0200


Started GET "/assets/jquery_ujs.js?body=1" for 127.0.0.1 at 2015-08-19 15:02:03 +0200


Started GET "/assets/welcome.css?body=1" for 127.0.0.1 at 2015-08-19 15:02:03 +0200


Started GET "/assets/turbolinks.js?body=1" for 127.0.0.1 at 2015-08-19 15:02:03 +0200


Started GET "/assets/cats.js?body=1" for 127.0.0.1 at 2015-08-19 15:02:03 +0200


Started GET "/assets/welcome.js?body=1" for 127.0.0.1 at 2015-08-19 15:02:03 +0200


Started GET "/assets/application.js?body=1" for 127.0.0.1 at 2015-08-19 15:02:03 +0200


Started GET "/cats/" for 127.0.0.1 at 2015-08-19 15:02:12 +0200
Processing by CatsController#index as HTML
  [1m[36mCats Load (1.9ms)[0m  [1mSELECT "cats".* FROM "cats"[0m
  Rendered cats/index.html.erb within layouts/application (15.4ms)
Completed 200 OK in 47ms (Views: 42.2ms | ActiveRecord: 1.9ms)


Started GET "/assets/application.css?body=1" for 127.0.0.1 at 2015-08-19 15:02:12 +0200


Started GET "/assets/cats.css?body=1" for 127.0.0.1 at 2015-08-19 15:02:12 +0200


Started GET "/assets/welcome.css?body=1" for 127.0.0.1 at 2015-08-19 15:02:12 +0200


Started GET "/assets/jquery.js?body=1" for 127.0.0.1 at 2015-08-19 15:02:12 +0200


Started GET "/assets/turbolinks.js?body=1" for 127.0.0.1 at 2015-08-19 15:02:12 +0200


Started GET "/assets/welcome.js?body=1" for 127.0.0.1 at 2015-08-19 15:02:12 +0200


Started GET "/assets/jquery_ujs.js?body=1" for 127.0.0.1 at 2015-08-19 15:02:12 +0200


Started GET "/assets/cats.js?body=1" for 127.0.0.1 at 2015-08-19 15:02:12 +0200


Started GET "/assets/application.js?body=1" for 127.0.0.1 at 2015-08-19 15:02:12 +0200


Started GET "/cats.2" for 127.0.0.1 at 2015-08-19 15:02:16 +0200
Processing by CatsController#index as 
  [1m[35mCats Load (0.5ms)[0m  SELECT "cats".* FROM "cats"
  Rendered cats/index.html.erb within layouts/application (7.2ms)
Completed 200 OK in 33ms (Views: 30.5ms | ActiveRecord: 0.5ms)


Started GET "/cats.3" for 127.0.0.1 at 2015-08-19 15:02:20 +0200
Processing by CatsController#index as 
  [1m[36mCats Load (0.5ms)[0m  [1mSELECT "cats".* FROM "cats"[0m
  Rendered cats/index.html.erb within layouts/application (5.5ms)
Completed 200 OK in 25ms (Views: 22.6ms | ActiveRecord: 0.5ms)


Started GET "/cats/3/edit" for 127.0.0.1 at 2015-08-19 15:02:27 +0200
Processing by CatsController#edit as HTML
  Parameters: {"id"=>"3"}
  [1m[35mCats Load (0.4ms)[0m  SELECT "cats".* FROM "cats" WHERE "cats"."id" = ? LIMIT 1  [["id", "3"]]
  Rendered cats/edit.html.erb within layouts/application (5.6ms)
Completed 200 OK in 21ms (Views: 16.4ms | ActiveRecord: 0.4ms)


Started PATCH "/cats.3" for 127.0.0.1 at 2015-08-19 15:02:31 +0200

ActionController::RoutingError (No route matches [PATCH] "/cats.3"):
  actionpack (4.0.2) lib/action_dispatch/middleware/debug_exceptions.rb:21:in `call'
  actionpack (4.0.2) lib/action_dispatch/middleware/show_exceptions.rb:30:in `call'
  railties (4.0.2) lib/rails/rack/logger.rb:38:in `call_app'
  railties (4.0.2) lib/rails/rack/logger.rb:20:in `block in call'
  activesupport (4.0.2) lib/active_support/tagged_logging.rb:67:in `block in tagged'
  activesupport (4.0.2) lib/active_support/tagged_logging.rb:25:in `tagged'
  activesupport (4.0.2) lib/active_support/tagged_logging.rb:67:in `tagged'
  railties (4.0.2) lib/rails/rack/logger.rb:20:in `call'
  actionpack (4.0.2) lib/action_dispatch/middleware/request_id.rb:21:in `call'
  rack (1.5.5) lib/rack/methodoverride.rb:21:in `call'
  rack (1.5.5) lib/rack/runtime.rb:17:in `call'
  activesupport (4.0.2) lib/active_support/cache/strategy/local_cache.rb:83:in `call'
  rack (1.5.5) lib/rack/lock.rb:17:in `call'
  actionpack (4.0.2) lib/action_dispatch/middleware/static.rb:64:in `call'
  rack (1.5.5) lib/rack/sendfile.rb:112:in `call'
  railties (4.0.2) lib/rails/engine.rb:511:in `call'
  railties (4.0.2) lib/rails/application.rb:97:in `call'
  rack (1.5.5) lib/rack/lock.rb:17:in `call'
  rack (1.5.5) lib/rack/content_length.rb:14:in `call'
  rack (1.5.5) lib/rack/handler/webrick.rb:60:in `service'
  /usr/lib/ruby/1.9.1/webrick/httpserver.rb:138:in `service'
  /usr/lib/ruby/1.9.1/webrick/httpserver.rb:94:in `run'
  /usr/lib/ruby/1.9.1/webrick/server.rb:191:in `block in start_thread'


  Rendered /usr/lib/ruby/gems/1.9.1/gems/actionpack-4.0.2/lib/action_dispatch/middleware/templates/rescues/_trace.erb (9.2ms)
  Rendered /usr/lib/ruby/gems/1.9.1/gems/actionpack-4.0.2/lib/action_dispatch/middleware/templates/routes/_route.html.erb (3.5ms)
  Rendered /usr/lib/ruby/gems/1.9.1/gems/actionpack-4.0.2/lib/action_dispatch/middleware/templates/routes/_table.html.erb (7.6ms)
  Rendered /usr/lib/ruby/gems/1.9.1/gems/actionpack-4.0.2/lib/action_dispatch/middleware/templates/rescues/routing_error.erb within rescues/layout (59.7ms)


Started GET "/cats" for 127.0.0.1 at 2015-08-19 15:07:03 +0200
Processing by CatsController#index as HTML
  [1m[36mCats Load (1.0ms)[0m  [1mSELECT "cats".* FROM "cats"[0m
  Rendered cats/index.html.erb within layouts/application (30.4ms)
Completed 200 OK in 54ms (Views: 40.5ms | ActiveRecord: 2.4ms)


Started GET "/assets/application.css?body=1" for 127.0.0.1 at 2015-08-19 15:07:04 +0200


Started GET "/assets/cats.css?body=1" for 127.0.0.1 at 2015-08-19 15:07:04 +0200


Started GET "/assets/welcome.css?body=1" for 127.0.0.1 at 2015-08-19 15:07:04 +0200


Started GET "/assets/cats.js?body=1" for 127.0.0.1 at 2015-08-19 15:07:04 +0200


Started GET "/assets/jquery.js?body=1" for 127.0.0.1 at 2015-08-19 15:07:04 +0200


Started GET "/assets/jquery_ujs.js?body=1" for 127.0.0.1 at 2015-08-19 15:07:04 +0200


Started GET "/assets/welcome.js?body=1" for 127.0.0.1 at 2015-08-19 15:07:04 +0200


Started GET "/assets/turbolinks.js?body=1" for 127.0.0.1 at 2015-08-19 15:07:04 +0200


Started GET "/assets/application.js?body=1" for 127.0.0.1 at 2015-08-19 15:07:04 +0200


Started DELETE "/cats/1" for 127.0.0.1 at 2015-08-19 15:07:09 +0200
Processing by CatsController#destroy as HTML
  Parameters: {"authenticity_token"=>"049o8tTGq5wyvPOW8Zp7eKPLlEfE/DMzhFHyOeXEEXs=", "id"=>"1"}
  [1m[35mCats Load (0.6ms)[0m  SELECT "cats".* FROM "cats" WHERE "cats"."id" = ? LIMIT 1  [["id", "1"]]
  [1m[36m (0.3ms)[0m  [1mbegin transaction[0m
  [1m[35mSQL (1.2ms)[0m  DELETE FROM "cats" WHERE "cats"."id" = ?  [["id", 1]]
  [1m[36m (104.6ms)[0m  [1mcommit transaction[0m
Redirected to http://localhost:3000/cats
Completed 302 Found in 125ms (ActiveRecord: 106.7ms)


Started GET "/cats" for 127.0.0.1 at 2015-08-19 15:07:09 +0200
Processing by CatsController#index as HTML
  [1m[35mCats Load (0.7ms)[0m  SELECT "cats".* FROM "cats"
  Rendered cats/index.html.erb within layouts/application (6.5ms)
Completed 200 OK in 21ms (Views: 17.6ms | ActiveRecord: 0.7ms)


Started GET "/assets/application.css?body=1" for 127.0.0.1 at 2015-08-19 15:07:09 +0200


Started GET "/assets/cats.css?body=1" for 127.0.0.1 at 2015-08-19 15:07:09 +0200


Started GET "/assets/welcome.css?body=1" for 127.0.0.1 at 2015-08-19 15:07:09 +0200


Started GET "/assets/cats.js?body=1" for 127.0.0.1 at 2015-08-19 15:07:09 +0200


Started GET "/assets/turbolinks.js?body=1" for 127.0.0.1 at 2015-08-19 15:07:09 +0200


Started GET "/assets/jquery_ujs.js?body=1" for 127.0.0.1 at 2015-08-19 15:07:09 +0200


Started GET "/assets/jquery.js?body=1" for 127.0.0.1 at 2015-08-19 15:07:09 +0200


Started GET "/assets/welcome.js?body=1" for 127.0.0.1 at 2015-08-19 15:07:09 +0200


Started GET "/assets/application.js?body=1" for 127.0.0.1 at 2015-08-19 15:07:09 +0200


Started GET "/cats/2/edit" for 127.0.0.1 at 2015-08-19 15:07:32 +0200
Processing by CatsController#edit as HTML
  Parameters: {"id"=>"2"}
  [1m[36mCats Load (0.5ms)[0m  [1mSELECT "cats".* FROM "cats" WHERE "cats"."id" = ? LIMIT 1[0m  [["id", "2"]]
  Rendered cats/edit.html.erb within layouts/application (6.9ms)
Completed 200 OK in 24ms (Views: 19.0ms | ActiveRecord: 0.5ms)


Started PATCH "/cats.2" for 127.0.0.1 at 2015-08-19 15:07:38 +0200

ActionController::RoutingError (No route matches [PATCH] "/cats.2"):
  actionpack (4.0.2) lib/action_dispatch/middleware/debug_exceptions.rb:21:in `call'
  actionpack (4.0.2) lib/action_dispatch/middleware/show_exceptions.rb:30:in `call'
  railties (4.0.2) lib/rails/rack/logger.rb:38:in `call_app'
  railties (4.0.2) lib/rails/rack/logger.rb:20:in `block in call'
  activesupport (4.0.2) lib/active_support/tagged_logging.rb:67:in `block in tagged'
  activesupport (4.0.2) lib/active_support/tagged_logging.rb:25:in `tagged'
  activesupport (4.0.2) lib/active_support/tagged_logging.rb:67:in `tagged'
  railties (4.0.2) lib/rails/rack/logger.rb:20:in `call'
  actionpack (4.0.2) lib/action_dispatch/middleware/request_id.rb:21:in `call'
  rack (1.5.5) lib/rack/methodoverride.rb:21:in `call'
  rack (1.5.5) lib/rack/runtime.rb:17:in `call'
  activesupport (4.0.2) lib/active_support/cache/strategy/local_cache.rb:83:in `call'
  rack (1.5.5) lib/rack/lock.rb:17:in `call'
  actionpack (4.0.2) lib/action_dispatch/middleware/static.rb:64:in `call'
  rack (1.5.5) lib/rack/sendfile.rb:112:in `call'
  railties (4.0.2) lib/rails/engine.rb:511:in `call'
  railties (4.0.2) lib/rails/application.rb:97:in `call'
  rack (1.5.5) lib/rack/lock.rb:17:in `call'
  rack (1.5.5) lib/rack/content_length.rb:14:in `call'
  rack (1.5.5) lib/rack/handler/webrick.rb:60:in `service'
  /usr/lib/ruby/1.9.1/webrick/httpserver.rb:138:in `service'
  /usr/lib/ruby/1.9.1/webrick/httpserver.rb:94:in `run'
  /usr/lib/ruby/1.9.1/webrick/server.rb:191:in `block in start_thread'


  Rendered /usr/lib/ruby/gems/1.9.1/gems/actionpack-4.0.2/lib/action_dispatch/middleware/templates/rescues/_trace.erb (3.1ms)
  Rendered /usr/lib/ruby/gems/1.9.1/gems/actionpack-4.0.2/lib/action_dispatch/middleware/templates/routes/_route.html.erb (3.4ms)
  Rendered /usr/lib/ruby/gems/1.9.1/gems/actionpack-4.0.2/lib/action_dispatch/middleware/templates/routes/_table.html.erb (3.3ms)
  Rendered /usr/lib/ruby/gems/1.9.1/gems/actionpack-4.0.2/lib/action_dispatch/middleware/templates/rescues/routing_error.erb within rescues/layout (42.5ms)


Started PATCH "/cats.2" for 127.0.0.1 at 2015-08-19 15:08:10 +0200

ActionController::RoutingError (No route matches [PATCH] "/cats.2"):
  actionpack (4.0.2) lib/action_dispatch/middleware/debug_exceptions.rb:21:in `call'
  actionpack (4.0.2) lib/action_dispatch/middleware/show_exceptions.rb:30:in `call'
  railties (4.0.2) lib/rails/rack/logger.rb:38:in `call_app'
  railties (4.0.2) lib/rails/rack/logger.rb:20:in `block in call'
  activesupport (4.0.2) lib/active_support/tagged_logging.rb:67:in `block in tagged'
  activesupport (4.0.2) lib/active_support/tagged_logging.rb:25:in `tagged'
  activesupport (4.0.2) lib/active_support/tagged_logging.rb:67:in `tagged'
  railties (4.0.2) lib/rails/rack/logger.rb:20:in `call'
  actionpack (4.0.2) lib/action_dispatch/middleware/request_id.rb:21:in `call'
  rack (1.5.5) lib/rack/methodoverride.rb:21:in `call'
  rack (1.5.5) lib/rack/runtime.rb:17:in `call'
  activesupport (4.0.2) lib/active_support/cache/strategy/local_cache.rb:83:in `call'
  rack (1.5.5) lib/rack/lock.rb:17:in `call'
  actionpack (4.0.2) lib/action_dispatch/middleware/static.rb:64:in `call'
  rack (1.5.5) lib/rack/sendfile.rb:112:in `call'
  railties (4.0.2) lib/rails/engine.rb:511:in `call'
  railties (4.0.2) lib/rails/application.rb:97:in `call'
  rack (1.5.5) lib/rack/lock.rb:17:in `call'
  rack (1.5.5) lib/rack/content_length.rb:14:in `call'
  rack (1.5.5) lib/rack/handler/webrick.rb:60:in `service'
  /usr/lib/ruby/1.9.1/webrick/httpserver.rb:138:in `service'
  /usr/lib/ruby/1.9.1/webrick/httpserver.rb:94:in `run'
  /usr/lib/ruby/1.9.1/webrick/server.rb:191:in `block in start_thread'


  Rendered /usr/lib/ruby/gems/1.9.1/gems/actionpack-4.0.2/lib/action_dispatch/middleware/templates/rescues/_trace.erb (3.6ms)
  Rendered /usr/lib/ruby/gems/1.9.1/gems/actionpack-4.0.2/lib/action_dispatch/middleware/templates/routes/_route.html.erb (3.5ms)
  Rendered /usr/lib/ruby/gems/1.9.1/gems/actionpack-4.0.2/lib/action_dispatch/middleware/templates/routes/_table.html.erb (3.6ms)
  Rendered /usr/lib/ruby/gems/1.9.1/gems/actionpack-4.0.2/lib/action_dispatch/middleware/templates/rescues/routing_error.erb within rescues/layout (42.5ms)
  [1m[36mActiveRecord::SchemaMigration Load (0.5ms)[0m  [1mSELECT "schema_migrations".* FROM "schema_migrations"[0m
Migrating to CreateRates (20150819131413)
  [1m[35m (0.3ms)[0m  begin transaction
  [1m[36m (1.2ms)[0m  [1mCREATE TABLE "rates" ("id" INTEGER PRIMARY KEY AUTOINCREMENT NOT NULL, "body" integer, "category_id" integer, "created_at" datetime, "updated_at" datetime) [0m
  [1m[35m (0.6ms)[0m  CREATE INDEX "index_rates_on_category_id" ON "rates" ("category_id")
  [1m[36m (0.5ms)[0m  [1mrollback transaction[0m
  [1m[36mActiveRecord::SchemaMigration Load (0.5ms)[0m  [1mSELECT "schema_migrations".* FROM "schema_migrations"[0m
Migrating to CreateRates (20150819131413)
  [1m[35m (0.3ms)[0m  begin transaction
  [1m[36m (1.2ms)[0m  [1mCREATE TABLE "rates" ("id" INTEGER PRIMARY KEY AUTOINCREMENT NOT NULL, "body" integer, "category_id" integer, "created_at" datetime, "updated_at" datetime) [0m
  [1m[35m (0.5ms)[0m  CREATE INDEX "index_rates_on_category_id" ON "rates" ("category_id")
  [1m[36mSQL (4.1ms)[0m  [1mINSERT INTO "schema_migrations" ("version") VALUES (?)[0m  [["version", "20150819131413"]]
  [1m[35m (146.7ms)[0m  commit transaction
  [1m[36mActiveRecord::SchemaMigration Load (0.6ms)[0m  [1mSELECT "schema_migrations".* FROM "schema_migrations"[0m
  [1m[36mActiveRecord::SchemaMigration Load (0.5ms)[0m  [1mSELECT "schema_migrations".* FROM "schema_migrations"[0m
  [1m[35mActiveRecord::SchemaMigration Load (0.4ms)[0m  SELECT "schema_migrations".* FROM "schema_migrations"


Started GET "/cats" for 127.0.0.1 at 2015-08-19 15:35:55 +0200
  [1m[35mActiveRecord::SchemaMigration Load (0.6ms)[0m  SELECT "schema_migrations".* FROM "schema_migrations"
Processing by CatsController#index as HTML
  [1m[36mCats Load (0.6ms)[0m  [1mSELECT "cats".* FROM "cats"[0m
  Rendered cats/index.html.erb within layouts/application (24.0ms)
Completed 200 OK in 777ms (Views: 738.1ms | ActiveRecord: 1.7ms)


Started GET "/assets/application.css?body=1" for 127.0.0.1 at 2015-08-19 15:35:56 +0200


Started GET "/assets/welcome.css?body=1" for 127.0.0.1 at 2015-08-19 15:35:56 +0200


Started GET "/assets/rate.css?body=1" for 127.0.0.1 at 2015-08-19 15:35:56 +0200


Started GET "/assets/cats.css?body=1" for 127.0.0.1 at 2015-08-19 15:35:56 +0200


Started GET "/assets/jquery.js?body=1" for 127.0.0.1 at 2015-08-19 15:35:56 +0200


Started GET "/assets/turbolinks.js?body=1" for 127.0.0.1 at 2015-08-19 15:35:57 +0200


Started GET "/assets/cats.js?body=1" for 127.0.0.1 at 2015-08-19 15:35:57 +0200


Started GET "/assets/jquery_ujs.js?body=1" for 127.0.0.1 at 2015-08-19 15:35:57 +0200


Started GET "/assets/rate.js?body=1" for 127.0.0.1 at 2015-08-19 15:35:57 +0200


Started GET "/assets/welcome.js?body=1" for 127.0.0.1 at 2015-08-19 15:35:57 +0200


Started GET "/assets/application.js?body=1" for 127.0.0.1 at 2015-08-19 15:35:57 +0200


Started GET "/cats.2" for 127.0.0.1 at 2015-08-19 15:36:02 +0200
Processing by CatsController#index as 
  [1m[35mCats Load (0.6ms)[0m  SELECT "cats".* FROM "cats"
  Rendered cats/index.html.erb within layouts/application (8.3ms)
Completed 200 OK in 33ms (Views: 29.4ms | ActiveRecord: 0.6ms)


Started GET "/cats/new" for 127.0.0.1 at 2015-08-19 15:36:10 +0200
Processing by CatsController#new as HTML
  Rendered cats/new.html.erb within layouts/application (15.9ms)
Completed 200 OK in 49ms (Views: 44.6ms | ActiveRecord: 0.0ms)


Started GET "/assets/application.css?body=1" for 127.0.0.1 at 2015-08-19 15:36:10 +0200


Started GET "/assets/cats.css?body=1" for 127.0.0.1 at 2015-08-19 15:36:10 +0200


Started GET "/assets/welcome.css?body=1" for 127.0.0.1 at 2015-08-19 15:36:10 +0200


Started GET "/assets/turbolinks.js?body=1" for 127.0.0.1 at 2015-08-19 15:36:10 +0200


Started GET "/assets/cats.js?body=1" for 127.0.0.1 at 2015-08-19 15:36:10 +0200


Started GET "/assets/rate.css?body=1" for 127.0.0.1 at 2015-08-19 15:36:10 +0200


Started GET "/assets/jquery.js?body=1" for 127.0.0.1 at 2015-08-19 15:36:10 +0200


Started GET "/assets/jquery_ujs.js?body=1" for 127.0.0.1 at 2015-08-19 15:36:10 +0200


Started GET "/assets/rate.js?body=1" for 127.0.0.1 at 2015-08-19 15:36:10 +0200


Started GET "/assets/welcome.js?body=1" for 127.0.0.1 at 2015-08-19 15:36:10 +0200


Started GET "/assets/application.js?body=1" for 127.0.0.1 at 2015-08-19 15:36:10 +0200


Started POST "/cats" for 127.0.0.1 at 2015-08-19 15:36:16 +0200
Processing by CatsController#create as HTML
  Parameters: {"utf8"=>"âœ“", "authenticity_token"=>"049o8tTGq5wyvPOW8Zp7eKPLlEfE/DMzhFHyOeXEEXs=", "cat"=>{"category"=>"ghghg", "title"=>"fjfjf"}, "commit"=>"Save Cat"}
  [1m[36m (0.3ms)[0m  [1mbegin transaction[0m
  [1m[35mSQL (1.3ms)[0m  INSERT INTO "cats" ("category", "created_at", "title", "updated_at") VALUES (?, ?, ?, ?)  [["category", "ghghg"], ["created_at", Wed, 19 Aug 2015 13:36:16 UTC +00:00], ["title", "fjfjf"], ["updated_at", Wed, 19 Aug 2015 13:36:16 UTC +00:00]]
  [1m[36m (161.0ms)[0m  [1mcommit transaction[0m
Redirected to http://localhost:3000/cats/4
Completed 302 Found in 183ms (ActiveRecord: 162.7ms)


Started GET "/cats/4" for 127.0.0.1 at 2015-08-19 15:36:16 +0200
Processing by CatsController#show as HTML
  Parameters: {"id"=>"4"}
  [1m[35mCats Load (0.7ms)[0m  SELECT "cats".* FROM "cats" WHERE "cats"."id" = ? LIMIT 1  [["id", "4"]]
  Rendered cats/show.html.erb within layouts/application (3.7ms)
Completed 500 Internal Server Error in 14ms

ActionView::Template::Error (undefined method `rates' for nil:NilClass):
    10: 
    11:  
    12: <h2>rates</h2>
    13: <% @cat.rates.each do |rate| %>
    14:  
    15:   <p>
    16:     <strong>rate:</strong>
  app/views/cats/show.html.erb:13:in `_app_views_cats_show_html_erb___3634998891681561282_69850228211140'


  Rendered /usr/lib/ruby/gems/1.9.1/gems/actionpack-4.0.2/lib/action_dispatch/middleware/templates/rescues/_trace.erb (75.5ms)
  Rendered /usr/lib/ruby/gems/1.9.1/gems/actionpack-4.0.2/lib/action_dispatch/middleware/templates/rescues/_request_and_response.erb (3.5ms)
  Rendered /usr/lib/ruby/gems/1.9.1/gems/actionpack-4.0.2/lib/action_dispatch/middleware/templates/rescues/template_error.erb within rescues/layout (97.2ms)


Started GET "/cats/4" for 127.0.0.1 at 2015-08-19 15:36:41 +0200
Processing by CatsController#show as HTML
  Parameters: {"id"=>"4"}
  [1m[36mCats Load (3.9ms)[0m  [1mSELECT "cats".* FROM "cats" WHERE "cats"."id" = ? LIMIT 1[0m  [["id", "4"]]
  Rendered cats/show.html.erb within layouts/application (11.3ms)
Completed 500 Internal Server Error in 36ms

ActionView::Template::Error (undefined method `rate' for nil:NilClass):
    10: 
    11:  
    12: <h2>rates</h2>
    13: <% @cat.rate.each do |rate| %>
    14:  
    15:   <p>
    16:     <strong>rate:</strong>
  app/views/cats/show.html.erb:13:in `_app_views_cats_show_html_erb___3634998891681561282_27860900'


  Rendered /usr/lib/ruby/gems/1.9.1/gems/actionpack-4.0.2/lib/action_dispatch/middleware/templates/rescues/_trace.erb (3.9ms)
  Rendered /usr/lib/ruby/gems/1.9.1/gems/actionpack-4.0.2/lib/action_dispatch/middleware/templates/rescues/_request_and_response.erb (2.9ms)
  Rendered /usr/lib/ruby/gems/1.9.1/gems/actionpack-4.0.2/lib/action_dispatch/middleware/templates/rescues/template_error.erb within rescues/layout (26.9ms)


Started GET "/cats/4" for 127.0.0.1 at 2015-08-19 15:37:03 +0200
Processing by CatsController#show as HTML
  Parameters: {"id"=>"4"}
  [1m[35mCats Load (0.6ms)[0m  SELECT "cats".* FROM "cats" WHERE "cats"."id" = ? LIMIT 1  [["id", "4"]]
  Rendered cats/show.html.erb within layouts/application (4.0ms)
Completed 500 Internal Server Error in 43ms

ActionView::Template::Error (undefined method `rates' for nil:NilClass):
    10: 
    11:  
    12: <h2>rates</h2>
    13: <% @cat.rates.each do |rate| %>
    14:  
    15:   <p>
    16:     <strong>rate:</strong>
  app/views/cats/show.html.erb:13:in `_app_views_cats_show_html_erb___3634998891681561282_69850363998800'


  Rendered /usr/lib/ruby/gems/1.9.1/gems/actionpack-4.0.2/lib/action_dispatch/middleware/templates/rescues/_trace.erb (3.3ms)
  Rendered /usr/lib/ruby/gems/1.9.1/gems/actionpack-4.0.2/lib/action_dispatch/middleware/templates/rescues/_request_and_response.erb (3.4ms)
  Rendered /usr/lib/ruby/gems/1.9.1/gems/actionpack-4.0.2/lib/action_dispatch/middleware/templates/rescues/template_error.erb within rescues/layout (25.1ms)


Started GET "/cats/4" for 127.0.0.1 at 2015-08-19 15:37:13 +0200
Processing by CatsController#show as HTML
  Parameters: {"id"=>"4"}
  [1m[36mCats Load (3.0ms)[0m  [1mSELECT "cats".* FROM "cats" WHERE "cats"."id" = ? LIMIT 1[0m  [["id", "4"]]
  Rendered cats/show.html.erb within layouts/application (4.0ms)
Completed 500 Internal Server Error in 17ms

ActionView::Template::Error (undefined method `rate' for nil:NilClass):
    10: 
    11:  
    12: <h2>rates</h2>
    13: <% @cat.rate.each do |rate| %>
    14:  
    15:   <p>
    16:     <strong>rate:</strong>
  app/views/cats/show.html.erb:13:in `_app_views_cats_show_html_erb___3634998891681561282_69850261476720'


  Rendered /usr/lib/ruby/gems/1.9.1/gems/actionpack-4.0.2/lib/action_dispatch/middleware/templates/rescues/_trace.erb (3.7ms)
  Rendered /usr/lib/ruby/gems/1.9.1/gems/actionpack-4.0.2/lib/action_dispatch/middleware/templates/rescues/_request_and_response.erb (2.9ms)
  Rendered /usr/lib/ruby/gems/1.9.1/gems/actionpack-4.0.2/lib/action_dispatch/middleware/templates/rescues/template_error.erb within rescues/layout (25.4ms)


Started GET "/cats/4" for 127.0.0.1 at 2015-08-19 15:37:35 +0200
Processing by CatsController#show as HTML
  Parameters: {"id"=>"4"}
  [1m[35mCats Load (0.6ms)[0m  SELECT "cats".* FROM "cats" WHERE "cats"."id" = ? LIMIT 1  [["id", "4"]]
  Rendered cats/show.html.erb within layouts/application (2.1ms)
Completed 500 Internal Server Error in 39ms

ActionView::Template::Error (undefined method `rate' for nil:NilClass):
    10: 
    11:  
    12: <h2>rates</h2>
    13: <% @cat.rate.each do |rate| %>
    14:  
    15:   <p>
    16:     <strong>rate:</strong>
  app/views/cats/show.html.erb:13:in `_app_views_cats_show_html_erb___3634998891681561282_69850261476720'


  Rendered /usr/lib/ruby/gems/1.9.1/gems/actionpack-4.0.2/lib/action_dispatch/middleware/templates/rescues/_trace.erb (77.3ms)
  Rendered /usr/lib/ruby/gems/1.9.1/gems/actionpack-4.0.2/lib/action_dispatch/middleware/templates/rescues/_request_and_response.erb (3.2ms)
  Rendered /usr/lib/ruby/gems/1.9.1/gems/actionpack-4.0.2/lib/action_dispatch/middleware/templates/rescues/template_error.erb within rescues/layout (100.0ms)


Started GET "/cats/4" for 127.0.0.1 at 2015-08-19 15:37:50 +0200
Processing by CatsController#show as HTML
  Parameters: {"id"=>"4"}
  [1m[36mCats Load (0.4ms)[0m  [1mSELECT "cats".* FROM "cats" WHERE "cats"."id" = ? LIMIT 1[0m  [["id", "4"]]
  Rendered cats/show.html.erb within layouts/application (3.7ms)
Completed 500 Internal Server Error in 19ms

ActionView::Template::Error (undefined method `rates' for nil:NilClass):
    10: 
    11:  
    12: <h2>rates</h2>
    13: <% @cat.rates.each do |rate| %>
    14:  
    15:   <p>
    16:     <strong>rate:</strong>
  app/views/cats/show.html.erb:13:in `_app_views_cats_show_html_erb___3634998891681561282_39216800'


  Rendered /usr/lib/ruby/gems/1.9.1/gems/actionpack-4.0.2/lib/action_dispatch/middleware/templates/rescues/_trace.erb (4.2ms)
  Rendered /usr/lib/ruby/gems/1.9.1/gems/actionpack-4.0.2/lib/action_dispatch/middleware/templates/rescues/_request_and_response.erb (2.9ms)
  Rendered /usr/lib/ruby/gems/1.9.1/gems/actionpack-4.0.2/lib/action_dispatch/middleware/templates/rescues/template_error.erb within rescues/layout (27.1ms)


Started GET "/cats/4" for 127.0.0.1 at 2015-08-19 15:38:04 +0200
Processing by CatsController#show as HTML
  Parameters: {"id"=>"4"}
  [1m[35mCats Load (0.6ms)[0m  SELECT "cats".* FROM "cats" WHERE "cats"."id" = ? LIMIT 1  [["id", "4"]]
  Rendered cats/show.html.erb within layouts/application (2.1ms)
Completed 500 Internal Server Error in 41ms

ActionView::Template::Error (undefined method `rates' for nil:NilClass):
    10: 
    11:  
    12: <h2>rates</h2>
    13: <% @cat.rates.each do |rate| %>
    14:  
    15:   <p>
    16:     <strong>rate:</strong>
  app/views/cats/show.html.erb:13:in `_app_views_cats_show_html_erb___3634998891681561282_39216800'


  Rendered /usr/lib/ruby/gems/1.9.1/gems/actionpack-4.0.2/lib/action_dispatch/middleware/templates/rescues/_trace.erb (3.9ms)
  Rendered /usr/lib/ruby/gems/1.9.1/gems/actionpack-4.0.2/lib/action_dispatch/middleware/templates/rescues/_request_and_response.erb (2.8ms)
  Rendered /usr/lib/ruby/gems/1.9.1/gems/actionpack-4.0.2/lib/action_dispatch/middleware/templates/rescues/template_error.erb within rescues/layout (26.1ms)


Started GET "/cats/4" for 127.0.0.1 at 2015-08-19 15:38:23 +0200
Processing by CatsController#show as HTML
  Parameters: {"id"=>"4"}
  [1m[36mCats Load (0.7ms)[0m  [1mSELECT "cats".* FROM "cats" WHERE "cats"."id" = ? LIMIT 1[0m  [["id", "4"]]
  Rendered cats/show.html.erb within layouts/application (4.7ms)
Completed 500 Internal Server Error in 41ms

ActionView::Template::Error (undefined method `rate' for nil:NilClass):
    10: 
    11:  
    12: <h2>rates</h2>
    13: <% @cat.rate.each do |rate| %>
    14:  
    15:   <p>
    16:     <strong>rate:</strong>
  app/views/cats/show.html.erb:13:in `_app_views_cats_show_html_erb___3634998891681561282_69850329443640'


  Rendered /usr/lib/ruby/gems/1.9.1/gems/actionpack-4.0.2/lib/action_dispatch/middleware/templates/rescues/_trace.erb (3.9ms)
  Rendered /usr/lib/ruby/gems/1.9.1/gems/actionpack-4.0.2/lib/action_dispatch/middleware/templates/rescues/_request_and_response.erb (3.1ms)
  Rendered /usr/lib/ruby/gems/1.9.1/gems/actionpack-4.0.2/lib/action_dispatch/middleware/templates/rescues/template_error.erb within rescues/layout (25.7ms)


Started GET "/cats/4" for 127.0.0.1 at 2015-08-19 15:38:58 +0200
Processing by CatsController#show as HTML
  Parameters: {"id"=>"4"}
  [1m[35mCats Load (0.6ms)[0m  SELECT "cats".* FROM "cats" WHERE "cats"."id" = ? LIMIT 1  [["id", "4"]]
  Rendered cats/show.html.erb within layouts/application (2.6ms)
Completed 500 Internal Server Error in 42ms

ActionView::Template::Error (undefined method `rate' for nil:NilClass):
    10: 
    11:  
    12: <h2>rates</h2>
    13: <% @cat.rate.each do |rate| %>
    14:  
    15:   <p>
    16:     <strong>rate:</strong>
  app/views/cats/show.html.erb:13:in `_app_views_cats_show_html_erb___3634998891681561282_69850329443640'


  Rendered /usr/lib/ruby/gems/1.9.1/gems/actionpack-4.0.2/lib/action_dispatch/middleware/templates/rescues/_trace.erb (3.4ms)
  Rendered /usr/lib/ruby/gems/1.9.1/gems/actionpack-4.0.2/lib/action_dispatch/middleware/templates/rescues/_request_and_response.erb (3.3ms)
  Rendered /usr/lib/ruby/gems/1.9.1/gems/actionpack-4.0.2/lib/action_dispatch/middleware/templates/rescues/template_error.erb within rescues/layout (27.4ms)


Started GET "/cats/4" for 127.0.0.1 at 2015-08-19 15:39:16 +0200
Processing by CatsController#show as HTML
  Parameters: {"id"=>"4"}
  [1m[36mCats Load (0.4ms)[0m  [1mSELECT "cats".* FROM "cats" WHERE "cats"."id" = ? LIMIT 1[0m  [["id", "4"]]
  Rendered cats/show.html.erb within layouts/application (13.3ms)
Completed 500 Internal Server Error in 35ms

ActionView::Template::Error (undefined method `rate' for #<Cats:0x007f0e9c57db20>):
    10: 
    11:  
    12: <h2>rates</h2>
    13: <% @cats.rate.each do |rate| %>
    14:  
    15:   <p>
    16:     <strong>rate:</strong>
  app/views/cats/show.html.erb:13:in `_app_views_cats_show_html_erb___3634998891681561282_69850367190280'


  Rendered /usr/lib/ruby/gems/1.9.1/gems/actionpack-4.0.2/lib/action_dispatch/middleware/templates/rescues/_trace.erb (6.0ms)
  Rendered /usr/lib/ruby/gems/1.9.1/gems/actionpack-4.0.2/lib/action_dispatch/middleware/templates/rescues/_request_and_response.erb (2.9ms)
  Rendered /usr/lib/ruby/gems/1.9.1/gems/actionpack-4.0.2/lib/action_dispatch/middleware/templates/rescues/template_error.erb within rescues/layout (27.6ms)


Started GET "/cats/4" for 127.0.0.1 at 2015-08-19 15:39:28 +0200
Processing by CatsController#show as HTML
  Parameters: {"id"=>"4"}
  [1m[35mCats Load (8.5ms)[0m  SELECT "cats".* FROM "cats" WHERE "cats"."id" = ? LIMIT 1  [["id", "4"]]
  [1m[36mRate Load (1.0ms)[0m  [1mSELECT "rates".* FROM "rates" WHERE "rates"."cats_id" = ?[0m  [[nil, 4]]
SQLite3::SQLException: no such column: rates.cats_id: SELECT "rates".* FROM "rates"  WHERE "rates"."cats_id" = ?
  Rendered cats/show.html.erb within layouts/application (217.4ms)
Completed 500 Internal Server Error in 235ms

ActionView::Template::Error (SQLite3::SQLException: no such column: rates.cats_id: SELECT "rates".* FROM "rates"  WHERE "rates"."cats_id" = ?):
    10: 
    11:  
    12: <h2>rates</h2>
    13: <% @cats.rates.each do |rate| %>
    14:  
    15:   <p>
    16:     <strong>rate:</strong>
  app/views/cats/show.html.erb:13:in `_app_views_cats_show_html_erb___3634998891681561282_69850363907220'


  Rendered /usr/lib/ruby/gems/1.9.1/gems/actionpack-4.0.2/lib/action_dispatch/middleware/templates/rescues/_trace.erb (4.0ms)
  Rendered /usr/lib/ruby/gems/1.9.1/gems/actionpack-4.0.2/lib/action_dispatch/middleware/templates/rescues/_request_and_response.erb (68.3ms)
  Rendered /usr/lib/ruby/gems/1.9.1/gems/actionpack-4.0.2/lib/action_dispatch/middleware/templates/rescues/template_error.erb within rescues/layout (91.2ms)


Started GET "/cats/4" for 127.0.0.1 at 2015-08-19 15:39:49 +0200
Processing by CatsController#show as HTML
  Parameters: {"id"=>"4"}
  [1m[35mCats Load (0.4ms)[0m  SELECT "cats".* FROM "cats" WHERE "cats"."id" = ? LIMIT 1  [["id", "4"]]
  Rendered cats/show.html.erb within layouts/application (6.4ms)
Completed 500 Internal Server Error in 22ms

ActionView::Template::Error (undefined method `rate' for #<Cats:0x007f0e9c2b78c8>):
    10: 
    11:  
    12: <h2>rates</h2>
    13: <% @cats.rate.each do |rate| %>
    14:  
    15:   <p>
    16:     <strong>rate:</strong>
  app/views/cats/show.html.erb:13:in `_app_views_cats_show_html_erb___3634998891681561282_69850362358140'


  Rendered /usr/lib/ruby/gems/1.9.1/gems/actionpack-4.0.2/lib/action_dispatch/middleware/templates/rescues/_trace.erb (3.4ms)
  Rendered /usr/lib/ruby/gems/1.9.1/gems/actionpack-4.0.2/lib/action_dispatch/middleware/templates/rescues/_request_and_response.erb (2.7ms)
  Rendered /usr/lib/ruby/gems/1.9.1/gems/actionpack-4.0.2/lib/action_dispatch/middleware/templates/rescues/template_error.erb within rescues/layout (25.1ms)
